{"/Users/macuser/Desktop/Massage-Therapy-FIREBASE-PRO/src/components/AppHeader.tsx":{"path":"/Users/macuser/Desktop/Massage-Therapy-FIREBASE-PRO/src/components/AppHeader.tsx","statementMap":{"0":{"start":{"line":3,"column":20},"end":{"line":3,"column":97}},"1":{"start":{"line":6,"column":0},"end":{"line":16,"column":1}},"2":{"start":{"line":7,"column":2},"end":{"line":11,"column":3}},"3":{"start":{"line":8,"column":4},"end":{"line":10,"column":6}},"4":{"start":{"line":12,"column":2},"end":{"line":12,"column":39}},"5":{"start":{"line":13,"column":2},"end":{"line":13,"column":39}},"6":{"start":{"line":14,"column":2},"end":{"line":14,"column":137}},"7":{"start":{"line":15,"column":2},"end":{"line":15,"column":75}},"8":{"start":{"line":18,"column":18},"end":{"line":46,"column":1}},"9":{"start":{"line":19,"column":2},"end":{"line":45,"column":11}},"10":{"start":{"line":47,"column":0},"end":{"line":47,"column":15}},"11":{"start":{"line":50,"column":0},"end":{"line":50,"column":30}},"12":{"start":{"line":51,"column":0},"end":{"line":54,"column":1}},"13":{"start":{"line":52,"column":2},"end":{"line":52,"column":39}},"14":{"start":{"line":53,"column":2},"end":{"line":53,"column":39}},"15":{"start":{"line":55,"column":0},"end":{"line":64,"column":1}},"16":{"start":{"line":56,"column":2},"end":{"line":63,"column":5}},"17":{"start":{"line":57,"column":4},"end":{"line":57,"column":150}},"18":{"start":{"line":58,"column":4},"end":{"line":62,"column":7}},"19":{"start":{"line":59,"column":6},"end":{"line":59,"column":31}},"20":{"start":{"line":59,"column":24},"end":{"line":59,"column":31}},"21":{"start":{"line":60,"column":32},"end":{"line":60,"column":199}},"22":{"start":{"line":61,"column":6},"end":{"line":61,"column":75}},"23":{"start":{"line":61,"column":29},"end":{"line":61,"column":75}}},"fnMap":{"0":{"name":"(anonymous_0)","decl":{"start":{"line":18,"column":18},"end":{"line":18,"column":19}},"loc":{"start":{"line":18,"column":24},"end":{"line":46,"column":1}},"line":18},"1":{"name":"(anonymous_1)","decl":{"start":{"line":56,"column":52},"end":{"line":56,"column":53}},"loc":{"start":{"line":56,"column":72},"end":{"line":63,"column":3}},"line":56},"2":{"name":"(anonymous_2)","decl":{"start":{"line":58,"column":27},"end":{"line":58,"column":28}},"loc":{"start":{"line":58,"column":44},"end":{"line":62,"column":5}},"line":58}},"branchMap":{"0":{"loc":{"start":{"line":3,"column":20},"end":{"line":3,"column":97}},"type":"binary-expr","locations":[{"start":{"line":3,"column":20},"end":{"line":3,"column":60}},{"start":{"line":3,"column":64},"end":{"line":3,"column":97}}],"line":3},"1":{"loc":{"start":{"line":6,"column":0},"end":{"line":16,"column":1}},"type":"if","locations":[{"start":{"line":6,"column":0},"end":{"line":16,"column":1}},{"start":{},"end":{}}],"line":6},"2":{"loc":{"start":{"line":6,"column":4},"end":{"line":6,"column":35}},"type":"binary-expr","locations":[{"start":{"line":6,"column":4},"end":{"line":6,"column":19}},{"start":{"line":6,"column":23},"end":{"line":6,"column":35}}],"line":6},"3":{"loc":{"start":{"line":7,"column":2},"end":{"line":11,"column":3}},"type":"if","locations":[{"start":{"line":7,"column":2},"end":{"line":11,"column":3}},{"start":{},"end":{}}],"line":7},"4":{"loc":{"start":{"line":51,"column":0},"end":{"line":54,"column":1}},"type":"if","locations":[{"start":{"line":51,"column":0},"end":{"line":54,"column":1}},{"start":{},"end":{}}],"line":51},"5":{"loc":{"start":{"line":51,"column":4},"end":{"line":51,"column":35}},"type":"binary-expr","locations":[{"start":{"line":51,"column":4},"end":{"line":51,"column":19}},{"start":{"line":51,"column":23},"end":{"line":51,"column":35}}],"line":51},"6":{"loc":{"start":{"line":55,"column":0},"end":{"line":64,"column":1}},"type":"if","locations":[{"start":{"line":55,"column":0},"end":{"line":64,"column":1}},{"start":{},"end":{}}],"line":55},"7":{"loc":{"start":{"line":55,"column":4},"end":{"line":55,"column":35}},"type":"binary-expr","locations":[{"start":{"line":55,"column":4},"end":{"line":55,"column":19}},{"start":{"line":55,"column":23},"end":{"line":55,"column":35}}],"line":55},"8":{"loc":{"start":{"line":59,"column":6},"end":{"line":59,"column":31}},"type":"if","locations":[{"start":{"line":59,"column":6},"end":{"line":59,"column":31}},{"start":{},"end":{}}],"line":59},"9":{"loc":{"start":{"line":61,"column":6},"end":{"line":61,"column":75}},"type":"if","locations":[{"start":{"line":61,"column":6},"end":{"line":61,"column":75}},{"start":{},"end":{}}],"line":61}},"s":{"0":1,"1":1,"2":1,"3":0,"4":1,"5":1,"6":1,"7":1,"8":1,"9":1,"10":1,"11":1,"12":1,"13":1,"14":1,"15":1,"16":1,"17":1,"18":1,"19":0,"20":0,"21":0,"22":0,"23":0},"f":{"0":1,"1":1,"2":0},"b":{"0":[1,0],"1":[1,0],"2":[1,1],"3":[0,1],"4":[1,0],"5":[1,1],"6":[1,0],"7":[1,1],"8":[0,0],"9":[0,0]},"inputSourceMap":{"version":3,"mappings":"AAMM;;;;;;;;;;;;;;;;AALN,OAAO;AAEP,MAAMA,YAAsBA,MAAM;AAChC,SACE,uBAAC,YAAO,WAAU,cAChB;AAAA,2BAAC,SAAI,KAAK,GAAGC,YAAYC,IAAIC,QAAQ,oBAAoB,KAAI,YAAW,WAAU,sBAAlF;AAAA;AAAA;AAAA;AAAA,WAAoG;AAAA,IACpG,uBAAC,SAAI,WAAU,sBACb;AAAA,6BAAC,UAAK,WAAU,0BAAyB,+BAAzC;AAAA;AAAA;AAAA;AAAA,aAAwD;AAAA,MACxD,uBAAC,UAAK,WAAU,6BAA4B,+BAA5C;AAAA;AAAA;AAAA;AAAA,aAA2D;AAAA,SAF7D;AAAA;AAAA;AAAA;AAAA,WAGA;AAAA,OALF;AAAA;AAAA;AAAA;AAAA,SAMA;AAEJ;AAAEC,KAVIJ;AAYN,eAAeA;AAAU,IAAAI;AAAAC,aAAAD,IAAA","names":["AppHeader","import","env","BASE_URL","_c","$RefreshReg$"],"ignoreList":[],"sources":["/Users/macuser/Desktop/Massage-Therapy-FIREBASE-PRO/src/components/AppHeader.tsx"],"file":"/Users/macuser/Desktop/Massage-Therapy-FIREBASE-PRO/src/components/AppHeader.tsx"},"_coverageSchema":"1a1c01bbd47fc00a2c39e90264f33305004495a9","hash":"0501f12afd9d8962374159acc1892f6905981d40"},"/Users/macuser/Desktop/Massage-Therapy-FIREBASE-PRO/src/components/NavBar.tsx":{"path":"/Users/macuser/Desktop/Massage-Therapy-FIREBASE-PRO/src/components/NavBar.tsx","statementMap":{"0":{"start":{"line":3,"column":20},"end":{"line":3,"column":97}},"1":{"start":{"line":6,"column":0},"end":{"line":16,"column":1}},"2":{"start":{"line":7,"column":2},"end":{"line":11,"column":3}},"3":{"start":{"line":8,"column":4},"end":{"line":10,"column":6}},"4":{"start":{"line":12,"column":2},"end":{"line":12,"column":39}},"5":{"start":{"line":13,"column":2},"end":{"line":13,"column":39}},"6":{"start":{"line":14,"column":2},"end":{"line":14,"column":134}},"7":{"start":{"line":15,"column":2},"end":{"line":15,"column":75}},"8":{"start":{"line":19,"column":15},"end":{"line":64,"column":8}},"9":{"start":{"line":19,"column":37},"end":{"line":64,"column":8}},"10":{"start":{"line":65,"column":0},"end":{"line":65,"column":12}},"11":{"start":{"line":68,"column":0},"end":{"line":68,"column":27}},"12":{"start":{"line":69,"column":0},"end":{"line":72,"column":1}},"13":{"start":{"line":70,"column":2},"end":{"line":70,"column":39}},"14":{"start":{"line":71,"column":2},"end":{"line":71,"column":39}},"15":{"start":{"line":73,"column":0},"end":{"line":82,"column":1}},"16":{"start":{"line":74,"column":2},"end":{"line":81,"column":5}},"17":{"start":{"line":75,"column":4},"end":{"line":75,"column":147}},"18":{"start":{"line":76,"column":4},"end":{"line":80,"column":7}},"19":{"start":{"line":77,"column":6},"end":{"line":77,"column":31}},"20":{"start":{"line":77,"column":24},"end":{"line":77,"column":31}},"21":{"start":{"line":78,"column":32},"end":{"line":78,"column":196}},"22":{"start":{"line":79,"column":6},"end":{"line":79,"column":75}},"23":{"start":{"line":79,"column":29},"end":{"line":79,"column":75}}},"fnMap":{"0":{"name":"(anonymous_0)","decl":{"start":{"line":19,"column":15},"end":{"line":19,"column":16}},"loc":{"start":{"line":19,"column":37},"end":{"line":64,"column":8}},"line":19},"1":{"name":"(anonymous_1)","decl":{"start":{"line":74,"column":52},"end":{"line":74,"column":53}},"loc":{"start":{"line":74,"column":72},"end":{"line":81,"column":3}},"line":74},"2":{"name":"(anonymous_2)","decl":{"start":{"line":76,"column":27},"end":{"line":76,"column":28}},"loc":{"start":{"line":76,"column":44},"end":{"line":80,"column":5}},"line":76}},"branchMap":{"0":{"loc":{"start":{"line":3,"column":20},"end":{"line":3,"column":97}},"type":"binary-expr","locations":[{"start":{"line":3,"column":20},"end":{"line":3,"column":60}},{"start":{"line":3,"column":64},"end":{"line":3,"column":97}}],"line":3},"1":{"loc":{"start":{"line":6,"column":0},"end":{"line":16,"column":1}},"type":"if","locations":[{"start":{"line":6,"column":0},"end":{"line":16,"column":1}},{"start":{},"end":{}}],"line":6},"2":{"loc":{"start":{"line":6,"column":4},"end":{"line":6,"column":35}},"type":"binary-expr","locations":[{"start":{"line":6,"column":4},"end":{"line":6,"column":19}},{"start":{"line":6,"column":23},"end":{"line":6,"column":35}}],"line":6},"3":{"loc":{"start":{"line":7,"column":2},"end":{"line":11,"column":3}},"type":"if","locations":[{"start":{"line":7,"column":2},"end":{"line":11,"column":3}},{"start":{},"end":{}}],"line":7},"4":{"loc":{"start":{"line":69,"column":0},"end":{"line":72,"column":1}},"type":"if","locations":[{"start":{"line":69,"column":0},"end":{"line":72,"column":1}},{"start":{},"end":{}}],"line":69},"5":{"loc":{"start":{"line":69,"column":4},"end":{"line":69,"column":35}},"type":"binary-expr","locations":[{"start":{"line":69,"column":4},"end":{"line":69,"column":19}},{"start":{"line":69,"column":23},"end":{"line":69,"column":35}}],"line":69},"6":{"loc":{"start":{"line":73,"column":0},"end":{"line":82,"column":1}},"type":"if","locations":[{"start":{"line":73,"column":0},"end":{"line":82,"column":1}},{"start":{},"end":{}}],"line":73},"7":{"loc":{"start":{"line":73,"column":4},"end":{"line":73,"column":35}},"type":"binary-expr","locations":[{"start":{"line":73,"column":4},"end":{"line":73,"column":19}},{"start":{"line":73,"column":23},"end":{"line":73,"column":35}}],"line":73},"8":{"loc":{"start":{"line":77,"column":6},"end":{"line":77,"column":31}},"type":"if","locations":[{"start":{"line":77,"column":6},"end":{"line":77,"column":31}},{"start":{},"end":{}}],"line":77},"9":{"loc":{"start":{"line":79,"column":6},"end":{"line":79,"column":75}},"type":"if","locations":[{"start":{"line":79,"column":6},"end":{"line":79,"column":75}},{"start":{},"end":{}}],"line":79}},"s":{"0":1,"1":1,"2":1,"3":0,"4":1,"5":1,"6":1,"7":1,"8":1,"9":1,"10":1,"11":1,"12":1,"13":1,"14":1,"15":1,"16":1,"17":1,"18":1,"19":0,"20":0,"21":0,"22":0,"23":0},"f":{"0":1,"1":1,"2":0},"b":{"0":[1,0],"1":[1,0],"2":[1,1],"3":[0,1],"4":[1,0],"5":[1,1],"6":[1,0],"7":[1,1],"8":[0,0],"9":[0,0]},"inputSourceMap":{"version":3,"mappings":"AAOU;;;;;;;;;;;;;;;;AANV,SAASA,YAAY;AACrB,OAAO;AAEP,MAAMC,SAAmBA,MACvB,uBAAC,SAAI,WAAU,UAAS,MAAK,cAAa,cAAW,mBACnD,iCAAC,QACC;AAAA,yBAAC,QAAG,iCAAC,QAAK,IAAG,SAAQ,cAAW,mBAAkB,MAAK,QAAO,oBAA1D;AAAA;AAAA;AAAA;AAAA,SAA8D,KAAlE;AAAA;AAAA;AAAA;AAAA,SAAyE;AAAA,EACzE,uBAAC,QAAG,iCAAC,QAAK,IAAG,iBAAgB,cAAW,2BAA0B,MAAK,QAAO,4BAA1E;AAAA;AAAA;AAAA;AAAA,SAAsF,KAA1F;AAAA;AAAA;AAAA;AAAA,SAAiG;AAAA,EACjG,uBAAC,QAAG,iCAAC,QAAK,IAAG,cAAa,cAAW,wBAAuB,MAAK,QAAO,yBAApE;AAAA;AAAA;AAAA;AAAA,SAA6E,KAAjF;AAAA;AAAA;AAAA;AAAA,SAAwF;AAAA,EACxF,uBAAC,QAAG,iCAAC,QAAK,IAAG,YAAW,cAAW,sBAAqB,MAAK,QAAO,uBAAhE;AAAA;AAAA;AAAA;AAAA,SAAuE,KAA3E;AAAA;AAAA;AAAA;AAAA,SAAkF;AAAA,KAJpF;AAAA;AAAA;AAAA;AAAA,OAKA,KANF;AAAA;AAAA;AAAA;AAAA,OAOA;AACAC,KATID;AAWN,eAAeA;AAAO,IAAAC;AAAAC,aAAAD,IAAA","names":["Link","NavBar","_c","$RefreshReg$"],"ignoreList":[],"sources":["/Users/macuser/Desktop/Massage-Therapy-FIREBASE-PRO/src/components/NavBar.tsx"],"file":"/Users/macuser/Desktop/Massage-Therapy-FIREBASE-PRO/src/components/NavBar.tsx"},"_coverageSchema":"1a1c01bbd47fc00a2c39e90264f33305004495a9","hash":"9513ce1f685783e829b02accc481c38078ea8f41"},"/Users/macuser/Desktop/Massage-Therapy-FIREBASE-PRO/src/firebase/firebaseConfig.ts":{"path":"/Users/macuser/Desktop/Massage-Therapy-FIREBASE-PRO/src/firebase/firebaseConfig.ts","statementMap":{"0":{"start":{"line":5,"column":23},"end":{"line":13,"column":1}},"1":{"start":{"line":14,"column":12},"end":{"line":14,"column":41}},"2":{"start":{"line":15,"column":18},"end":{"line":15,"column":35}},"3":{"start":{"line":16,"column":20},"end":{"line":16,"column":32}},"4":{"start":{"line":17,"column":0},"end":{"line":34,"column":1}},"5":{"start":{"line":18,"column":22},"end":{"line":18,"column":125}},"6":{"start":{"line":19,"column":2},"end":{"line":33,"column":3}},"7":{"start":{"line":20,"column":4},"end":{"line":32,"column":5}},"8":{"start":{"line":21,"column":27},"end":{"line":21,"column":71}},"9":{"start":{"line":22,"column":6},"end":{"line":29,"column":7}},"10":{"start":{"line":23,"column":29},"end":{"line":23,"column":52}},"11":{"start":{"line":24,"column":8},"end":{"line":24,"column":57}},"12":{"start":{"line":25,"column":8},"end":{"line":25,"column":85}},"13":{"start":{"line":27,"column":8},"end":{"line":27,"column":56}},"14":{"start":{"line":28,"column":8},"end":{"line":28,"column":83}},"15":{"start":{"line":31,"column":6},"end":{"line":31,"column":67}},"16":{"start":{"line":35,"column":0},"end":{"line":52,"column":1}},"17":{"start":{"line":36,"column":22},"end":{"line":36,"column":174}},"18":{"start":{"line":37,"column":2},"end":{"line":51,"column":3}},"19":{"start":{"line":38,"column":4},"end":{"line":50,"column":5}},"20":{"start":{"line":39,"column":27},"end":{"line":39,"column":118}},"21":{"start":{"line":40,"column":6},"end":{"line":47,"column":7}},"22":{"start":{"line":41,"column":29},"end":{"line":41,"column":75}},"23":{"start":{"line":42,"column":8},"end":{"line":42,"column":60}},"24":{"start":{"line":43,"column":8},"end":{"line":43,"column":80}},"25":{"start":{"line":45,"column":8},"end":{"line":45,"column":59}},"26":{"start":{"line":46,"column":8},"end":{"line":46,"column":78}},"27":{"start":{"line":49,"column":6},"end":{"line":49,"column":62}},"28":{"start":{"line":53,"column":16},"end":{"line":53,"column":20}},"29":{"start":{"line":54,"column":0},"end":{"line":60,"column":1}},"30":{"start":{"line":55,"column":2},"end":{"line":59,"column":5}},"31":{"start":{"line":56,"column":4},"end":{"line":58,"column":5}},"32":{"start":{"line":57,"column":6},"end":{"line":57,"column":36}}},"fnMap":{"0":{"name":"(anonymous_0)","decl":{"start":{"line":55,"column":21},"end":{"line":55,"column":22}},"loc":{"start":{"line":55,"column":36},"end":{"line":59,"column":3}},"line":55}},"branchMap":{"0":{"loc":{"start":{"line":17,"column":0},"end":{"line":34,"column":1}},"type":"if","locations":[{"start":{"line":17,"column":0},"end":{"line":34,"column":1}},{"start":{},"end":{}}],"line":17},"1":{"loc":{"start":{"line":17,"column":4},"end":{"line":17,"column":75}},"type":"binary-expr","locations":[{"start":{"line":17,"column":4},"end":{"line":17,"column":33}},{"start":{"line":17,"column":37},"end":{"line":17,"column":75}}],"line":17},"2":{"loc":{"start":{"line":18,"column":22},"end":{"line":18,"column":125}},"type":"binary-expr","locations":[{"start":{"line":18,"column":22},"end":{"line":18,"column":75}},{"start":{"line":18,"column":79},"end":{"line":18,"column":125}}],"line":18},"3":{"loc":{"start":{"line":19,"column":2},"end":{"line":33,"column":3}},"type":"if","locations":[{"start":{"line":19,"column":2},"end":{"line":33,"column":3}},{"start":{},"end":{}}],"line":19},"4":{"loc":{"start":{"line":22,"column":6},"end":{"line":29,"column":7}},"type":"if","locations":[{"start":{"line":22,"column":6},"end":{"line":29,"column":7}},{"start":{"line":26,"column":13},"end":{"line":29,"column":7}}],"line":22},"5":{"loc":{"start":{"line":35,"column":0},"end":{"line":52,"column":1}},"type":"if","locations":[{"start":{"line":35,"column":0},"end":{"line":52,"column":1}},{"start":{},"end":{}}],"line":35},"6":{"loc":{"start":{"line":35,"column":4},"end":{"line":35,"column":75}},"type":"binary-expr","locations":[{"start":{"line":35,"column":4},"end":{"line":35,"column":33}},{"start":{"line":35,"column":37},"end":{"line":35,"column":75}}],"line":35},"7":{"loc":{"start":{"line":36,"column":22},"end":{"line":36,"column":174}},"type":"binary-expr","locations":[{"start":{"line":36,"column":22},"end":{"line":36,"column":75}},{"start":{"line":36,"column":79},"end":{"line":36,"column":129}},{"start":{"line":36,"column":133},"end":{"line":36,"column":174}}],"line":36},"8":{"loc":{"start":{"line":37,"column":2},"end":{"line":51,"column":3}},"type":"if","locations":[{"start":{"line":37,"column":2},"end":{"line":51,"column":3}},{"start":{},"end":{}}],"line":37},"9":{"loc":{"start":{"line":39,"column":27},"end":{"line":39,"column":118}},"type":"binary-expr","locations":[{"start":{"line":39,"column":27},"end":{"line":39,"column":75}},{"start":{"line":39,"column":79},"end":{"line":39,"column":118}}],"line":39},"10":{"loc":{"start":{"line":40,"column":6},"end":{"line":47,"column":7}},"type":"if","locations":[{"start":{"line":40,"column":6},"end":{"line":47,"column":7}},{"start":{"line":44,"column":13},"end":{"line":47,"column":7}}],"line":40},"11":{"loc":{"start":{"line":54,"column":0},"end":{"line":60,"column":1}},"type":"if","locations":[{"start":{"line":54,"column":0},"end":{"line":60,"column":1}},{"start":{},"end":{}}],"line":54},"12":{"loc":{"start":{"line":56,"column":4},"end":{"line":58,"column":5}},"type":"if","locations":[{"start":{"line":56,"column":4},"end":{"line":58,"column":5}},{"start":{},"end":{}}],"line":56}},"s":{"0":1,"1":1,"2":1,"3":1,"4":1,"5":1,"6":1,"7":1,"8":1,"9":1,"10":1,"11":1,"12":1,"13":0,"14":0,"15":0,"16":1,"17":1,"18":1,"19":1,"20":1,"21":1,"22":1,"23":1,"24":1,"25":0,"26":0,"27":0,"28":1,"29":1,"30":1,"31":1,"32":1},"f":{"0":1},"b":{"0":[1,0],"1":[1,1],"2":[1,1],"3":[1,0],"4":[1,0],"5":[1,0],"6":[1,1],"7":[1,1,0],"8":[1,0],"9":[1,0],"10":[1,0],"11":[1,0],"12":[1,0]},"inputSourceMap":{"version":3,"sources":["/Users/macuser/Desktop/Massage-Therapy-FIREBASE-PRO/src/firebase/firebaseConfig.ts"],"mappings":"AAAA,SAAS,qBAAqB;AAC9B,SAAS,cAAc,gCAAgC;AACvD,SAAS,cAAc,YAAY,kBAAkB,mBAAmB;AACxE,SAAS,SAAS,2BAA2B;AAE7C,MAAM,iBAAiB;AAAA,EACrB,QAAQ;AAAA,EACR,YAAY;AAAA,EACZ,WAAW;AAAA,EACX,eAAe;AAAA,EACf,mBAAmB;AAAA,EACnB,OAAO;AAAA,EACP,eAAe;AACjB;AAEA,MAAM,MAAM,cAAc,cAAc;AACjC,aAAM,KAAK,aAAa,GAAG;AAC3B,aAAM,OAAO,QAAQ,GAAG;AAG/B,IAAI,OAAO,WAAW,eAAe,YAAY,IAAI,SAAS,eAAe;AAC3E,QAAM,cACJ,YAAY,IAAI,+BAA+B,UAC/C,CAAC,CAAC,YAAY,IAAI;AACpB,MAAI,aAAa;AACf,QAAI;AACF,YAAM,eAAe,YAAY,IAAI;AACrC,UAAI,cAAc;AAChB,cAAM,CAAC,MAAM,IAAI,IAAI,aAAa,MAAM,GAAG;AAC3C,iCAAyB,IAAI,MAAM,OAAO,IAAI,CAAC;AAC/C,gBAAQ,IAAI,sCAAsC,IAAI,IAAI,IAAI,aAAa;AAAA,MAC7E,OAAO;AACL,iCAAyB,IAAI,aAAa,IAAI;AAC9C,gBAAQ,IAAI,6DAA6D;AAAA,MAC3E;AAAA,IACF,SAAS,KAAK;AAEZ,cAAQ,KAAK,2CAA2C,GAAG;AAAA,IAC7D;AAAA,EACF;AACF;AAGA,IAAI,OAAO,WAAW,eAAe,YAAY,IAAI,SAAS,eAAe;AAC3E,QAAM,cACJ,YAAY,IAAI,+BAA+B,UAC/C,CAAC,CAAC,YAAY,IAAI,oCAClB,CAAC,CAAC,YAAY,IAAI;AACpB,MAAI,aAAa;AACf,QAAI;AACF,YAAM,eAAe,YAAY,IAAI,oCAAoC,YAAY,IAAI;AACzF,UAAI,cAAc;AAChB,cAAM,CAAC,MAAM,IAAI,IAAI,aAAa,QAAQ,WAAW,EAAE,EAAE,MAAM,GAAG;AAClE,4BAAoB,MAAM,UAAU,IAAI,IAAI,IAAI,EAAE;AAClD,gBAAQ,IAAI,iCAAiC,IAAI,IAAI,IAAI,aAAa;AAAA,MACxE,OAAO;AACL,4BAAoB,MAAM,uBAAuB;AACjD,gBAAQ,IAAI,wDAAwD;AAAA,MACtE;AAAA,IACF,SAAS,KAAK;AACZ,cAAQ,KAAK,sCAAsC,GAAG;AAAA,IACxD;AAAA,EACF;AACF;AAGA,IAAI,YAAoD;AACxD,IAAI,OAAO,WAAW,aAAa;AACjC,cAAY,EAAE,KAAK,CAAC,cAAc;AAChC,QAAI,WAAW;AACb,kBAAY,aAAa,GAAG;AAAA,IAC9B;AAAA,EACF,CAAC;AACH;AAEA,SAAS,KAAK,WAAW,kBAAkB;","names":[]},"_coverageSchema":"1a1c01bbd47fc00a2c39e90264f33305004495a9","hash":"57adbc0cbc73b137a3b62114176365a6f3aff317"},"/Users/macuser/Desktop/Massage-Therapy-FIREBASE-PRO/src/questions/index.ts":{"path":"/Users/macuser/Desktop/Massage-Therapy-FIREBASE-PRO/src/questions/index.ts","statementMap":{"0":{"start":{"line":3,"column":28},"end":{"line":6,"column":1}},"1":{"start":{"line":4,"column":19},"end":{"line":4,"column":66}},"2":{"start":{"line":5,"column":2},"end":{"line":5,"column":69}},"3":{"start":{"line":5,"column":37},"end":{"line":5,"column":66}}},"fnMap":{"0":{"name":"(anonymous_0)","decl":{"start":{"line":3,"column":28},"end":{"line":3,"column":29}},"loc":{"start":{"line":3,"column":40},"end":{"line":6,"column":1}},"line":3},"1":{"name":"(anonymous_1)","decl":{"start":{"line":5,"column":27},"end":{"line":5,"column":28}},"loc":{"start":{"line":5,"column":37},"end":{"line":5,"column":66}},"line":5}},"branchMap":{},"s":{"0":1,"1":0,"2":0,"3":0},"f":{"0":0,"1":0},"b":{},"inputSourceMap":{"version":3,"sources":["/Users/macuser/Desktop/Massage-Therapy-FIREBASE-PRO/src/questions/index.ts"],"mappings":"AAAA,SAAS,UAAU;AACnB,SAAS,iBAAiB,eAAe;AAGlC,aAAM,eAAe,YAAiC;AAC3D,QAAM,WAAW,MAAM,QAAQ,gBAAgB,IAAI,WAAW,CAAC;AAC/D,SAAO,SAAS,KAAK,IAAI,UAAQ,EAAE,IAAI,IAAI,IAAI,GAAG,IAAI,KAAK,EAAE,EAAc;AAC7E;","names":[]},"_coverageSchema":"1a1c01bbd47fc00a2c39e90264f33305004495a9","hash":"fea2de0126d9a00e5669459765268024248bcfc5"},"/Users/macuser/Desktop/Massage-Therapy-FIREBASE-PRO/src/bookmarks/index.ts":{"path":"/Users/macuser/Desktop/Massage-Therapy-FIREBASE-PRO/src/bookmarks/index.ts","statementMap":{"0":{"start":{"line":11,"column":27},"end":{"line":17,"column":1}},"1":{"start":{"line":12,"column":2},"end":{"line":16,"column":5}},"2":{"start":{"line":18,"column":28},"end":{"line":22,"column":1}},"3":{"start":{"line":19,"column":12},"end":{"line":19,"column":77}},"4":{"start":{"line":20,"column":19},"end":{"line":20,"column":35}},"5":{"start":{"line":21,"column":2},"end":{"line":21,"column":72}},"6":{"start":{"line":21,"column":38},"end":{"line":21,"column":69}},"7":{"start":{"line":23,"column":30},"end":{"line":25,"column":1}},"8":{"start":{"line":24,"column":2},"end":{"line":24,"column":52}}},"fnMap":{"0":{"name":"(anonymous_0)","decl":{"start":{"line":11,"column":27},"end":{"line":11,"column":28}},"loc":{"start":{"line":11,"column":55},"end":{"line":17,"column":1}},"line":11},"1":{"name":"(anonymous_1)","decl":{"start":{"line":18,"column":28},"end":{"line":18,"column":29}},"loc":{"start":{"line":18,"column":46},"end":{"line":22,"column":1}},"line":18},"2":{"name":"(anonymous_2)","decl":{"start":{"line":21,"column":27},"end":{"line":21,"column":28}},"loc":{"start":{"line":21,"column":38},"end":{"line":21,"column":69}},"line":21},"3":{"name":"(anonymous_3)","decl":{"start":{"line":23,"column":30},"end":{"line":23,"column":31}},"loc":{"start":{"line":23,"column":52},"end":{"line":25,"column":1}},"line":23}},"branchMap":{},"s":{"0":1,"1":0,"2":1,"3":0,"4":0,"5":0,"6":0,"7":1,"8":0},"f":{"0":0,"1":0,"2":0,"3":0},"b":{},"inputSourceMap":{"version":3,"sources":["/Users/macuser/Desktop/Massage-Therapy-FIREBASE-PRO/src/bookmarks/index.ts"],"mappings":"AAAA,SAAS,UAAU;AACnB;AAAA,EACE;AAAA,EAAY;AAAA,EAAQ;AAAA,EAAS;AAAA,EAAO;AAAA,EAAO;AAAA,EAAW;AAAA,OACjD;AAEA,aAAM,cAAc,OAAO,QAAgB,aAAkB;AAClE,QAAM,OAAO,WAAW,IAAI,WAAW,GAAG;AAAA,IACxC;AAAA,IACA,GAAG;AAAA,IACH,WAAW,oBAAI,KAAK;AAAA,EACtB,CAAC;AACH;AAEO,aAAM,eAAe,OAAO,WAAmB;AACpD,QAAM,IAAI,MAAM,WAAW,IAAI,WAAW,GAAG,MAAM,UAAU,MAAM,MAAM,CAAC;AAC1E,QAAM,WAAW,MAAM,QAAQ,CAAC;AAChC,SAAO,SAAS,KAAK,IAAI,CAAAA,UAAQ,EAAE,IAAIA,KAAI,IAAI,GAAGA,KAAI,KAAK,EAAE,EAAE;AACjE;AAEO,aAAM,iBAAiB,OAAO,eAAuB;AAC1D,QAAM,UAAU,IAAI,IAAI,aAAa,UAAU,CAAC;AAClD;","names":["doc"]},"_coverageSchema":"1a1c01bbd47fc00a2c39e90264f33305004495a9","hash":"beb5bb27e97a056b1d99ffd7544699f2bb92f128"},"/Users/macuser/Desktop/Massage-Therapy-FIREBASE-PRO/src/components/Quiz/QuizOptionIndicator.tsx":{"path":"/Users/macuser/Desktop/Massage-Therapy-FIREBASE-PRO/src/components/Quiz/QuizOptionIndicator.tsx","statementMap":{"0":{"start":{"line":3,"column":20},"end":{"line":3,"column":97}},"1":{"start":{"line":6,"column":0},"end":{"line":16,"column":1}},"2":{"start":{"line":7,"column":2},"end":{"line":11,"column":3}},"3":{"start":{"line":8,"column":4},"end":{"line":10,"column":6}},"4":{"start":{"line":12,"column":2},"end":{"line":12,"column":39}},"5":{"start":{"line":13,"column":2},"end":{"line":13,"column":39}},"6":{"start":{"line":14,"column":2},"end":{"line":14,"column":152}},"7":{"start":{"line":15,"column":2},"end":{"line":15,"column":75}},"8":{"start":{"line":17,"column":28},"end":{"line":34,"column":1}},"9":{"start":{"line":18,"column":2},"end":{"line":22,"column":11}},"10":{"start":{"line":18,"column":17},"end":{"line":22,"column":11}},"11":{"start":{"line":23,"column":2},"end":{"line":27,"column":11}},"12":{"start":{"line":23,"column":19},"end":{"line":27,"column":11}},"13":{"start":{"line":28,"column":2},"end":{"line":32,"column":11}},"14":{"start":{"line":28,"column":18},"end":{"line":32,"column":11}},"15":{"start":{"line":33,"column":2},"end":{"line":33,"column":14}},"16":{"start":{"line":35,"column":0},"end":{"line":35,"column":25}},"17":{"start":{"line":38,"column":0},"end":{"line":38,"column":40}},"18":{"start":{"line":39,"column":0},"end":{"line":42,"column":1}},"19":{"start":{"line":40,"column":2},"end":{"line":40,"column":39}},"20":{"start":{"line":41,"column":2},"end":{"line":41,"column":39}},"21":{"start":{"line":43,"column":0},"end":{"line":52,"column":1}},"22":{"start":{"line":44,"column":2},"end":{"line":51,"column":5}},"23":{"start":{"line":45,"column":4},"end":{"line":45,"column":165}},"24":{"start":{"line":46,"column":4},"end":{"line":50,"column":7}},"25":{"start":{"line":47,"column":6},"end":{"line":47,"column":31}},"26":{"start":{"line":47,"column":24},"end":{"line":47,"column":31}},"27":{"start":{"line":48,"column":32},"end":{"line":48,"column":214}},"28":{"start":{"line":49,"column":6},"end":{"line":49,"column":75}},"29":{"start":{"line":49,"column":29},"end":{"line":49,"column":75}}},"fnMap":{"0":{"name":"(anonymous_0)","decl":{"start":{"line":17,"column":28},"end":{"line":17,"column":29}},"loc":{"start":{"line":17,"column":72},"end":{"line":34,"column":1}},"line":17},"1":{"name":"(anonymous_1)","decl":{"start":{"line":44,"column":52},"end":{"line":44,"column":53}},"loc":{"start":{"line":44,"column":72},"end":{"line":51,"column":3}},"line":44},"2":{"name":"(anonymous_2)","decl":{"start":{"line":46,"column":27},"end":{"line":46,"column":28}},"loc":{"start":{"line":46,"column":44},"end":{"line":50,"column":5}},"line":46}},"branchMap":{"0":{"loc":{"start":{"line":3,"column":20},"end":{"line":3,"column":97}},"type":"binary-expr","locations":[{"start":{"line":3,"column":20},"end":{"line":3,"column":60}},{"start":{"line":3,"column":64},"end":{"line":3,"column":97}}],"line":3},"1":{"loc":{"start":{"line":6,"column":0},"end":{"line":16,"column":1}},"type":"if","locations":[{"start":{"line":6,"column":0},"end":{"line":16,"column":1}},{"start":{},"end":{}}],"line":6},"2":{"loc":{"start":{"line":6,"column":4},"end":{"line":6,"column":35}},"type":"binary-expr","locations":[{"start":{"line":6,"column":4},"end":{"line":6,"column":19}},{"start":{"line":6,"column":23},"end":{"line":6,"column":35}}],"line":6},"3":{"loc":{"start":{"line":7,"column":2},"end":{"line":11,"column":3}},"type":"if","locations":[{"start":{"line":7,"column":2},"end":{"line":11,"column":3}},{"start":{},"end":{}}],"line":7},"4":{"loc":{"start":{"line":18,"column":2},"end":{"line":22,"column":11}},"type":"if","locations":[{"start":{"line":18,"column":2},"end":{"line":22,"column":11}},{"start":{},"end":{}}],"line":18},"5":{"loc":{"start":{"line":23,"column":2},"end":{"line":27,"column":11}},"type":"if","locations":[{"start":{"line":23,"column":2},"end":{"line":27,"column":11}},{"start":{},"end":{}}],"line":23},"6":{"loc":{"start":{"line":28,"column":2},"end":{"line":32,"column":11}},"type":"if","locations":[{"start":{"line":28,"column":2},"end":{"line":32,"column":11}},{"start":{},"end":{}}],"line":28},"7":{"loc":{"start":{"line":39,"column":0},"end":{"line":42,"column":1}},"type":"if","locations":[{"start":{"line":39,"column":0},"end":{"line":42,"column":1}},{"start":{},"end":{}}],"line":39},"8":{"loc":{"start":{"line":39,"column":4},"end":{"line":39,"column":35}},"type":"binary-expr","locations":[{"start":{"line":39,"column":4},"end":{"line":39,"column":19}},{"start":{"line":39,"column":23},"end":{"line":39,"column":35}}],"line":39},"9":{"loc":{"start":{"line":43,"column":0},"end":{"line":52,"column":1}},"type":"if","locations":[{"start":{"line":43,"column":0},"end":{"line":52,"column":1}},{"start":{},"end":{}}],"line":43},"10":{"loc":{"start":{"line":43,"column":4},"end":{"line":43,"column":35}},"type":"binary-expr","locations":[{"start":{"line":43,"column":4},"end":{"line":43,"column":19}},{"start":{"line":43,"column":23},"end":{"line":43,"column":35}}],"line":43},"11":{"loc":{"start":{"line":47,"column":6},"end":{"line":47,"column":31}},"type":"if","locations":[{"start":{"line":47,"column":6},"end":{"line":47,"column":31}},{"start":{},"end":{}}],"line":47},"12":{"loc":{"start":{"line":49,"column":6},"end":{"line":49,"column":75}},"type":"if","locations":[{"start":{"line":49,"column":6},"end":{"line":49,"column":75}},{"start":{},"end":{}}],"line":49}},"s":{"0":1,"1":1,"2":1,"3":0,"4":1,"5":1,"6":1,"7":1,"8":1,"9":0,"10":0,"11":0,"12":0,"13":0,"14":0,"15":0,"16":1,"17":1,"18":1,"19":1,"20":1,"21":1,"22":1,"23":1,"24":1,"25":0,"26":0,"27":0,"28":0,"29":0},"f":{"0":0,"1":1,"2":0},"b":{"0":[1,0],"1":[1,0],"2":[1,1],"3":[0,1],"4":[0,0],"5":[0,0],"6":[0,0],"7":[1,0],"8":[1,1],"9":[1,0],"10":[1,1],"11":[0,0],"12":[0,0]},"inputSourceMap":{"version":3,"mappings":"AASwB;;;;;;;;;;;;;;;;AADxB,MAAMA,sBAA0DA,CAAC,EAAEC,WAAWC,aAAaC,WAAW,MAAM;AAC1G,MAAIF,UAAW,QAAO,uBAAC,UAAK,WAAU,iCAAgC,OAAM,WAAU,OAAO,EAAEG,YAAY,EAAE,GAAG,kBAA1F;AAAA;AAAA;AAAA;AAAA,SAA4F;AAClH,MAAIF,YAAa,QAAO,uBAAC,UAAK,WAAU,mCAAkC,OAAM,aAAY,OAAO,EAAEE,YAAY,EAAE,GAAG,iBAA9F;AAAA;AAAA;AAAA;AAAA,SAA+F;AACvH,MAAID,WAAY,QAAO,uBAAC,UAAK,WAAU,kCAAiC,OAAM,YAAW,OAAO,EAAEC,YAAY,EAAE,GAAG,iBAA5F;AAAA;AAAA;AAAA;AAAA,SAA6F;AACpH,SAAO;AACT;AAAEC,KALIL;AAON,eAAeA;AAAoB,IAAAK;AAAAC,aAAAD,IAAA","names":["QuizOptionIndicator","isCorrect","isIncorrect","isSelected","marginLeft","_c","$RefreshReg$"],"ignoreList":[],"sources":["/Users/macuser/Desktop/Massage-Therapy-FIREBASE-PRO/src/components/Quiz/QuizOptionIndicator.tsx"],"file":"/Users/macuser/Desktop/Massage-Therapy-FIREBASE-PRO/src/components/Quiz/QuizOptionIndicator.tsx"},"_coverageSchema":"1a1c01bbd47fc00a2c39e90264f33305004495a9","hash":"2115d920bbb879afa02d5f27fe491f2118a00ecf"},"/Users/macuser/Desktop/Massage-Therapy-FIREBASE-PRO/src/components/Quiz/QuizOption.tsx":{"path":"/Users/macuser/Desktop/Massage-Therapy-FIREBASE-PRO/src/components/Quiz/QuizOption.tsx","statementMap":{"0":{"start":{"line":3,"column":20},"end":{"line":3,"column":97}},"1":{"start":{"line":6,"column":0},"end":{"line":16,"column":1}},"2":{"start":{"line":7,"column":2},"end":{"line":11,"column":3}},"3":{"start":{"line":8,"column":4},"end":{"line":10,"column":6}},"4":{"start":{"line":12,"column":2},"end":{"line":12,"column":39}},"5":{"start":{"line":13,"column":2},"end":{"line":13,"column":39}},"6":{"start":{"line":14,"column":2},"end":{"line":14,"column":143}},"7":{"start":{"line":15,"column":2},"end":{"line":15,"column":75}},"8":{"start":{"line":17,"column":9},"end":{"line":17,"column":23}},"9":{"start":{"line":20,"column":19},"end":{"line":188,"column":1}},"10":{"start":{"line":36,"column":2},"end":{"line":36,"column":7}},"11":{"start":{"line":37,"column":20},"end":{"line":37,"column":40}},"12":{"start":{"line":38,"column":19},"end":{"line":38,"column":32}},"13":{"start":{"line":39,"column":20},"end":{"line":39,"column":34}},"14":{"start":{"line":40,"column":24},"end":{"line":40,"column":31}},"15":{"start":{"line":41,"column":2},"end":{"line":50,"column":22}},"16":{"start":{"line":42,"column":4},"end":{"line":49,"column":5}},"17":{"start":{"line":43,"column":17},"end":{"line":43,"column":55}},"18":{"start":{"line":44,"column":6},"end":{"line":48,"column":7}},"19":{"start":{"line":45,"column":20},"end":{"line":45,"column":78}},"20":{"start":{"line":46,"column":8},"end":{"line":47,"column":9}},"21":{"start":{"line":51,"column":22},"end":{"line":51,"column":40}},"22":{"start":{"line":52,"column":27},"end":{"line":52,"column":50}},"23":{"start":{"line":53,"column":2},"end":{"line":58,"column":46}},"24":{"start":{"line":54,"column":4},"end":{"line":57,"column":5}},"25":{"start":{"line":55,"column":18},"end":{"line":55,"column":34}},"26":{"start":{"line":56,"column":6},"end":{"line":56,"column":43}},"27":{"start":{"line":56,"column":23},"end":{"line":56,"column":43}},"28":{"start":{"line":59,"column":27},"end":{"line":59,"column":43}},"29":{"start":{"line":60,"column":2},"end":{"line":62,"column":17}},"30":{"start":{"line":61,"column":4},"end":{"line":61,"column":34}},"31":{"start":{"line":63,"column":21},"end":{"line":66,"column":3}},"32":{"start":{"line":64,"column":4},"end":{"line":64,"column":60}},"33":{"start":{"line":64,"column":48},"end":{"line":64,"column":60}},"34":{"start":{"line":65,"column":4},"end":{"line":65,"column":45}},"35":{"start":{"line":67,"column":19},"end":{"line":67,"column":60}},"36":{"start":{"line":68,"column":2},"end":{"line":81,"column":42}},"37":{"start":{"line":69,"column":4},"end":{"line":80,"column":5}},"38":{"start":{"line":70,"column":17},"end":{"line":70,"column":29}},"39":{"start":{"line":71,"column":6},"end":{"line":71,"column":22}},"40":{"start":{"line":71,"column":15},"end":{"line":71,"column":22}},"41":{"start":{"line":72,"column":26},"end":{"line":72,"column":116}},"42":{"start":{"line":73,"column":26},"end":{"line":73,"column":60}},"43":{"start":{"line":73,"column":50},"end":{"line":73,"column":59}},"44":{"start":{"line":74,"column":25},"end":{"line":74,"column":78}},"45":{"start":{"line":74,"column":49},"end":{"line":74,"column":77}},"46":{"start":{"line":75,"column":6},"end":{"line":79,"column":7}},"47":{"start":{"line":76,"column":8},"end":{"line":78,"column":11}},"48":{"start":{"line":77,"column":10},"end":{"line":77,"column":21}},"49":{"start":{"line":82,"column":2},"end":{"line":187,"column":4}},"50":{"start":{"line":92,"column":8},"end":{"line":92,"column":29}},"51":{"start":{"line":92,"column":22},"end":{"line":92,"column":29}},"52":{"start":{"line":93,"column":19},"end":{"line":93,"column":31}},"53":{"start":{"line":94,"column":8},"end":{"line":94,"column":60}},"54":{"start":{"line":94,"column":49},"end":{"line":94,"column":60}},"55":{"start":{"line":95,"column":8},"end":{"line":99,"column":9}},"56":{"start":{"line":96,"column":10},"end":{"line":96,"column":21}},"57":{"start":{"line":97,"column":15},"end":{"line":99,"column":9}},"58":{"start":{"line":98,"column":10},"end":{"line":98,"column":27}},"59":{"start":{"line":123,"column":14},"end":{"line":123,"column":34}},"60":{"start":{"line":124,"column":14},"end":{"line":124,"column":72}},"61":{"start":{"line":124,"column":65},"end":{"line":124,"column":72}},"62":{"start":{"line":125,"column":14},"end":{"line":127,"column":15}},"63":{"start":{"line":126,"column":16},"end":{"line":126,"column":33}},"64":{"start":{"line":130,"column":14},"end":{"line":130,"column":72}},"65":{"start":{"line":130,"column":65},"end":{"line":130,"column":72}},"66":{"start":{"line":131,"column":14},"end":{"line":138,"column":15}},"67":{"start":{"line":132,"column":16},"end":{"line":132,"column":35}},"68":{"start":{"line":133,"column":16},"end":{"line":137,"column":17}},"69":{"start":{"line":134,"column":18},"end":{"line":134,"column":29}},"70":{"start":{"line":135,"column":23},"end":{"line":137,"column":17}},"71":{"start":{"line":136,"column":18},"end":{"line":136,"column":35}},"72":{"start":{"line":189,"column":0},"end":{"line":189,"column":47}},"73":{"start":{"line":190,"column":0},"end":{"line":190,"column":16}},"74":{"start":{"line":193,"column":0},"end":{"line":193,"column":31}},"75":{"start":{"line":194,"column":0},"end":{"line":197,"column":1}},"76":{"start":{"line":195,"column":2},"end":{"line":195,"column":39}},"77":{"start":{"line":196,"column":2},"end":{"line":196,"column":39}},"78":{"start":{"line":198,"column":0},"end":{"line":207,"column":1}},"79":{"start":{"line":199,"column":2},"end":{"line":206,"column":5}},"80":{"start":{"line":200,"column":4},"end":{"line":200,"column":156}},"81":{"start":{"line":201,"column":4},"end":{"line":205,"column":7}},"82":{"start":{"line":202,"column":6},"end":{"line":202,"column":31}},"83":{"start":{"line":202,"column":24},"end":{"line":202,"column":31}},"84":{"start":{"line":203,"column":32},"end":{"line":203,"column":205}},"85":{"start":{"line":204,"column":6},"end":{"line":204,"column":75}},"86":{"start":{"line":204,"column":29},"end":{"line":204,"column":75}}},"fnMap":{"0":{"name":"(anonymous_0)","decl":{"start":{"line":20,"column":19},"end":{"line":20,"column":20}},"loc":{"start":{"line":35,"column":6},"end":{"line":188,"column":1}},"line":35},"1":{"name":"(anonymous_1)","decl":{"start":{"line":41,"column":18},"end":{"line":41,"column":19}},"loc":{"start":{"line":41,"column":24},"end":{"line":50,"column":3}},"line":41},"2":{"name":"(anonymous_2)","decl":{"start":{"line":53,"column":18},"end":{"line":53,"column":19}},"loc":{"start":{"line":53,"column":24},"end":{"line":58,"column":3}},"line":53},"3":{"name":"(anonymous_3)","decl":{"start":{"line":60,"column":18},"end":{"line":60,"column":19}},"loc":{"start":{"line":60,"column":24},"end":{"line":62,"column":3}},"line":60},"4":{"name":"(anonymous_4)","decl":{"start":{"line":63,"column":21},"end":{"line":63,"column":22}},"loc":{"start":{"line":63,"column":27},"end":{"line":66,"column":3}},"line":63},"5":{"name":"(anonymous_5)","decl":{"start":{"line":68,"column":18},"end":{"line":68,"column":19}},"loc":{"start":{"line":68,"column":24},"end":{"line":81,"column":3}},"line":68},"6":{"name":"(anonymous_6)","decl":{"start":{"line":73,"column":43},"end":{"line":73,"column":44}},"loc":{"start":{"line":73,"column":50},"end":{"line":73,"column":59}},"line":73},"7":{"name":"(anonymous_7)","decl":{"start":{"line":74,"column":42},"end":{"line":74,"column":43}},"loc":{"start":{"line":74,"column":49},"end":{"line":74,"column":77}},"line":74},"8":{"name":"(anonymous_8)","decl":{"start":{"line":76,"column":31},"end":{"line":76,"column":32}},"loc":{"start":{"line":76,"column":37},"end":{"line":78,"column":9}},"line":76},"9":{"name":"(anonymous_9)","decl":{"start":{"line":91,"column":15},"end":{"line":91,"column":16}},"loc":{"start":{"line":91,"column":21},"end":{"line":100,"column":7}},"line":91},"10":{"name":"(anonymous_10)","decl":{"start":{"line":110,"column":22},"end":{"line":110,"column":23}},"loc":{"start":{"line":110,"column":28},"end":{"line":111,"column":13}},"line":110},"11":{"name":"(anonymous_11)","decl":{"start":{"line":122,"column":21},"end":{"line":122,"column":22}},"loc":{"start":{"line":122,"column":28},"end":{"line":128,"column":13}},"line":122},"12":{"name":"(anonymous_12)","decl":{"start":{"line":129,"column":23},"end":{"line":129,"column":24}},"loc":{"start":{"line":129,"column":30},"end":{"line":139,"column":13}},"line":129},"13":{"name":"(anonymous_13)","decl":{"start":{"line":199,"column":52},"end":{"line":199,"column":53}},"loc":{"start":{"line":199,"column":72},"end":{"line":206,"column":3}},"line":199},"14":{"name":"(anonymous_14)","decl":{"start":{"line":201,"column":27},"end":{"line":201,"column":28}},"loc":{"start":{"line":201,"column":44},"end":{"line":205,"column":5}},"line":201}},"branchMap":{"0":{"loc":{"start":{"line":3,"column":20},"end":{"line":3,"column":97}},"type":"binary-expr","locations":[{"start":{"line":3,"column":20},"end":{"line":3,"column":60}},{"start":{"line":3,"column":64},"end":{"line":3,"column":97}}],"line":3},"1":{"loc":{"start":{"line":6,"column":0},"end":{"line":16,"column":1}},"type":"if","locations":[{"start":{"line":6,"column":0},"end":{"line":16,"column":1}},{"start":{},"end":{}}],"line":6},"2":{"loc":{"start":{"line":6,"column":4},"end":{"line":6,"column":35}},"type":"binary-expr","locations":[{"start":{"line":6,"column":4},"end":{"line":6,"column":19}},{"start":{"line":6,"column":23},"end":{"line":6,"column":35}}],"line":6},"3":{"loc":{"start":{"line":7,"column":2},"end":{"line":11,"column":3}},"type":"if","locations":[{"start":{"line":7,"column":2},"end":{"line":11,"column":3}},{"start":{},"end":{}}],"line":7},"4":{"loc":{"start":{"line":27,"column":2},"end":{"line":27,"column":16}},"type":"default-arg","locations":[{"start":{"line":27,"column":14},"end":{"line":27,"column":16}}],"line":27},"5":{"loc":{"start":{"line":32,"column":2},"end":{"line":32,"column":19}},"type":"default-arg","locations":[{"start":{"line":32,"column":14},"end":{"line":32,"column":19}}],"line":32},"6":{"loc":{"start":{"line":33,"column":2},"end":{"line":33,"column":17}},"type":"default-arg","locations":[{"start":{"line":33,"column":12},"end":{"line":33,"column":17}}],"line":33},"7":{"loc":{"start":{"line":42,"column":4},"end":{"line":49,"column":5}},"type":"if","locations":[{"start":{"line":42,"column":4},"end":{"line":49,"column":5}},{"start":{},"end":{}}],"line":42},"8":{"loc":{"start":{"line":42,"column":8},"end":{"line":42,"column":127}},"type":"binary-expr","locations":[{"start":{"line":42,"column":8},"end":{"line":42,"column":37}},{"start":{"line":42,"column":42},"end":{"line":42,"column":82}},{"start":{"line":42,"column":86},"end":{"line":42,"column":126}}],"line":42},"9":{"loc":{"start":{"line":44,"column":6},"end":{"line":48,"column":7}},"type":"if","locations":[{"start":{"line":44,"column":6},"end":{"line":48,"column":7}},{"start":{},"end":{}}],"line":44},"10":{"loc":{"start":{"line":46,"column":8},"end":{"line":47,"column":9}},"type":"if","locations":[{"start":{"line":46,"column":8},"end":{"line":47,"column":9}},{"start":{},"end":{}}],"line":46},"11":{"loc":{"start":{"line":52,"column":27},"end":{"line":52,"column":50}},"type":"binary-expr","locations":[{"start":{"line":52,"column":27},"end":{"line":52,"column":35}},{"start":{"line":52,"column":39},"end":{"line":52,"column":50}}],"line":52},"12":{"loc":{"start":{"line":54,"column":4},"end":{"line":57,"column":5}},"type":"if","locations":[{"start":{"line":54,"column":4},"end":{"line":57,"column":5}},{"start":{},"end":{}}],"line":54},"13":{"loc":{"start":{"line":54,"column":8},"end":{"line":54,"column":92}},"type":"binary-expr","locations":[{"start":{"line":54,"column":8},"end":{"line":54,"column":17}},{"start":{"line":54,"column":21},"end":{"line":54,"column":30}},{"start":{"line":54,"column":34},"end":{"line":54,"column":50}},{"start":{"line":54,"column":54},"end":{"line":54,"column":92}}],"line":54},"14":{"loc":{"start":{"line":56,"column":6},"end":{"line":56,"column":43}},"type":"if","locations":[{"start":{"line":56,"column":6},"end":{"line":56,"column":43}},{"start":{},"end":{}}],"line":56},"15":{"loc":{"start":{"line":64,"column":4},"end":{"line":64,"column":60}},"type":"if","locations":[{"start":{"line":64,"column":4},"end":{"line":64,"column":60}},{"start":{},"end":{}}],"line":64},"16":{"loc":{"start":{"line":65,"column":11},"end":{"line":65,"column":44}},"type":"binary-expr","locations":[{"start":{"line":65,"column":11},"end":{"line":65,"column":36}},{"start":{"line":65,"column":40},"end":{"line":65,"column":44}}],"line":65},"17":{"loc":{"start":{"line":67,"column":19},"end":{"line":67,"column":60}},"type":"cond-expr","locations":[{"start":{"line":67,"column":54},"end":{"line":67,"column":55}},{"start":{"line":67,"column":58},"end":{"line":67,"column":60}}],"line":67},"18":{"loc":{"start":{"line":67,"column":19},"end":{"line":67,"column":51}},"type":"binary-expr","locations":[{"start":{"line":67,"column":19},"end":{"line":67,"column":27}},{"start":{"line":67,"column":31},"end":{"line":67,"column":38}},{"start":{"line":67,"column":42},"end":{"line":67,"column":51}}],"line":67},"19":{"loc":{"start":{"line":69,"column":4},"end":{"line":80,"column":5}},"type":"if","locations":[{"start":{"line":69,"column":4},"end":{"line":80,"column":5}},{"start":{},"end":{}}],"line":69},"20":{"loc":{"start":{"line":69,"column":8},"end":{"line":69,"column":41}},"type":"binary-expr","locations":[{"start":{"line":69,"column":8},"end":{"line":69,"column":15}},{"start":{"line":69,"column":19},"end":{"line":69,"column":28}},{"start":{"line":69,"column":32},"end":{"line":69,"column":41}}],"line":69},"21":{"loc":{"start":{"line":71,"column":6},"end":{"line":71,"column":22}},"type":"if","locations":[{"start":{"line":71,"column":6},"end":{"line":71,"column":22}},{"start":{},"end":{}}],"line":71},"22":{"loc":{"start":{"line":72,"column":26},"end":{"line":72,"column":116}},"type":"cond-expr","locations":[{"start":{"line":72,"column":33},"end":{"line":72,"column":109}},{"start":{"line":72,"column":112},"end":{"line":72,"column":116}}],"line":72},"23":{"loc":{"start":{"line":75,"column":6},"end":{"line":79,"column":7}},"type":"if","locations":[{"start":{"line":75,"column":6},"end":{"line":79,"column":7}},{"start":{},"end":{}}],"line":75},"24":{"loc":{"start":{"line":75,"column":10},"end":{"line":75,"column":37}},"type":"binary-expr","locations":[{"start":{"line":75,"column":10},"end":{"line":75,"column":22}},{"start":{"line":75,"column":26},"end":{"line":75,"column":37}}],"line":75},"25":{"loc":{"start":{"line":85,"column":31},"end":{"line":85,"column":63}},"type":"cond-expr","locations":[{"start":{"line":85,"column":43},"end":{"line":85,"column":58}},{"start":{"line":85,"column":61},"end":{"line":85,"column":63}}],"line":85},"26":{"loc":{"start":{"line":86,"column":38},"end":{"line":86,"column":74}},"type":"cond-expr","locations":[{"start":{"line":86,"column":49},"end":{"line":86,"column":62}},{"start":{"line":86,"column":65},"end":{"line":86,"column":74}}],"line":86},"27":{"loc":{"start":{"line":92,"column":8},"end":{"line":92,"column":29}},"type":"if","locations":[{"start":{"line":92,"column":8},"end":{"line":92,"column":29}},{"start":{},"end":{}}],"line":92},"28":{"loc":{"start":{"line":94,"column":8},"end":{"line":94,"column":60}},"type":"if","locations":[{"start":{"line":94,"column":8},"end":{"line":94,"column":60}},{"start":{},"end":{}}],"line":94},"29":{"loc":{"start":{"line":94,"column":12},"end":{"line":94,"column":47}},"type":"binary-expr","locations":[{"start":{"line":94,"column":12},"end":{"line":94,"column":14}},{"start":{"line":94,"column":18},"end":{"line":94,"column":47}}],"line":94},"30":{"loc":{"start":{"line":95,"column":8},"end":{"line":99,"column":9}},"type":"if","locations":[{"start":{"line":95,"column":8},"end":{"line":99,"column":9}},{"start":{"line":97,"column":15},"end":{"line":99,"column":9}}],"line":95},"31":{"loc":{"start":{"line":95,"column":12},"end":{"line":95,"column":55}},"type":"binary-expr","locations":[{"start":{"line":95,"column":12},"end":{"line":95,"column":21}},{"start":{"line":95,"column":25},"end":{"line":95,"column":55}}],"line":95},"32":{"loc":{"start":{"line":97,"column":15},"end":{"line":99,"column":9}},"type":"if","locations":[{"start":{"line":97,"column":15},"end":{"line":99,"column":9}},{"start":{},"end":{}}],"line":97},"33":{"loc":{"start":{"line":97,"column":19},"end":{"line":97,"column":67}},"type":"binary-expr","locations":[{"start":{"line":97,"column":19},"end":{"line":97,"column":27}},{"start":{"line":97,"column":31},"end":{"line":97,"column":67}}],"line":97},"34":{"loc":{"start":{"line":116,"column":46},"end":{"line":116,"column":82}},"type":"cond-expr","locations":[{"start":{"line":116,"column":57},"end":{"line":116,"column":70}},{"start":{"line":116,"column":73},"end":{"line":116,"column":82}}],"line":116},"35":{"loc":{"start":{"line":124,"column":14},"end":{"line":124,"column":72}},"type":"if","locations":[{"start":{"line":124,"column":14},"end":{"line":124,"column":72}},{"start":{},"end":{}}],"line":124},"36":{"loc":{"start":{"line":124,"column":18},"end":{"line":124,"column":63}},"type":"binary-expr","locations":[{"start":{"line":124,"column":18},"end":{"line":124,"column":35}},{"start":{"line":124,"column":39},"end":{"line":124,"column":63}}],"line":124},"37":{"loc":{"start":{"line":125,"column":14},"end":{"line":127,"column":15}},"type":"if","locations":[{"start":{"line":125,"column":14},"end":{"line":127,"column":15}},{"start":{},"end":{}}],"line":125},"38":{"loc":{"start":{"line":125,"column":18},"end":{"line":125,"column":66}},"type":"binary-expr","locations":[{"start":{"line":125,"column":18},"end":{"line":125,"column":26}},{"start":{"line":125,"column":30},"end":{"line":125,"column":66}}],"line":125},"39":{"loc":{"start":{"line":130,"column":14},"end":{"line":130,"column":72}},"type":"if","locations":[{"start":{"line":130,"column":14},"end":{"line":130,"column":72}},{"start":{},"end":{}}],"line":130},"40":{"loc":{"start":{"line":130,"column":18},"end":{"line":130,"column":63}},"type":"binary-expr","locations":[{"start":{"line":130,"column":18},"end":{"line":130,"column":35}},{"start":{"line":130,"column":39},"end":{"line":130,"column":63}}],"line":130},"41":{"loc":{"start":{"line":131,"column":14},"end":{"line":138,"column":15}},"type":"if","locations":[{"start":{"line":131,"column":14},"end":{"line":138,"column":15}},{"start":{},"end":{}}],"line":131},"42":{"loc":{"start":{"line":131,"column":18},"end":{"line":131,"column":52}},"type":"binary-expr","locations":[{"start":{"line":131,"column":18},"end":{"line":131,"column":35}},{"start":{"line":131,"column":39},"end":{"line":131,"column":52}}],"line":131},"43":{"loc":{"start":{"line":133,"column":16},"end":{"line":137,"column":17}},"type":"if","locations":[{"start":{"line":133,"column":16},"end":{"line":137,"column":17}},{"start":{"line":135,"column":23},"end":{"line":137,"column":17}}],"line":133},"44":{"loc":{"start":{"line":133,"column":20},"end":{"line":133,"column":63}},"type":"binary-expr","locations":[{"start":{"line":133,"column":20},"end":{"line":133,"column":29}},{"start":{"line":133,"column":33},"end":{"line":133,"column":63}}],"line":133},"45":{"loc":{"start":{"line":135,"column":23},"end":{"line":137,"column":17}},"type":"if","locations":[{"start":{"line":135,"column":23},"end":{"line":137,"column":17}},{"start":{},"end":{}}],"line":135},"46":{"loc":{"start":{"line":135,"column":27},"end":{"line":135,"column":75}},"type":"binary-expr","locations":[{"start":{"line":135,"column":27},"end":{"line":135,"column":35}},{"start":{"line":135,"column":39},"end":{"line":135,"column":75}}],"line":135},"47":{"loc":{"start":{"line":150,"column":116},"end":{"line":150,"column":152}},"type":"cond-expr","locations":[{"start":{"line":150,"column":127},"end":{"line":150,"column":140}},{"start":{"line":150,"column":143},"end":{"line":150,"column":152}}],"line":150},"48":{"loc":{"start":{"line":194,"column":0},"end":{"line":197,"column":1}},"type":"if","locations":[{"start":{"line":194,"column":0},"end":{"line":197,"column":1}},{"start":{},"end":{}}],"line":194},"49":{"loc":{"start":{"line":194,"column":4},"end":{"line":194,"column":35}},"type":"binary-expr","locations":[{"start":{"line":194,"column":4},"end":{"line":194,"column":19}},{"start":{"line":194,"column":23},"end":{"line":194,"column":35}}],"line":194},"50":{"loc":{"start":{"line":198,"column":0},"end":{"line":207,"column":1}},"type":"if","locations":[{"start":{"line":198,"column":0},"end":{"line":207,"column":1}},{"start":{},"end":{}}],"line":198},"51":{"loc":{"start":{"line":198,"column":4},"end":{"line":198,"column":35}},"type":"binary-expr","locations":[{"start":{"line":198,"column":4},"end":{"line":198,"column":19}},{"start":{"line":198,"column":23},"end":{"line":198,"column":35}}],"line":198},"52":{"loc":{"start":{"line":202,"column":6},"end":{"line":202,"column":31}},"type":"if","locations":[{"start":{"line":202,"column":6},"end":{"line":202,"column":31}},{"start":{},"end":{}}],"line":202},"53":{"loc":{"start":{"line":204,"column":6},"end":{"line":204,"column":75}},"type":"if","locations":[{"start":{"line":204,"column":6},"end":{"line":204,"column":75}},{"start":{},"end":{}}],"line":204}},"s":{"0":1,"1":1,"2":1,"3":0,"4":1,"5":1,"6":1,"7":1,"8":1,"9":1,"10":0,"11":0,"12":0,"13":0,"14":0,"15":0,"16":0,"17":0,"18":0,"19":0,"20":0,"21":0,"22":0,"23":0,"24":0,"25":0,"26":0,"27":0,"28":0,"29":0,"30":0,"31":0,"32":0,"33":0,"34":0,"35":0,"36":0,"37":0,"38":0,"39":0,"40":0,"41":0,"42":0,"43":0,"44":0,"45":0,"46":0,"47":0,"48":0,"49":0,"50":0,"51":0,"52":0,"53":0,"54":0,"55":0,"56":0,"57":0,"58":0,"59":0,"60":0,"61":0,"62":0,"63":0,"64":0,"65":0,"66":0,"67":0,"68":0,"69":0,"70":0,"71":0,"72":1,"73":1,"74":1,"75":1,"76":1,"77":1,"78":1,"79":1,"80":1,"81":1,"82":0,"83":0,"84":0,"85":0,"86":0},"f":{"0":0,"1":0,"2":0,"3":0,"4":0,"5":0,"6":0,"7":0,"8":0,"9":0,"10":0,"11":0,"12":0,"13":1,"14":0},"b":{"0":[1,0],"1":[1,0],"2":[1,1],"3":[0,1],"4":[0],"5":[0],"6":[0],"7":[0,0],"8":[0,0,0],"9":[0,0],"10":[0,0],"11":[0,0],"12":[0,0],"13":[0,0,0,0],"14":[0,0],"15":[0,0],"16":[0,0],"17":[0,0],"18":[0,0,0],"19":[0,0],"20":[0,0,0],"21":[0,0],"22":[0,0],"23":[0,0],"24":[0,0],"25":[0,0],"26":[0,0],"27":[0,0],"28":[0,0],"29":[0,0],"30":[0,0],"31":[0,0],"32":[0,0],"33":[0,0],"34":[0,0],"35":[0,0],"36":[0,0],"37":[0,0],"38":[0,0],"39":[0,0],"40":[0,0],"41":[0,0],"42":[0,0],"43":[0,0],"44":[0,0],"45":[0,0],"46":[0,0],"47":[0,0],"48":[1,0],"49":[1,1],"50":[1,0],"51":[1,1],"52":[0,0],"53":[0,0]},"inputSourceMap":{"version":3,"mappings":"AAmIM;;;;;;;;;;;;;;;;;AAlIN,OAAOA,WAAW;AAClB,OAAOC,yBAAyB;AAkBhC,MAAMC,aAAwCA,CAAC;AAAA,EAC7CC;AAAAA,EACAC;AAAAA,EACAC;AAAAA,EACAC;AAAAA,EACAC;AAAAA,EACAC;AAAAA,EACAC,YAAY;AAAA,EACZC;AAAAA,EACAC;AAAAA,EACAC;AAAAA,EACAC;AAAAA,EACAC,YAAY;AAAA,EACZC,UAAU;AAAA,EACV,GAAGC;AACL,MAAM;AAAAC,KAAA;AACJ,QAAMC,YAAYT,UAAUU,MAAM,GAAG;AACrC,QAAMC,WAAWC,OAAOlB,KAAK;AAC7B,QAAMmB,YAAYD,OAAOjB,MAAM;AAG/B,QAAMmB,gBAAgBZ;AAGtBX,QAAMwB,UAAU,MAAM;AACpB,QACE,OAAOC,WAAW,gBACjBA,OAAOC,SAASC,aAAa,eAAeF,OAAOC,SAASC,aAAa,cAC1E;AACA,YAAMC,KAAKC,SAASC,eAAeP,aAAa;AAChD,UAAIK,IAAI;AAEN,cAAMG,MAAMF,SAASG,iBAAiB,IAAIC,IAAIC,OAAOX,aAAa,CAAC,EAAE;AACrE,YAAIQ,IAAII,SAAS,GAAG;AAAA,QAElB;AAAA,MAEJ;AAAA,IACF;AAAA,EACF,GAAG,CAACZ,aAAa,CAAC;AAGlB,QAAMa,cAAcpC,MAAMqC,OAAyB,IAAI;AACvD,QAAMC,mBAAmB5B,YAAY0B;AAErCpC,QAAMwB,UAAU,MAAM;AAEpB,QAAIV,aAAa,CAACR,YAAYgC,oBAAoB,OAAOA,qBAAqB,YAAY;AACxF,YAAMC,MAAMD;AACZ,UAAIC,IAAIC,QAASD,KAAIC,QAAQC,MAAM;AAAA,IACrC;AAAA,EACF,GAAG,CAAC3B,WAAWR,UAAUgC,gBAAgB,CAAC;AAG1C,QAAMI,mBAAmB1C,MAAMqC,OAAmC,CAAC,CAAC;AAGpErC,QAAMwB,UAAU,MAAM;AACpBkB,qBAAiBF,UAAU,CAAC;AAAA,EAC9B,GAAG,CAACnC,QAAQ,CAAC;AAKb,QAAMsC,aAAaA,MAAM;AACvB,QAAI,OAAOL,qBAAqB,WAAY,QAAO;AACnD,WAAOA,kBAAkBE,WAAW;AAAA,EACtC;AAGA,QAAMI,WAAWvC,YAAaU,WAAW,CAACT,WAAY,IAAI;AAG1DN,QAAMwB,UAAU,MAAM;AACpB,QAAIT,WAAW,CAACV,YAAY,CAACC,UAAU;AAErC,YAAMsB,KAAKe,WAAW;AACtB,UAAI,CAACf,GAAI;AAET,YAAMiB,cAAcjC,OAChBkC,MAAMC,KAAKlB,SAASG,iBAAiB,6BAA6BpB,IAAI,IAAI,CAAC,IAC3E,CAACgB,EAAE;AACP,YAAMoB,cAAcH,YAAYI,KAAK,CAAAC,MAAMA,EAAuBC,OAAO;AACzE,YAAMC,aAAaP,YAAYI,KAAK,CAAAC,MAAKA,MAAMrB,SAASwB,aAAa;AACrE,UAAI,CAACL,eAAe,CAACI,YAAY;AAC/BE,gBAAQC,QAAQ,EAAEC,KAAK,MAAM;AAAE5B,aAAGa,MAAM;AAAA,QAAG,CAAC;AAAA,MAC9C;AAAA,IACF;AAAA,EACF,GAAG,CAAC1B,SAASV,UAAUC,UAAUM,IAAI,CAAC;AAEtC,SACE;AAAA,IAAC;AAAA;AAAA,MACC,WAAW,cAAcH,YAAY,MAAMA,YAAY,EAAE;AAAA,MACzD,OAAO,EAAEgD,OAAO,QAAQC,QAAQpD,WAAW,gBAAgB,UAAU;AAAA,MACrE,GAAIU;AAAAA,MACJ,WAAQ;AAAA,MACR,MAAK;AAAA,MACL,cAAY,gBAAgBI,QAAQ,KAAKE,SAAS;AAAA,MAClD,SAAS,MAAM;AACb,YAAIhB,SAAU;AAEd,cAAMsB,KAAKe,WAAW;AACtB,YAAIf,MAAMC,SAASwB,kBAAkBzB,GAAIA,IAAGa,MAAM;AAElD,YAAI,CAACpC,YAAY,OAAOE,aAAa,YAAY;AAC/CA,mBAAS;AAAA,QACX,WAAWF,YAAY,OAAOG,mBAAmB,YAAY;AAC3DA,yBAAe;AAAA,QACjB;AAAA,MACF;AAAA,MAEA;AAAA;AAAA,UAAC;AAAA;AAAA,YACC,IAAIe;AAAAA,YACJ,KAAKe;AAAAA,YACL,MAAK;AAAA,YACL;AAAA,YACA,SAASjC;AAAAA,YACT,UAAU,MAAM;AAAA,YACd;AAAA,YAEF,cAAY,UAAUe,QAAQ,KAAKE,SAAS;AAAA,YAC5C,gBAAcjB;AAAAA,YACd,iBAAesD,QAAQrD,QAAQ;AAAA,YAC/B,MAAK;AAAA,YACL,OAAO,EAAEsD,aAAa,IAAIF,QAAQpD,WAAW,gBAAgB,UAAU;AAAA,YACvE,UAAUqD,QAAQrD,QAAQ;AAAA,YAC1B,iBAAeqD,QAAQrD,QAAQ;AAAA,YAC/B;AAAA,YACA;AAAA,YACA,eAAY;AAAA,YAEZ,SAAS,CAAAuD,MAAK;AACZA,gBAAEC,gBAAgB;AAClB,kBAAIH,QAAQrD,QAAQ,KAAKuD,EAAEE,cAAcC,SAAU;AACnD,kBAAI3D,YAAY,OAAOG,mBAAmB,YAAY;AACpDA,+BAAe;AAAA,cACjB;AAAA,YACF;AAAA,YACA,WAAW,CAAAqD,MAAK;AACd,kBAAIF,QAAQrD,QAAQ,KAAKuD,EAAEE,cAAcC,SAAU;AAEnD,kBAAIH,EAAEI,QAAQ,WAAWJ,EAAEI,QAAQ,KAAK;AACtCJ,kBAAEK,eAAe;AACjB,oBAAI,CAAC7D,YAAY,OAAOE,aAAa,YAAY;AAC/CA,2BAAS;AAAA,gBACX,WAAWF,YAAY,OAAOG,mBAAmB,YAAY;AAC3DA,iCAAe;AAAA,gBACjB;AAAA,cACF;AAAA,YAEF;AAAA;AAAA,UAvCF;AAAA;AAAA;AAAA;AAAA;AAAA;AAAA;AAAA;AAAA,QAuCI;AAAA,QAEJ,uBAAC,WAAM,SAASe,eAAe,OAAO,EAAE4C,YAAY,KAAKP,aAAa,GAAGF,QAAQpD,WAAW,gBAAgB,UAAU,GAAIc;AAAAA;AAAAA,UAAS;AAAA,aAAnI;AAAA;AAAA;AAAA;AAAA,eAAoI;AAAA,QAAQ;AAAA,QAAEE;AAAAA,QAC9I;AAAA,UAAC;AAAA;AAAA,YACC,WAAWJ,UAAUkD,SAAS,SAAS;AAAA,YACvC,aAAalD,UAAUkD,SAAS,WAAW;AAAA,YAC3C,YAAYlD,UAAUkD,SAAS,UAAU;AAAA;AAAA,UAH3C;AAAA;AAAA;AAAA;AAAA;AAAA;AAAA;AAAA;AAAA,QAG6C;AAAA,QAE5CvD;AAAAA;AAAAA;AAAAA,IAnEH;AAAA;AAAA;AAAA;AAAA;AAAA;AAAA;AAAA;AAAA,EAoEA;AAEJ;AAAEI,GAjKIf,YAAqC;AAAAmE,KAArCnE;AAmKN,eAAeA;AAAW,IAAAmE;AAAAC,aAAAD,IAAA","names":["React","QuizOptionIndicator","QuizOption","label","option","selected","disabled","onSelect","onSubmitOption","className","inputRef","inputId","name","children","autoFocus","isFirst","rest","_s","classList","split","labelStr","String","optionStr","uniqueInputId","useEffect","window","location","hostname","el","document","getElementById","all","querySelectorAll","CSS","escape","length","fallbackRef","useRef","resolvedInputRef","ref","current","focus","submittedKeysRef","getInputEl","tabIndex","groupRadios","Array","from","anySelected","some","r","checked","anyFocused","activeElement","Promise","resolve","then","width","cursor","Boolean","marginRight","e","stopPropagation","currentTarget","readOnly","key","preventDefault","fontWeight","includes","_c","$RefreshReg$"],"ignoreList":[],"sources":["/Users/macuser/Desktop/Massage-Therapy-FIREBASE-PRO/src/components/Quiz/QuizOption.tsx"],"file":"/Users/macuser/Desktop/Massage-Therapy-FIREBASE-PRO/src/components/Quiz/QuizOption.tsx"},"_coverageSchema":"1a1c01bbd47fc00a2c39e90264f33305004495a9","hash":"91d7c0602370ca641ed08889e47032ba20da2484"},"/Users/macuser/Desktop/Massage-Therapy-FIREBASE-PRO/src/components/Quiz/QuizExplanation.tsx":{"path":"/Users/macuser/Desktop/Massage-Therapy-FIREBASE-PRO/src/components/Quiz/QuizExplanation.tsx","statementMap":{"0":{"start":{"line":3,"column":20},"end":{"line":3,"column":97}},"1":{"start":{"line":6,"column":0},"end":{"line":16,"column":1}},"2":{"start":{"line":7,"column":2},"end":{"line":11,"column":3}},"3":{"start":{"line":8,"column":4},"end":{"line":10,"column":6}},"4":{"start":{"line":12,"column":2},"end":{"line":12,"column":39}},"5":{"start":{"line":13,"column":2},"end":{"line":13,"column":39}},"6":{"start":{"line":14,"column":2},"end":{"line":14,"column":148}},"7":{"start":{"line":15,"column":2},"end":{"line":15,"column":75}},"8":{"start":{"line":17,"column":24},"end":{"line":84,"column":8}},"9":{"start":{"line":24,"column":22},"end":{"line":84,"column":8}},"10":{"start":{"line":85,"column":0},"end":{"line":85,"column":21}},"11":{"start":{"line":88,"column":0},"end":{"line":88,"column":36}},"12":{"start":{"line":89,"column":0},"end":{"line":92,"column":1}},"13":{"start":{"line":90,"column":2},"end":{"line":90,"column":39}},"14":{"start":{"line":91,"column":2},"end":{"line":91,"column":39}},"15":{"start":{"line":93,"column":0},"end":{"line":102,"column":1}},"16":{"start":{"line":94,"column":2},"end":{"line":101,"column":5}},"17":{"start":{"line":95,"column":4},"end":{"line":95,"column":161}},"18":{"start":{"line":96,"column":4},"end":{"line":100,"column":7}},"19":{"start":{"line":97,"column":6},"end":{"line":97,"column":31}},"20":{"start":{"line":97,"column":24},"end":{"line":97,"column":31}},"21":{"start":{"line":98,"column":32},"end":{"line":98,"column":210}},"22":{"start":{"line":99,"column":6},"end":{"line":99,"column":75}},"23":{"start":{"line":99,"column":29},"end":{"line":99,"column":75}}},"fnMap":{"0":{"name":"(anonymous_0)","decl":{"start":{"line":17,"column":24},"end":{"line":17,"column":25}},"loc":{"start":{"line":24,"column":22},"end":{"line":84,"column":8}},"line":24},"1":{"name":"(anonymous_1)","decl":{"start":{"line":94,"column":52},"end":{"line":94,"column":53}},"loc":{"start":{"line":94,"column":72},"end":{"line":101,"column":3}},"line":94},"2":{"name":"(anonymous_2)","decl":{"start":{"line":96,"column":27},"end":{"line":96,"column":28}},"loc":{"start":{"line":96,"column":44},"end":{"line":100,"column":5}},"line":96}},"branchMap":{"0":{"loc":{"start":{"line":3,"column":20},"end":{"line":3,"column":97}},"type":"binary-expr","locations":[{"start":{"line":3,"column":20},"end":{"line":3,"column":60}},{"start":{"line":3,"column":64},"end":{"line":3,"column":97}}],"line":3},"1":{"loc":{"start":{"line":6,"column":0},"end":{"line":16,"column":1}},"type":"if","locations":[{"start":{"line":6,"column":0},"end":{"line":16,"column":1}},{"start":{},"end":{}}],"line":6},"2":{"loc":{"start":{"line":6,"column":4},"end":{"line":6,"column":35}},"type":"binary-expr","locations":[{"start":{"line":6,"column":4},"end":{"line":6,"column":19}},{"start":{"line":6,"column":23},"end":{"line":6,"column":35}}],"line":6},"3":{"loc":{"start":{"line":7,"column":2},"end":{"line":11,"column":3}},"type":"if","locations":[{"start":{"line":7,"column":2},"end":{"line":11,"column":3}},{"start":{},"end":{}}],"line":7},"4":{"loc":{"start":{"line":25,"column":2},"end":{"line":32,"column":10}},"type":"binary-expr","locations":[{"start":{"line":25,"column":2},"end":{"line":25,"column":18}},{"start":{"line":25,"column":38},"end":{"line":32,"column":10}}],"line":25},"5":{"loc":{"start":{"line":33,"column":2},"end":{"line":40,"column":10}},"type":"binary-expr","locations":[{"start":{"line":33,"column":2},"end":{"line":33,"column":17}},{"start":{"line":33,"column":37},"end":{"line":40,"column":10}}],"line":33},"6":{"loc":{"start":{"line":41,"column":2},"end":{"line":48,"column":10}},"type":"binary-expr","locations":[{"start":{"line":41,"column":2},"end":{"line":41,"column":21}},{"start":{"line":41,"column":41},"end":{"line":48,"column":10}}],"line":41},"7":{"loc":{"start":{"line":49,"column":2},"end":{"line":56,"column":10}},"type":"binary-expr","locations":[{"start":{"line":49,"column":2},"end":{"line":49,"column":17}},{"start":{"line":49,"column":37},"end":{"line":56,"column":10}}],"line":49},"8":{"loc":{"start":{"line":57,"column":2},"end":{"line":79,"column":10}},"type":"binary-expr","locations":[{"start":{"line":57,"column":3},"end":{"line":57,"column":7}},{"start":{"line":57,"column":11},"end":{"line":57,"column":19}},{"start":{"line":57,"column":40},"end":{"line":79,"column":10}}],"line":57},"9":{"loc":{"start":{"line":58,"column":4},"end":{"line":66,"column":12}},"type":"binary-expr","locations":[{"start":{"line":58,"column":4},"end":{"line":58,"column":8}},{"start":{"line":58,"column":12},"end":{"line":58,"column":27}},{"start":{"line":58,"column":47},"end":{"line":66,"column":12}}],"line":58},"10":{"loc":{"start":{"line":67,"column":4},"end":{"line":74,"column":12}},"type":"binary-expr","locations":[{"start":{"line":67,"column":4},"end":{"line":67,"column":12}},{"start":{"line":67,"column":16},"end":{"line":67,"column":35}},{"start":{"line":67,"column":55},"end":{"line":74,"column":12}}],"line":67},"11":{"loc":{"start":{"line":89,"column":0},"end":{"line":92,"column":1}},"type":"if","locations":[{"start":{"line":89,"column":0},"end":{"line":92,"column":1}},{"start":{},"end":{}}],"line":89},"12":{"loc":{"start":{"line":89,"column":4},"end":{"line":89,"column":35}},"type":"binary-expr","locations":[{"start":{"line":89,"column":4},"end":{"line":89,"column":19}},{"start":{"line":89,"column":23},"end":{"line":89,"column":35}}],"line":89},"13":{"loc":{"start":{"line":93,"column":0},"end":{"line":102,"column":1}},"type":"if","locations":[{"start":{"line":93,"column":0},"end":{"line":102,"column":1}},{"start":{},"end":{}}],"line":93},"14":{"loc":{"start":{"line":93,"column":4},"end":{"line":93,"column":35}},"type":"binary-expr","locations":[{"start":{"line":93,"column":4},"end":{"line":93,"column":19}},{"start":{"line":93,"column":23},"end":{"line":93,"column":35}}],"line":93},"15":{"loc":{"start":{"line":97,"column":6},"end":{"line":97,"column":31}},"type":"if","locations":[{"start":{"line":97,"column":6},"end":{"line":97,"column":31}},{"start":{},"end":{}}],"line":97},"16":{"loc":{"start":{"line":99,"column":6},"end":{"line":99,"column":75}},"type":"if","locations":[{"start":{"line":99,"column":6},"end":{"line":99,"column":75}},{"start":{},"end":{}}],"line":99}},"s":{"0":1,"1":1,"2":1,"3":0,"4":1,"5":1,"6":1,"7":1,"8":1,"9":0,"10":1,"11":1,"12":1,"13":1,"14":1,"15":1,"16":1,"17":1,"18":1,"19":0,"20":0,"21":0,"22":0,"23":0},"f":{"0":0,"1":1,"2":0},"b":{"0":[1,0],"1":[1,0],"2":[1,1],"3":[0,1],"4":[0,0],"5":[0,0],"6":[0,0],"7":[0,0],"8":[0,0,0],"9":[0,0,0],"10":[0,0,0],"11":[1,0],"12":[1,1],"13":[1,0],"14":[1,1],"15":[0,0],"16":[0,0]},"inputSourceMap":{"version":3,"mappings":"AAmBE,mBAEI,cAFJ;;;;;;;;;;;;;;;;AARF,MAAMA,kBAAkDA,CAAC;AAAA,EACvDC;AAAAA,EACAC;AAAAA,EACAC;AAAAA,EACAC;AAAAA,EACAC;AAAAA,EACAC;AACF,MACE,mCACGL;AAAAA,sBACC,uBAAC,SAAI,WAAU,oBAAmB;AAAA;AAAA,IAAYA;AAAAA,OAA9C;AAAA;AAAA;AAAA;AAAA,SAA+D;AAAA,EAEhEC,mBACC,uBAAC,SAAI,OAAO,EAAEK,OAAO,WAAWC,WAAW,GAAGC,UAAU,GAAG,GAAG;AAAA;AAAA,IAAYP;AAAAA,OAA1E;AAAA;AAAA;AAAA;AAAA,SAA0F;AAAA,EAE3FC,uBACC,uBAAC,SAAI,OAAO,EAAEI,OAAO,WAAWC,WAAW,GAAGC,UAAU,GAAG,GAAG;AAAA;AAAA,IAAuBN;AAAAA,OAArF;AAAA;AAAA;AAAA;AAAA,SAAyG;AAAA,EAE1GC,mBACC,uBAAC,SAAI,OAAO,EAAEG,OAAO,WAAWC,WAAW,GAAGC,UAAU,GAAG,GAAG;AAAA;AAAA,IAASL;AAAAA,OAAvE;AAAA;AAAA;AAAA;AAAA,SAAuF;AAAA,GAEvFC,QAAQC,aACR,uBAAC,SAAI,OAAO,EAAEC,OAAO,WAAWC,WAAW,GAAGC,UAAU,GAAG,GACxDJ;AAAAA,YAAQA,KAAKK,SAAS,KAAK,uBAAC,UAAK;AAAA;AAAA,MAAOL,KAAKM,KAAK,IAAI;AAAA,MAAE;AAAA,SAA7B;AAAA;AAAA;AAAA;AAAA,WAA8B;AAAA,IACzDL,YAAYA,SAASI,SAAS,KAAK,uBAAC,UAAK;AAAA;AAAA,MAAWJ,SAASK,KAAK,IAAI;AAAA,SAAnC;AAAA;AAAA;AAAA;AAAA,WAAqC;AAAA,OAF3E;AAAA;AAAA;AAAA;AAAA,SAGA;AAAA,KAjBJ;AAAA;AAAA;AAAA;AAAA,OAmBA;AACAC,KA5BIZ;AA8BN,eAAeA;AAAgB,IAAAY;AAAAC,aAAAD,IAAA","names":["QuizExplanation","shortExplanation","longExplanation","clinicalApplication","sourceReference","tags","keywords","color","marginTop","fontSize","length","join","_c","$RefreshReg$"],"ignoreList":[],"sources":["/Users/macuser/Desktop/Massage-Therapy-FIREBASE-PRO/src/components/Quiz/QuizExplanation.tsx"],"file":"/Users/macuser/Desktop/Massage-Therapy-FIREBASE-PRO/src/components/Quiz/QuizExplanation.tsx"},"_coverageSchema":"1a1c01bbd47fc00a2c39e90264f33305004495a9","hash":"55d83121202c94e0e12d38821b02c2fcb8a4088e"},"/Users/macuser/Desktop/Massage-Therapy-FIREBASE-PRO/src/components/Quiz/QuizActions.tsx":{"path":"/Users/macuser/Desktop/Massage-Therapy-FIREBASE-PRO/src/components/Quiz/QuizActions.tsx","statementMap":{"0":{"start":{"line":3,"column":20},"end":{"line":3,"column":97}},"1":{"start":{"line":6,"column":0},"end":{"line":16,"column":1}},"2":{"start":{"line":7,"column":2},"end":{"line":11,"column":3}},"3":{"start":{"line":8,"column":4},"end":{"line":10,"column":6}},"4":{"start":{"line":12,"column":2},"end":{"line":12,"column":39}},"5":{"start":{"line":13,"column":2},"end":{"line":13,"column":39}},"6":{"start":{"line":14,"column":2},"end":{"line":14,"column":144}},"7":{"start":{"line":15,"column":2},"end":{"line":15,"column":75}},"8":{"start":{"line":17,"column":20},"end":{"line":92,"column":8}},"9":{"start":{"line":24,"column":22},"end":{"line":92,"column":8}},"10":{"start":{"line":70,"column":8},"end":{"line":70,"column":82}},"11":{"start":{"line":71,"column":8},"end":{"line":71,"column":19}},"12":{"start":{"line":93,"column":0},"end":{"line":93,"column":17}},"13":{"start":{"line":96,"column":0},"end":{"line":96,"column":32}},"14":{"start":{"line":97,"column":0},"end":{"line":100,"column":1}},"15":{"start":{"line":98,"column":2},"end":{"line":98,"column":39}},"16":{"start":{"line":99,"column":2},"end":{"line":99,"column":39}},"17":{"start":{"line":101,"column":0},"end":{"line":110,"column":1}},"18":{"start":{"line":102,"column":2},"end":{"line":109,"column":5}},"19":{"start":{"line":103,"column":4},"end":{"line":103,"column":157}},"20":{"start":{"line":104,"column":4},"end":{"line":108,"column":7}},"21":{"start":{"line":105,"column":6},"end":{"line":105,"column":31}},"22":{"start":{"line":105,"column":24},"end":{"line":105,"column":31}},"23":{"start":{"line":106,"column":32},"end":{"line":106,"column":206}},"24":{"start":{"line":107,"column":6},"end":{"line":107,"column":75}},"25":{"start":{"line":107,"column":29},"end":{"line":107,"column":75}}},"fnMap":{"0":{"name":"(anonymous_0)","decl":{"start":{"line":17,"column":20},"end":{"line":17,"column":21}},"loc":{"start":{"line":24,"column":22},"end":{"line":92,"column":8}},"line":24},"1":{"name":"(anonymous_1)","decl":{"start":{"line":69,"column":15},"end":{"line":69,"column":16}},"loc":{"start":{"line":69,"column":21},"end":{"line":72,"column":7}},"line":69},"2":{"name":"(anonymous_2)","decl":{"start":{"line":102,"column":52},"end":{"line":102,"column":53}},"loc":{"start":{"line":102,"column":72},"end":{"line":109,"column":3}},"line":102},"3":{"name":"(anonymous_3)","decl":{"start":{"line":104,"column":27},"end":{"line":104,"column":28}},"loc":{"start":{"line":104,"column":44},"end":{"line":108,"column":5}},"line":104}},"branchMap":{"0":{"loc":{"start":{"line":3,"column":20},"end":{"line":3,"column":97}},"type":"binary-expr","locations":[{"start":{"line":3,"column":20},"end":{"line":3,"column":60}},{"start":{"line":3,"column":64},"end":{"line":3,"column":97}}],"line":3},"1":{"loc":{"start":{"line":6,"column":0},"end":{"line":16,"column":1}},"type":"if","locations":[{"start":{"line":6,"column":0},"end":{"line":16,"column":1}},{"start":{},"end":{}}],"line":6},"2":{"loc":{"start":{"line":6,"column":4},"end":{"line":6,"column":35}},"type":"binary-expr","locations":[{"start":{"line":6,"column":4},"end":{"line":6,"column":19}},{"start":{"line":6,"column":23},"end":{"line":6,"column":35}}],"line":6},"3":{"loc":{"start":{"line":7,"column":2},"end":{"line":11,"column":3}},"type":"if","locations":[{"start":{"line":7,"column":2},"end":{"line":11,"column":3}},{"start":{},"end":{}}],"line":7},"4":{"loc":{"start":{"line":32,"column":23},"end":{"line":32,"column":55}},"type":"cond-expr","locations":[{"start":{"line":32,"column":39},"end":{"line":32,"column":45}},{"start":{"line":32,"column":48},"end":{"line":32,"column":55}}],"line":32},"5":{"loc":{"start":{"line":48,"column":16},"end":{"line":48,"column":49}},"type":"binary-expr","locations":[{"start":{"line":48,"column":16},"end":{"line":48,"column":36}},{"start":{"line":48,"column":40},"end":{"line":48,"column":49}}],"line":48},"6":{"loc":{"start":{"line":51,"column":23},"end":{"line":51,"column":75}},"type":"cond-expr","locations":[{"start":{"line":51,"column":59},"end":{"line":51,"column":65}},{"start":{"line":51,"column":68},"end":{"line":51,"column":75}}],"line":51},"7":{"loc":{"start":{"line":51,"column":23},"end":{"line":51,"column":56}},"type":"binary-expr","locations":[{"start":{"line":51,"column":23},"end":{"line":51,"column":43}},{"start":{"line":51,"column":47},"end":{"line":51,"column":56}}],"line":51},"8":{"loc":{"start":{"line":52,"column":27},"end":{"line":52,"column":69}},"type":"cond-expr","locations":[{"start":{"line":52,"column":49},"end":{"line":52,"column":58}},{"start":{"line":52,"column":61},"end":{"line":52,"column":69}}],"line":52},"9":{"loc":{"start":{"line":53,"column":16},"end":{"line":53,"column":44}},"type":"cond-expr","locations":[{"start":{"line":53,"column":38},"end":{"line":53,"column":39}},{"start":{"line":53,"column":42},"end":{"line":53,"column":44}}],"line":53},"10":{"loc":{"start":{"line":73,"column":20},"end":{"line":73,"column":77}},"type":"cond-expr","locations":[{"start":{"line":73,"column":42},"end":{"line":73,"column":61}},{"start":{"line":73,"column":64},"end":{"line":73,"column":77}}],"line":73},"11":{"loc":{"start":{"line":76,"column":23},"end":{"line":76,"column":51}},"type":"cond-expr","locations":[{"start":{"line":76,"column":35},"end":{"line":76,"column":41}},{"start":{"line":76,"column":44},"end":{"line":76,"column":51}}],"line":76},"12":{"loc":{"start":{"line":77,"column":16},"end":{"line":77,"column":62}},"type":"cond-expr","locations":[{"start":{"line":77,"column":38},"end":{"line":77,"column":46}},{"start":{"line":77,"column":49},"end":{"line":77,"column":62}}],"line":77},"13":{"loc":{"start":{"line":97,"column":0},"end":{"line":100,"column":1}},"type":"if","locations":[{"start":{"line":97,"column":0},"end":{"line":100,"column":1}},{"start":{},"end":{}}],"line":97},"14":{"loc":{"start":{"line":97,"column":4},"end":{"line":97,"column":35}},"type":"binary-expr","locations":[{"start":{"line":97,"column":4},"end":{"line":97,"column":19}},{"start":{"line":97,"column":23},"end":{"line":97,"column":35}}],"line":97},"15":{"loc":{"start":{"line":101,"column":0},"end":{"line":110,"column":1}},"type":"if","locations":[{"start":{"line":101,"column":0},"end":{"line":110,"column":1}},{"start":{},"end":{}}],"line":101},"16":{"loc":{"start":{"line":101,"column":4},"end":{"line":101,"column":35}},"type":"binary-expr","locations":[{"start":{"line":101,"column":4},"end":{"line":101,"column":19}},{"start":{"line":101,"column":23},"end":{"line":101,"column":35}}],"line":101},"17":{"loc":{"start":{"line":105,"column":6},"end":{"line":105,"column":31}},"type":"if","locations":[{"start":{"line":105,"column":6},"end":{"line":105,"column":31}},{"start":{},"end":{}}],"line":105},"18":{"loc":{"start":{"line":107,"column":6},"end":{"line":107,"column":75}},"type":"if","locations":[{"start":{"line":107,"column":6},"end":{"line":107,"column":75}},{"start":{},"end":{}}],"line":107}},"s":{"0":1,"1":1,"2":1,"3":0,"4":1,"5":1,"6":1,"7":1,"8":1,"9":0,"10":0,"11":0,"12":1,"13":1,"14":1,"15":1,"16":1,"17":1,"18":1,"19":1,"20":1,"21":0,"22":0,"23":0,"24":0,"25":0},"f":{"0":0,"1":0,"2":1,"3":0},"b":{"0":[1,0],"1":[1,0],"2":[1,1],"3":[0,1],"4":[0,0],"5":[0,0],"6":[0,0],"7":[0,0],"8":[0,0],"9":[0,0],"10":[0,0],"11":[0,0],"12":[0,0],"13":[1,0],"14":[1,1],"15":[1,0],"16":[1,1],"17":[0,0],"18":[0,0]},"inputSourceMap":{"version":3,"mappings":"AAoBI;;;;;;;;;;;;;;;;AATJ,MAAMA,cAA0CA,CAAC;AAAA,EAC/CC;AAAAA,EACAC;AAAAA,EACAC;AAAAA,EACAC;AAAAA,EACAC;AAAAA,EACAC;AACF,MACE,uBAAC,SAAI,WAAU,gBAAe,MAAK,SAAQ,cAAW,2BACpD;AAAA;AAAA,IAAC;AAAA;AAAA,MACC,SAASL;AAAAA,MACT,UAAUG,YAAY;AAAA,MACtB,cAAW;AAAA,MACX,MAAK;AAAA,MACL,iBAAeA,YAAY,IAAI,SAAS;AAAA,MAAQ;AAAA;AAAA,IALlD;AAAA;AAAA;AAAA;AAAA;AAAA;AAAA;AAAA;AAAA,EAQA;AAAA,EAEA;AAAA,IAAC;AAAA;AAAA,MACC,SAASF;AAAAA,MACT,UAAUE,WAAWC,QAAQ,KAAK,CAACC;AAAAA,MACnC,cAAW;AAAA,MACX,MAAK;AAAA,MACL,iBAAeF,WAAWC,QAAQ,KAAK,CAACC,WAAW,SAAS;AAAA,MAC5D,OAAO,EAAEC,YAAYH,UAAUC,QAAQ,IAAI,YAAY,SAAS;AAAA,MAChE,UAAUD,UAAUC,QAAQ,IAAI,IAAI;AAAA,MACpC,eAAY;AAAA,MAAe;AAAA;AAAA,IAR7B;AAAA;AAAA;AAAA;AAAA;AAAA;AAAA;AAAA;AAAA,EAWA;AAAA,EAEA;AAAA,IAAC;AAAA;AAAA,MACC,SAAS,MAAM;AACbG,gBAAQC,IAAI,gCAAgC,EAAEH,UAAUF,SAASC,MAAM,CAAC;AACxEF,iBAAS;AAAA,MACX;AAAA,MACA,cAAYC,UAAUC,QAAQ,IAAI,sBAAsB;AAAA,MACxD,MAAK;AAAA,MACL,UAAU,CAACC;AAAAA,MACX,iBAAe,CAACA,WAAW,SAAS;AAAA,MAEnCF,oBAAUC,QAAQ,IAAI,WAAW;AAAA;AAAA,IAVpC;AAAA;AAAA;AAAA;AAAA;AAAA;AAAA;AAAA;AAAA,EAWA;AAAA,KAnCF;AAAA;AAAA;AAAA;AAAA,OAoCA;AACAK,KA7CIV;AA+CN,eAAeA;AAAY,IAAAU;AAAAC,aAAAD,IAAA","names":["QuizActions","onPrev","onNext","onFinish","current","total","answered","visibility","console","log","_c","$RefreshReg$"],"ignoreList":[],"sources":["/Users/macuser/Desktop/Massage-Therapy-FIREBASE-PRO/src/components/Quiz/QuizActions.tsx"],"file":"/Users/macuser/Desktop/Massage-Therapy-FIREBASE-PRO/src/components/Quiz/QuizActions.tsx"},"_coverageSchema":"1a1c01bbd47fc00a2c39e90264f33305004495a9","hash":"0ebd00450922d66159c1269786d09a1c9fc7c847"},"/Users/macuser/Desktop/Massage-Therapy-FIREBASE-PRO/src/components/Quiz/QuizQuestionCard.tsx":{"path":"/Users/macuser/Desktop/Massage-Therapy-FIREBASE-PRO/src/components/Quiz/QuizQuestionCard.tsx","statementMap":{"0":{"start":{"line":3,"column":20},"end":{"line":3,"column":97}},"1":{"start":{"line":6,"column":0},"end":{"line":16,"column":1}},"2":{"start":{"line":7,"column":2},"end":{"line":11,"column":3}},"3":{"start":{"line":8,"column":4},"end":{"line":10,"column":6}},"4":{"start":{"line":12,"column":2},"end":{"line":12,"column":39}},"5":{"start":{"line":13,"column":2},"end":{"line":13,"column":39}},"6":{"start":{"line":14,"column":2},"end":{"line":14,"column":149}},"7":{"start":{"line":15,"column":2},"end":{"line":15,"column":75}},"8":{"start":{"line":17,"column":9},"end":{"line":17,"column":23}},"9":{"start":{"line":22,"column":25},"end":{"line":201,"column":1}},"10":{"start":{"line":40,"column":2},"end":{"line":40,"column":7}},"11":{"start":{"line":41,"column":31},"end":{"line":46,"column":4}},"12":{"start":{"line":42,"column":4},"end":{"line":44,"column":5}},"13":{"start":{"line":43,"column":6},"end":{"line":43,"column":40}},"14":{"start":{"line":45,"column":4},"end":{"line":45,"column":47}},"15":{"start":{"line":47,"column":16},"end":{"line":47,"column":182}},"16":{"start":{"line":48,"column":2},"end":{"line":50,"column":3}},"17":{"start":{"line":49,"column":4},"end":{"line":49,"column":42}},"18":{"start":{"line":51,"column":22},"end":{"line":51,"column":36}},"19":{"start":{"line":52,"column":2},"end":{"line":59,"column":3}},"20":{"start":{"line":53,"column":19},"end":{"line":53,"column":32}},"21":{"start":{"line":54,"column":4},"end":{"line":54,"column":65}},"22":{"start":{"line":55,"column":4},"end":{"line":55,"column":69}},"23":{"start":{"line":56,"column":4},"end":{"line":56,"column":54}},"24":{"start":{"line":57,"column":4},"end":{"line":58,"column":5}},"25":{"start":{"line":60,"column":19},"end":{"line":60,"column":31}},"26":{"start":{"line":61,"column":2},"end":{"line":70,"column":33}},"27":{"start":{"line":62,"column":4},"end":{"line":69,"column":5}},"28":{"start":{"line":63,"column":6},"end":{"line":68,"column":12}},"29":{"start":{"line":64,"column":27},"end":{"line":64,"column":114}},"30":{"start":{"line":65,"column":8},"end":{"line":67,"column":9}},"31":{"start":{"line":66,"column":10},"end":{"line":66,"column":29}},"32":{"start":{"line":71,"column":2},"end":{"line":200,"column":11}},"33":{"start":{"line":79,"column":28},"end":{"line":79,"column":182}},"34":{"start":{"line":80,"column":31},"end":{"line":80,"column":128}},"35":{"start":{"line":81,"column":24},"end":{"line":81,"column":93}},"36":{"start":{"line":82,"column":21},"end":{"line":82,"column":87}},"37":{"start":{"line":83,"column":26},"end":{"line":83,"column":50}},"38":{"start":{"line":84,"column":8},"end":{"line":116,"column":17}},"39":{"start":{"line":92,"column":14},"end":{"line":92,"column":45}},"40":{"start":{"line":92,"column":29},"end":{"line":92,"column":45}},"41":{"start":{"line":95,"column":14},"end":{"line":95,"column":75}},"42":{"start":{"line":95,"column":59},"end":{"line":95,"column":75}},"43":{"start":{"line":202,"column":0},"end":{"line":202,"column":53}},"44":{"start":{"line":203,"column":0},"end":{"line":203,"column":22}},"45":{"start":{"line":206,"column":0},"end":{"line":206,"column":37}},"46":{"start":{"line":207,"column":0},"end":{"line":210,"column":1}},"47":{"start":{"line":208,"column":2},"end":{"line":208,"column":39}},"48":{"start":{"line":209,"column":2},"end":{"line":209,"column":39}},"49":{"start":{"line":211,"column":0},"end":{"line":220,"column":1}},"50":{"start":{"line":212,"column":2},"end":{"line":219,"column":5}},"51":{"start":{"line":213,"column":4},"end":{"line":213,"column":162}},"52":{"start":{"line":214,"column":4},"end":{"line":218,"column":7}},"53":{"start":{"line":215,"column":6},"end":{"line":215,"column":31}},"54":{"start":{"line":215,"column":24},"end":{"line":215,"column":31}},"55":{"start":{"line":216,"column":32},"end":{"line":216,"column":211}},"56":{"start":{"line":217,"column":6},"end":{"line":217,"column":75}},"57":{"start":{"line":217,"column":29},"end":{"line":217,"column":75}}},"fnMap":{"0":{"name":"(anonymous_0)","decl":{"start":{"line":22,"column":25},"end":{"line":22,"column":26}},"loc":{"start":{"line":39,"column":6},"end":{"line":201,"column":1}},"line":39},"1":{"name":"(anonymous_1)","decl":{"start":{"line":41,"column":46},"end":{"line":41,"column":47}},"loc":{"start":{"line":41,"column":52},"end":{"line":46,"column":3}},"line":41},"2":{"name":"(anonymous_2)","decl":{"start":{"line":61,"column":18},"end":{"line":61,"column":19}},"loc":{"start":{"line":61,"column":24},"end":{"line":70,"column":3}},"line":61},"3":{"name":"(anonymous_3)","decl":{"start":{"line":63,"column":17},"end":{"line":63,"column":18}},"loc":{"start":{"line":63,"column":23},"end":{"line":68,"column":7}},"line":63},"4":{"name":"(anonymous_4)","decl":{"start":{"line":78,"column"
[...]
AAA,gBACA,eAAY;AAAA;AAAA,cATd;AAAA;AAAA;AAAA;AAAA;AAAA;AAAA;AAAA;AAAA,YASiC;AAAA,YAEjC;AAAA,cAAC;AAAA;AAAA,gBACC,MAAK;AAAA,gBACL,aAAY;AAAA,gBACZ,OAAOzC;AAAAA,gBACP,UAAU,CAAAQ,MAAKP,gBAAgBO,EAAE+B,OAAOC,KAAK;AAAA,gBAC7C,OAAO,EAAEpB,OAAO,QAAQqB,cAAc,EAAE;AAAA,gBACxC,cAAa;AAAA,gBACb,cAAW;AAAA,gBACX;AAAA,gBACA,eAAY;AAAA;AAAA,cATd;AAAA;AAAA;AAAA;AAAA;AAAA;AAAA;AAAA;AAAA,YASoC;AAAA,YAEpC,uBAAC,YAAO,MAAK,UAAS,OAAO,EAAErB,OAAO,OAAO,GAAG,cAAW,sBAAqB,eAAY,sBAAqB,mCAAjH;AAAA;AAAA;AAAA;AAAA,mBAAoI;AAAA,YACnIlB,mBAAmB,uBAAC,SAAI,OAAO,EAAEwC,OAAO,OAAOP,WAAW,EAAE,GAAIjC,6BAA7C;AAAA;AAAA;AAAA;AAAA,mBAA6D;AAAA,eAzBnF;AAAA;AAAA;AAAA;AAAA,iBA0BA,IAEA;AAAA,YAAC;AAAA;AAAA,cACC,KAAKT;AAAAA,cACL,WAAU;AAAA,cACV,OAAO;AAAA,gBACLwB,SAAS;AAAA,gBACTF,YAAY;AAAA,gBACZ2B,OAAO;AAAA,gBACPJ,cAAc;AAAA,gBACdK,gBAAgB;AAAA,gBAChBC,YAAY;AAAA,gBACZC,UAAU;AAAA,gBACVd,WAAW;AAAA,gBACXe,YAAY;AAAA,gBACZC,QAAQ;AAAA,gBACRC,QAAQ;AAAA,gBACRC,SAAS;AAAA,gBACT7B,OAAO;AAAA,gBACPS,UAAU;AAAA,gBACVY,cAAc;AAAA,cAChB;AAAA,cACA,SAASlC;AAAAA,cACT,cAAW;AAAA,cAAqB;AAAA;AAAA,YArBlC;AAAA;AAAA;AAAA;AAAA;AAAA;AAAA;AAAA;AAAA,UAwBA;AAAA,UAEF;AAAA,YAAC;AAAA;AAAA,cACC,MAAK;AAAA,cACL,WAAU;AAAA,cACV,OAAO;AAAA,gBACLU,SAAS;AAAA,gBACTF,YAAY;AAAA,gBACZ2B,OAAO;AAAA,gBACPJ,cAAc;AAAA,gBACdK,gBAAgB;AAAA,gBAChBC,YAAY;AAAA,gBACZC,UAAU;AAAA,gBACVd,WAAW;AAAA,gBACXe,YAAY;AAAA,gBACZG,SAAS;AAAA,gBACT7B,OAAO;AAAA,gBACPS,UAAU;AAAA,gBACVY,cAAc;AAAA,gBACdS,SAAS;AAAA,gBACTpB,WAAW;AAAA,cACb;AAAA,cACA,cAAW;AAAA,cACX,SAAS,CAAAtB,MAAK;AAAEA,kBAAEC,eAAe;AAAGb,2BAAW,IAAI;AAAGJ,yBAAS,OAAO;AAAA,cAAG;AAAA,cAAE;AAAA;AAAA,YArB7E;AAAA;AAAA;AAAA;AAAA;AAAA;AAAA;AAAA;AAAA,UAwBA;AAAA,UAECG,WACC,uBAAC,SAAI,OAAO,EAAEoB,YAAY,0BAA0B2B,OAAO,WAAWJ,cAAc,GAAGrB,SAAS,iBAAiBW,QAAQ,iBAAiBC,UAAU,KAAKgB,UAAU,QAAQD,YAAY,IAAI,GACzL;AAAA,mCAAC,UAAK,MAAK,OAAM,cAAW,aAAY,OAAO,EAAEP,aAAa,EAAE,GAAG,kBAAnE;AAAA;AAAA;AAAA;AAAA,mBAAqE;AAAA,YAAM;AAAA,eAD7E;AAAA;AAAA;AAAA;AAAA,iBAGA;AAAA,UAGF,uBAAC,SAAI,OAAO;AAAA,YACVa,SAAS;AAAA,YACTC,gBAAgB;AAAA,YAChBC,KAAK;AAAA,YACLjB,WAAW;AAAA,YACXkB,UAAU;AAAA,UACZ,GACGnE;AAAAA,wBAAYoE,IAAI,CAACC,GAAGC,MAAM;AAEzB,kBAAIC,QAAQ;AACZ,kBAAIF,EAAEnE,UAAU,mBAAoBqE,SAAQ;AAAA,uBACnCF,EAAEnE,UAAU,iBAAkBqE,SAAQ;AAAA,uBACtCF,EAAEnE,UAAU,oBAAqBqE,SAAQ;AAClD,qBACE;AAAA,gBAAC;AAAA;AAAA,kBAEC,MAAK;AAAA,kBACL,WAAU;AAAA,kBACV,OAAO;AAAA,oBACL1C,YAAY;AAAA,oBACZuB,cAAc;AAAA,oBACdrB,SAAS;AAAA,oBACTe,UAAU;AAAA,oBACVH,UAAU;AAAA,oBACVD,QAAQ;AAAA,oBACRG,WAAW;AAAA,oBACXD,WAAW;AAAA,oBACXY,OAAO;AAAA,oBACPE,YAAY;AAAA,oBACZC,UAAU;AAAA,oBACVE,QAAQ;AAAA,oBACRG,SAAS;AAAA,oBACTQ,eAAe;AAAA,oBACfC,YAAY;AAAA,oBACZP,KAAK;AAAA,oBACLQ,MAAM;AAAA,oBACNC,WAAW;AAAA,oBACXtC,SAAS;AAAA,oBACTU,WAAW;AAAA,oBACXP,WAAW,iBAAiB,OAAO8B,IAAI,IAAI,uDAAuDA,IAAI,KAAKM,QAAQ,CAAC,CAAC;AAAA,oBACrHd,QAAQ;AAAA,oBACRF,YAAY;AAAA,oBACZG,SAAS;AAAA,oBACTpC,UAAU;AAAA,oBACVG,UAAU;AAAA,kBACZ;AAAA,kBACA,cAAYuC,EAAEnE,QAAQ;AAAA,kBACtB,SAAS,CAAAoB,MAAK;AAEZ,0BAAMuD,OAAOvD,EAAEwD;AACf,0BAAMC,SAASC,SAASC,cAAc,MAAM;AAC5CF,2BAAOG,YAAY;AACnB,0BAAMC,OAAON,KAAKO,sBAAsB;AACxCL,2BAAOM,MAAMrD,OAAO,GAAGV,EAAEgE,UAAUH,KAAKnD,IAAI;AAC5C+C,2BAAOM,MAAMpD,MAAM,GAAGX,EAAEiE,UAAUJ,KAAKlD,GAAG;AAC1C4C,yBAAKW,YAAYT,MAAM;AACvBU,+BAAW,MAAMV,OAAOW,OAAO,GAAG,GAAG;AACrCpF,6BAASiE,KAAK;AAAA,kBAChB;AAAA,kBACA,WAAW,CAAAjD,MAAK;AACd,wBAAIA,EAAEqE,QAAQ,WAAWrE,EAAEqE,QAAQ,KAAK;AACtCrE,wBAAEC,eAAe;AACjBjB,+BAASiE,KAAK;AAAA,oBAChB;AAAA,kBACF;AAAA,kBAEA;AAAA,2CAAC,UAAK,WAAU,qBAAoB,OAAO,EAAEZ,UAAU,UAAUJ,cAAc,EAAE,GAAG,eAAY,QAC7Fc,YAAEpE,QADL;AAAA;AAAA;AAAA;AAAA,2BAEA;AAAA,oBACA;AAAA,sBAAC;AAAA;AAAA,wBACC,WAAU;AAAA,wBACV,OAAO;AAAA,0BACLyD,YAAY;AAAA,0BACZC,UAAU;AAAA,0BACVJ,cAAc;AAAA,0BACdqC,WAAW;AAAA,wBACb;AAAA,wBAECvB,YAAEnE;AAAAA;AAAAA,sBATL;AAAA;AAAA;AAAA;AAAA;AAAA;AAAA;AAAA;AAAA,oBAUA;AAAA,oBACA,uBAAC,UAAK,WAAU,qBAAoB,OAAO,EAAEyD,UAAU,WAAWkC,YAAY,IAAI,GAAIxB,YAAElE,QAAxF;AAAA;AAAA;AAAA;AAAA,2BAA6F;AAAA,oBAE7F,uBAAC,UAAK,WAAU,uBAAsB,eAAY,UAAlD;AAAA;AAAA;AAAA;AAAA,2BAAwD;AAAA;AAAA;AAAA,gBAnEnDkE,EAAEnE;AAAAA,gBADT;AAAA;AAAA;AAAA;AAAA;AAAA;AAAA;AAAA,cAqEA;AAAA,YAEJ,CAAC;AAAA,YACD,uBAAC,WAAO;AAAA;AAAA;AAAA;AAAA;AAAA;AAAA;AAAA;AAAA;AAAA;AAAA;AAAA;AAAA;AAAA;AAAA;AAAA;AAAA;AAAA;AAAA;AAAA;AAAA;AAAA;AAAA;AAAA;AAAA;AAAA;AAAA;AAAA;AAAA;AAAA;AAAA;AAAA;AAAA;AAAA;AAAA;AAAA;AAAA;AAAA;AAAA;AAAA;AAAA;AAAA;AAAA;AAAA;AAAA;AAAA;AAAA;AAAA;AAAA;AAAA;AAAA;AAAA;AAAA;AAAA;AAAA;AAAA;AAAA;AAAA;AAAA;AAAA;AAAA;AAAA;AAAA;AAAA;AAAA;AAAA;AAAA;AAAA;AAAA;AAAA;AAAA;AAAA;AAAA;AAAA;AAAA;AAAA;AAAA;AAAA;AAAA;AAAA;AAAA;AAAA;AAAA;AAAA;AAAA;AAAA;AAAA;AAAA;AAAA;AAAA;AAAA;AAAA;AAAA;AAAA;AAAA;AAAA;AAAA;AAAA;AAAA;AAAA;AAAA;AAAA;AAAA;AAAA;AAAA;AAAA;AAAA;AAAA;AAAA;AAAA;AAAA;AAAA;AAAA;AAAA;AAAA;AAAA;AAAA;AAAA;AAAA;AAAA;AAAA;AAAA;AAAA;AAAA;AAAA;AAAA,eAAR;AAAA;AAAA;AAAA;AAAA,mBA6HE;AAAA,eAnNJ;AAAA;AAAA;AAAA;AAAA,iBAoNA;AAAA,UACA,uBAAC,YAAO,OAAO,EAAE+C,WAAW,IAAIO,OAAO,aAAaG,UAAU,GAAG,GAAE;AAAA;AAAA,aACzD,oBAAImC,KAAK,GAAEC,YAAY;AAAA,YAAE;AAAA,YAEjC,uBAAC,SAAI,OAAO,EAAE9C,WAAW,IAAIe,SAAS,QAAQC,gBAAgB,UAAUC,KAAK,GAAG,GAAG,cAAW,qBAC5F;AAAA,qCAAC,OAAE,MAAK,UAAS,WAAU,mBAAkB,OAAO,EAAEV,OAAO,WAAWC,gBAAgB,aAAaC,YAAY,KAAKC,UAAU,GAAG,GAAG,qBAAtI;AAAA;AAAA;AAAA;AAAA,qBAA2I;AAAA,cAC3I,uBAAC,OAAE,MAAK,YAAW,WAAU,mBAAkB,OAAO,EAAEH,OAAO,WAAWC,gBAAgB,aAAaC,YAAY,KAAKC,UAAU,GAAG,GAAG,uBAAxI;AAAA;AAAA;AAAA;AAAA,qBAA+I;AAAA,cAC/I,uBAAC,OAAE,MAAK,YAAW,WAAU,mBAAkB,OAAO,EAAEH,OAAO,WAAWC,gBAAgB,aAAaC,YAAY,KAAKC,UAAU,GAAG,GAAG,uBAAxI;AAAA;AAAA;AAAA;AAAA,qBAA+I;AAAA,iBAHjJ;AAAA;AAAA;AAAA;AAAA,mBAIA;AAAA,eAPF;AAAA;AAAA;AAAA;AAAA,iBAQA;AAAA;AAAA;AAAA,MAxUF;AAAA;AAAA;AAAA;AAAA;AAAA;AAAA;AAAA;AAAA,IAyUA;AAAA,OAvYF;AAAA;AAAA;AAAA;AAAA,SAwYA;AAEJ;AAAEtD,GAjbID,aAAqB;AAAA,UACRrB,WAAW;AAAA;AAAAiH,KADxB5F;AAmbN,eAAeA;AAAY,IAAA4F;AAAAC,aAAAD,IAAA","names":["React","useNavigate","getAuth","GoogleAuthProvider","signInWithPopup","signInWithEmailAndPassword","onAuthStateChanged","app","auth","provider","isAuthEmulator","window","import","env","VITE_USE_FIREBASE_EMULATOR","location","port","process","featureList","icon","title","desc","LandingPage","_s","navigate","mainBtnRef","useRef","showTip","setShowTip","useState","testEmail","setTestEmail","testPassword","setTestPassword","testSignInError","setTestSignInError","user","setUser","useEffect","handleSignIn","e","preventDefault","handleTestSignIn","err","message","position","minHeight","background","overflow","padding","left","top","width","height","zIndex","opacity","pointerEvents","transformOrigin","animation","filter","margin","maxWidth","textAlign","boxShadow","minWidth","transform","DEV","marginTop","marginLeft","marginRight","borderRadius","target","value","marginBottom","color","textDecoration","fontWeight","fontSize","transition","border","cursor","outline","display","justifyContent","gap","flexWrap","map","f","i","route","flexDirection","alignItems","flex","boxSizing","toFixed","card","currentTarget","ripple","document","createElement","className","rect","getBoundingClientRect","style","clientX","clientY","appendChild","setTimeout","remove","key","wordBreak","lineHeight","Date","getFullYear","_c","$RefreshReg$"],"ignoreList":[],"sources":["/Users/macuser/Desktop/Massage-Therapy-FIREBASE-PRO/src/pages/LandingPage.tsx"],"file":"/Users/macuser/Desktop/Massage-Therapy-FIREBASE-PRO/src/pages/LandingPage.tsx"},"_coverageSchema":"1a1c01bbd47fc00a2c39e90264f33305004495a9","hash":"071993c71cf6e4ef234bb241e69afd2c7c8bc328"},"/Users/macuser/Desktop/Massage-Therapy-FIREBASE-PRO/src/App.tsx":{"path":"/Users/macuser/Desktop/Massage-Therapy-FIREBASE-PRO/src/App.tsx","statementMap":{"0":{"start":{"line":3,"column":20},"end":{"line":3,"column":97}},"1":{"start":{"line":6,"column":0},"end":{"line":16,"column":1}},"2":{"start":{"line":7,"column":2},"end":{"line":11,"column":3}},"3":{"start":{"line":8,"column":4},"end":{"line":10,"column":6}},"4":{"start":{"line":12,"column":2},"end":{"line":12,"column":39}},"5":{"start":{"line":13,"column":2},"end":{"line":13,"column":39}},"6":{"start":{"line":14,"column":2},"end":{"line":14,"column":120}},"7":{"start":{"line":15,"column":2},"end":{"line":15,"column":75}},"8":{"start":{"line":17,"column":9},"end":{"line":17,"column":23}},"9":{"start":{"line":17,"column":31},"end":{"line":17,"column":45}},"10":{"start":{"line":31,"column":2},"end":{"line":31,"column":7}},"11":{"start":{"line":32,"column":19},"end":{"line":32,"column":32}},"12":{"start":{"line":33,"column":2},"end":{"line":35,"column":17}},"13":{"start":{"line":34,"column":4},"end":{"line":34,"column":112}},"14":{"start":{"line":36,"column":2},"end":{"line":36,"column":14}},"15":{"start":{"line":38,"column":0},"end":{"line":40,"column":3}},"16":{"start":{"line":39,"column":2},"end":{"line":39,"column":23}},"17":{"start":{"line":41,"column":0},"end":{"line":41,"column":16}},"18":{"start":{"line":42,"column":12},"end":{"line":170,"column":1}},"19":{"start":{"line":43,"column":2},"end":{"line":43,"column":8}},"20":{"start":{"line":44,"column":23},"end":{"line":44,"column":37}},"21":{"start":{"line":45,"column":32},"end":{"line":45,"column":52}},"22":{"start":{"line":46,"column":2},"end":{"line":50,"column":17}},"23":{"start":{"line":47,"column":4},"end":{"line":47,"column":27}},"24":{"start":{"line":48,"column":18},"end":{"line":48,"column":58}},"25":{"start":{"line":48,"column":35},"end":{"line":48,"column":52}},"26":{"start":{"line":49,"column":4},"end":{"line":49,"column":37}},"27":{"start":{"line":49,"column":17},"end":{"line":49,"column":36}},"28":{"start":{"line":51,"column":2},"end":{"line":79,"column":3}},"29":{"start":{"line":52,"column":4},"end":{"line":78,"column":13}},"30":{"start":{"line":80,"column":2},"end":{"line":169,"column":11}},"31":{"start":{"line":171,"column":0},"end":{"line":173,"column":3}},"32":{"start":{"line":172,"column":2},"end":{"line":172,"column":24}},"33":{"start":{"line":174,"column":0},"end":{"line":174,"column":10}},"34":{"start":{"line":177,"column":0},"end":{"line":177,"column":31}},"35":{"start":{"line":178,"column":0},"end":{"line":178,"column":25}},"36":{"start":{"line":179,"column":0},"end":{"line":182,"column":1}},"37":{"start":{"line":180,"column":2},"end":{"line":180,"column":39}},"38":{"start":{"line":181,"column":2},"end":{"line":181,"column":39}},"39":{"start":{"line":183,"column":0},"end":{"line":192,"column":1}},"40":{"start":{"line":184,"column":2},"end":{"line":191,"column":5}},"41":{"start":{"line":185,"column":4},"end":{"line":185,"column":133}},"42":{"start":{"line":186,"column":4},"end":{"line":190,"column":7}},"43":{"start":{"line":187,"column":6},"end":{"line":187,"column":31}},"44":{"start":{"line":187,"column":24},"end":{"line":187,"column":31}},"45":{"start":{"line":188,"column":32},"end":{"line":188,"column":182}},"46":{"start":{"line":189,"column":6},"end":{"line":189,"column":75}},"47":{"start":{"line":189,"column":29},"end":{"line":189,"column":75}}},"fnMap":{"0":{"name":"RouteDebug","decl":{"start":{"line":30,"column":9},"end":{"line":30,"column":19}},"loc":{"start":{"line":30,"column":22},"end":{"line":37,"column":1}},"line":30},"1":{"name":"(anonymous_1)","decl":{"start":{"line":33,"column":18},"end":{"line":33,"column":19}},"loc":{"start":{"line":33,"column":24},"end":{"line":35,"column":3}},"line":33},"2":{"name":"(anonymous_2)","decl":{"start":{"line":38,"column":54},"end":{"line":38,"column":55}},"loc":{"start":{"line":38,"column":65},"end":{"line":40,"column":1}},"line":38},"3":{"name":"(anonymous_3)","decl":{"start":{"line":42,"column":12},"end":{"line":42,"column":13}},"loc":{"start":{"line":42,"column":18},"end":{"line":170,"column":1}},"line":42},"4":{"name":"(anonymous_4)","decl":{"start":{"line":46,"column":18},"end":{"line":46,"column":19}},"loc":{"start":{"line":46,"column":24},"end":{"line":50,"column":3}},"line":46},"5":{"name":"(anonymous_5)","decl":{"start":{"line":48,"column":29},"end":{"line":48,"column":30}},"loc":{"start":{"line":48,"column":35},"end":{"line":48,"column":52}},"line":48},"6":{"name":"(anonymous_6)","decl":{"start":{"line":49,"column":11},"end":{"line":49,"column":12}},"loc":{"start":{"line":49,"column":17},"end":{"line":49,"column":36}},"line":49},"7":{"name":"(anonymous_7)","decl":{"start":{"line":171,"column":48},"end":{"line":171,"column":49}},"loc":{"start":{"line":171,"column":59},"end":{"line":173,"column":1}},"line":171},"8":{"name":"(anonymous_8)","decl":{"start":{"line":184,"column":52},"end":{"line":184,"column":53}},"loc":{"start":{"line":184,"column":72},"end":{"line":191,"column":3}},"line":184},"9":{"name":"(anonymous_9)","decl":{"start":{"line":186,"column":27},"end":{"line":186,"column":28}},"loc":{"start":{"line":186,"column":44},"end":{"line":190,"column":5}},"line":186}},"branchMap":{"0":{"loc":{"start":{"line":3,"column":20},"end":{"line":3,"column":97}},"type":"binary-expr","locations":[{"start":{"line":3,"column":20},"end":{"line":3,"column":60}},{"start":{"line":3,"column":64},"end":{"line":3,"column":97}}],"line":3},"1":{"loc":{"start":{"line":6,"column":0},"end":{"line":16,"column":1}},"type":"if","locations":[{"start":{"line":6,"column":0},"end":{"line":16,"column":1}},{"start":{},"end":{}}],"line":6},"2":{"loc":{"start":{"line":6,"column":4},"end":{"line":6,"column":35}},"type":"binary-expr","locations":[{"start":{"line":6,"column":4},"end":{"line":6,"column":19}},{"start":{"line":6,"column":23},"end":{"line":6,"column":35}}],"line":6},"3":{"loc":{"start":{"line":7,"column":2},"end":{"line":11,"column":3}},"type":"if","locations":[{"start":{"line":7,"column":2},"end":{"line":11,"column":3}},{"start":{},"end":{}}],"line":7},"4":{"loc":{"start":{"line":51,"column":2},"end":{"line":79,"column":3}},"type":"if","locations":[{"start":{"line":51,"column":2},"end":{"line":79,"column":3}},{"start":{},"end":{}}],"line":51},"5":{"loc":{"start":{"line":81,"column":4},"end":{"line":85,"column":12}},"type":"binary-expr","locations":[{"start":{"line":81,"column":4},"end":{"line":81,"column":23}},{"start":{"line":81,"column":43},"end":{"line":85,"column":12}}],"line":81},"6":{"loc":{"start":{"line":179,"column":0},"end":{"line":182,"column":1}},"type":"if","locations":[{"start":{"line":179,"column":0},"end":{"line":182,"column":1}},{"start":{},"end":{}}],"line":179},"7":{"loc":{"start":{"line":179,"column":4},"end":{"line":179,"column":35}},"type":"binary-expr","locations":[{"start":{"line":179,"column":4},"end":{"line":179,"column":19}},{"start":{"line":179,"column":23},"end":{"line":179,"column":35}}],"line":179},"8":{"loc":{"start":{"line":183,"column":0},"end":{"line":192,"column":1}},"type":"if","locations":[{"start":{"line":183,"column":0},"end":{"line":192,"column":1}},{"start":{},"end":{}}],"line":183},"9":{"loc":{"start":{"line":183,"column":4},"end":{"line":183,"column":35}},"type":"binary-expr","locations":[{"start":{"line":183,"column":4},"end":{"line":183,"column":19}},{"start":{"line":183,"column":23},"end":{"line":183,"column":35}}],"line":183},"10":{"loc":{"start":{"line":187,"column":6},"end":{"line":187,"column":31}},"type":"if","locations":[{"start":{"line":187,"column":6},"end":{"line":187,"column":31}},{"start":{},"end":{}}],"line":187},"11":{"loc":{"start":{"line":189,"column":6},"end":{"line":189,"column":75}},"type":"if","locations":[{"start":{"line":189,"column":6},"end":{"line":189,"column":75}},{"start":{},"end":{}}],"line":189}},"s":{"0":1,"1":1,"2":1,"3":0,"4":1,"5":1,"6":1,"7":1,"8":1,"9":1,"10":1,"11":1,"12":1,"13":1,"14":1,"15":1,"16":1,"17":1,"18":1,"19":2,"20":2,"21":2,"22":2,"23":1,"24":1,"25":1,"26":1,"27":0,"28":2,"29":1,"30":1,"31":1,"32":1,"33":1,"34":1,"35":1,"36":1,"37":1,"38":1,"39":1,"40":1,"41":1,"42":1,"43":0,"44":0,"45":0,"46":0,"47":0},"f":{"0":1,"1":1,"2":1,"3":2,"4":1,"5":1,"6":0,"7":1,"8":1,"9":0},"b":{"0":[1,0],"1":[1,0],"2":[1,1],"3":[0,1],"4":[1,1],"5":[1,1],"6":[1,0],"7":[1,1],"8":[1,0],"9":[1,1],"10":[0,0],"11":[0,0]},"inputSourceMap":{"version":3,"mappings":"AAwCU;;;;;;;;;;;;;;;;;AAxCV,OAAOA,WAAW;AAClB,SAASC,iBAAiBC,QAAQC,QAAQC,OAAOC,UAAUC,mBAAmB;AAC9E,OAAOC,eAAe;AACtB,OAAOC,YAAY;AACnB,OAAOC,UAAU;AACjB,OAAOC,kBAAkB;AACzB,OAAOC,eAAe;AACtB,OAAOC,aAAa;AACpB,OAAOC,eAAe;AACtB,OAAO;AACP,SAASC,oBAAoB;AAC7B,OAAOC,iBAAiB;AAGxB,SAASC,aAAa;AAAAC,KAAA;AACpB,QAAMC,WAAWZ,YAAY;AAC7BN,QAAMmB,UAAU,MAAM;AAEpBC,YAAQC,IAAI,sCAAsCH,SAASI,UAAU,aAAaC,YAAYC,IAAIC,QAAQ;AAAA,EAC5G,GAAG,CAACP,QAAQ,CAAC;AACb,SAAO;AACT;AAACD,GAPQD,YAAU;AAAA,UACAV,WAAW;AAAA;AAAAoB,KADrBV;AAUT,MAAMW,MAAgBA,MAAM;AAAAC,MAAA;AAC1B,QAAM,EAAEC,SAAS,IAAIf,aAAa;AAElC,QAAM,CAACgB,SAASC,UAAU,IAAI/B,MAAMgC,SAAS,IAAI;AAEjDhC,QAAMmB,UAAU,MAAM;AACpBU,aAAS,YAAY;AAErB,UAAMI,QAAQC,WAAW,MAAMH,WAAW,KAAK,GAAG,GAAG;AACrD,WAAO,MAAMI,aAAaF,KAAK;AAAA,EACjC,GAAG,CAACJ,QAAQ,CAAC;AAEb,MAAIC,SAAS;AACX,WACE,uBAAC,SAAI,WAAU,oBAAmB,OAAO,EAAEM,WAAW,SAASC,SAAS,QAAQC,YAAY,UAAUC,gBAAgB,UAAUC,YAAY,OAAO,GACjJ;AAAA,6BAAC,SACC;AAAA,+BAAC,SAAI,WAAU,WAAU,OAAO,EAAEC,QAAQ,UAAUC,OAAO,IAAIC,QAAQ,IAAIC,QAAQ,kBAAkBC,WAAW,qBAAqBC,cAAc,OAAOC,WAAW,0BAA0B,KAA/L;AAAA;AAAA;AAAA;AAAA,eAAiM;AAAA,QACjM,uBAAC,SAAI,OAAO,EAAEC,WAAW,IAAIC,OAAO,QAAQC,UAAU,GAAG,GAAG,wBAA5D;AAAA;AAAA;AAAA;AAAA,eAAoE;AAAA,WAFtE;AAAA;AAAA;AAAA;AAAA,aAGA;AAAA,MACA,uBAAC,WAAO,uGAAR;AAAA;AAAA;AAAA;AAAA,aAAkG;AAAA,SALpG;AAAA;AAAA;AAAA;AAAA,WAMA;AAAA,EAEJ;AAEA,SACE,uBAAC,UAAO,UAAU3B,YAAYC,IAAIC,UAC/BF;AAAAA,gBAAYC,IAAI2B,OAAO,uBAAC,gBAAD;AAAA;AAAA;AAAA;AAAA,WAAW;AAAA,IACnC,uBAAC,eAAD;AAAA;AAAA;AAAA;AAAA,WAAU;AAAA,IACV,uBAAC,YAAD;AAAA;AAAA;AAAA;AAAA,WAAO;AAAA,IACP,uBAAC,UAAK,WAAU,gBAAe,MAAK,QAClC,iCAAC,UACC;AAAA,6BAAC,SAAM,MAAK,KAAI,SAAS,uBAAC,iBAAD;AAAA;AAAA;AAAA;AAAA,aAAY,KAArC;AAAA;AAAA;AAAA;AAAA,aAAyC;AAAA,MACzC,uBAAC,SAAM,MAAK,SAAQ,SAAS,uBAAC,UAAD;AAAA;AAAA;AAAA;AAAA,aAAK,KAAlC;AAAA;AAAA;AAAA;AAAA,aAAsC;AAAA,MACtC,uBAAC,SAAM,MAAK,iBAAgB,SAAS,uBAAC,kBAAD;AAAA;AAAA;AAAA;AAAA,aAAa,KAAlD;AAAA;AAAA;AAAA;AAAA,aAAsD;AAAA,MACtD,uBAAC,SAAM,MAAK,cAAa,SAAS,uBAAC,eAAD;AAAA;AAAA;AAAA;AAAA,aAAU,KAA5C;AAAA;AAAA;AAAA;AAAA,aAAgD;AAAA,MAChD,uBAAC,SAAM,MAAK,YAAW,SAAS,uBAAC,aAAD;AAAA;AAAA;AAAA;AAAA,aAAQ,KAAxC;AAAA;AAAA;AAAA;AAAA,aAA4C;AAAA,MAC5C,uBAAC,SAAM,MAAK,KAAI,SAAS,uBAAC,YAAS,IAAG,KAAI,SAAO,QAAxB;AAAA;AAAA;AAAA;AAAA,aAAwB,KAAjD;AAAA;AAAA;AAAA;AAAA,aAAqD;AAAA,SANvD;AAAA;AAAA;AAAA;AAAA,WAOA,KARF;AAAA;AAAA;AAAA;AAAA,WASA;AAAA,IACA,uBAAC,eAAD;AAAA;AAAA;AAAA;AAAA,WAAU;AAAA,OAdZ;AAAA;AAAA;AAAA;AAAA,SAeA;AAEJ;AAAEvB,IA1CID,KAAa;AAAA,UACIb,YAAY;AAAA;AAAAsC,MAD7BzB;AA4CN,eAAeA;AAAI,IAAAD,IAAA0B;AAAAC,aAAA3B,IAAA;AAAA2B,aAAAD,KAAA","names":["React","BrowserRouter","Router","Routes","Route","Navigate","useLocation","AppHeader","NavBar","Quiz","Achievements","Analytics","Profile","AppFooter","useAnalytics","LandingPage","RouteDebug","_s","location","useEffect","console","log","pathname","import","env","BASE_URL","_c","App","_s2","logEvent","loading","setLoading","useState","timer","setTimeout","clearTimeout","minHeight","display","alignItems","justifyContent","background","margin","width","height","border","borderTop","borderRadius","animation","marginTop","color","fontSize","DEV","_c2","$RefreshReg$"],"ignoreList":[],"sources":["/Users/macuser/Desktop/Massage-Therapy-FIREBASE-PRO/src/App.tsx"],"file":"/Users/macuser/Desktop/Massage-Therapy-FIREBASE-PRO/src/App.tsx"},"_coverageSchema":"1a1c01bbd47fc00a2c39e90264f33305004495a9","hash":"8ddabdb4e361ada494c4996f24ced43760aa3a93"},"/Users/macuser/Desktop/Massage-Therapy-FIREBASE-PRO/src/index.tsx":{"path":"/Users/macuser/Desktop/Massage-Therapy-FIREBASE-PRO/src/index.tsx","statementMap":{"0":{"start":{"line":4,"column":18},"end":{"line":4,"column":49}},"1":{"start":{"line":5,"column":13},"end":{"line":5,"column":34}},"2":{"start":{"line":6,"column":0},"end":{"line":10,"column":10}}},"fnMap":{},"branchMap":{},"s":{"0":1,"1":1,"2":1},"f":{},"b":{},"inputSourceMap":{"version":3,"mappings":"AAMY;AALZ,SAASA,kBAAkB;AAC3B,OAAOC,SAAS;AAEhB,MAAMC,YAAYC,SAASC,eAAe,MAAM;AAChD,MAAMC,OAAOL,WAAWE,SAAU;AAClCG,KAAKC,OAAO,uBAAC,SAAD;AAAA;AAAA;AAAA;AAAA,OAAI,CAAG","names":["createRoot","App","container","document","getElementById","root","render"],"ignoreList":[],"sources":["/Users/macuser/Desktop/Massage-Therapy-FIREBASE-PRO/src/index.tsx"],"file":"/Users/macuser/Desktop/Massage-Therapy-FIREBASE-PRO/src/index.tsx"},"_coverageSchema":"1a1c01bbd47fc00a2c39e90264f33305004495a9","hash":"165adfe59e46f6074fcd9ce79f7c3a8208ce6bce"}}