{"/Users/macuser/Desktop/Massage-Therapy-Smart-Study-REACT/src/components/BadgeCard.jsx": {"path":"/Users/macuser/Desktop/Massage-Therapy-Smart-Study-REACT/src/components/BadgeCard.jsx","statementMap":{"0":{"start":{"line":6,"column":18},"end":{"line":39,"column":2}},"1":{"start":{"line":7,"column":2},"end":{"line":38,"column":4}},"2":{"start":{"line":20,"column":8},"end":{"line":22,"column":9}},"3":{"start":{"line":21,"column":10},"end":{"line":21,"column":48}},"4":{"start":{"line":24,"column":21},"end":{"line":24,"column":58}},"5":{"start":{"line":41,"column":0},"end":{"line":51,"column":2}}},"fnMap":{"0":{"name":"BadgeCard","decl":{"start":{"line":6,"column":38},"end":{"line":6,"column":47}},"loc":{"start":{"line":6,"column":74},"end":{"line":39,"column":1}},"line":6},"1":{"name":"(anonymous_1)","decl":{"start":{"line":19,"column":17},"end":{"line":19,"column":18}},"loc":{"start":{"line":19,"column":22},"end":{"line":23,"column":7}},"line":19},"2":{"name":"(anonymous_2)","decl":{"start":{"line":24,"column":15},"end":{"line":24,"column":16}},"loc":{"start":{"line":24,"column":21},"end":{"line":24,"column":58}},"line":24}},"branchMap":{"0":{"loc":{"start":{"line":11,"column":18},"end":{"line":11,"column":40}},"type":"binary-expr","locations":[{"start":{"line":11,"column":18},"end":{"line":11,"column":28}},{"start":{"line":11,"column":32},"end":{"line":11,"column":40}}],"line":11},"1":{"loc":{"start":{"line":12,"column":20},"end":{"line":12,"column":51}},"type":"cond-expr","locations":[{"start":{"line":12,"column":35},"end":{"line":12,"column":41}},{"start":{"line":12,"column":44},"end":{"line":12,"column":51}}],"line":12},"2":{"loc":{"start":{"line":14,"column":28},"end":{"line":14,"column":64}},"type":"cond-expr","locations":[{"start":{"line":14,"column":43},"end":{"line":14,"column":51}},{"start":{"line":14,"column":54},"end":{"line":14,"column":64}}],"line":14},"3":{"loc":{"start":{"line":17,"column":8},"end":{"line":17,"column":64}},"type":"cond-expr","locations":[{"start":{"line":17,"column":23},"end":{"line":17,"column":41}},{"start":{"line":17,"column":44},"end":{"line":17,"column":64}}],"line":17},"4":{"loc":{"start":{"line":20,"column":8},"end":{"line":22,"column":9}},"type":"if","locations":[{"start":{"line":20,"column":8},"end":{"line":22,"column":9}},{"start":{},"end":{}}],"line":20},"5":{"loc":{"start":{"line":20,"column":12},"end":{"line":20,"column":46}},"type":"binary-expr","locations":[{"start":{"line":20,"column":12},"end":{"line":20,"column":29}},{"start":{"line":20,"column":33},"end":{"line":20,"column":46}}],"line":20},"6":{"loc":{"start":{"line":21,"column":10},"end":{"line":21,"column":47}},"type":"binary-expr","locations":[{"start":{"line":21,"column":10},"end":{"line":21,"column":23}},{"start":{"line":21,"column":27},"end":{"line":21,"column":47}}],"line":21},"7":{"loc":{"start":{"line":24,"column":21},"end":{"line":24,"column":58}},"type":"binary-expr","locations":[{"start":{"line":24,"column":21},"end":{"line":24,"column":34}},{"start":{"line":24,"column":38},"end":{"line":24,"column":58}}],"line":24},"8":{"loc":{"start":{"line":26,"column":13},"end":{"line":26,"column":56}},"type":"binary-expr","locations":[{"start":{"line":26,"column":13},"end":{"line":26,"column":30}},{"start":{"line":26,"column":34},"end":{"line":26,"column":44}},{"start":{"line":26,"column":48},"end":{"line":26,"column":56}}],"line":26},"9":{"loc":{"start":{"line":29,"column":13},"end":{"line":29,"column":76}},"type":"binary-expr","locations":[{"start":{"line":29,"column":13},"end":{"line":29,"column":36}},{"start":{"line":29,"column":40},"end":{"line":29,"column":51}},{"start":{"line":29,"column":55},"end":{"line":29,"column":76}}],"line":29},"10":{"loc":{"start":{"line":30,"column":13},"end":{"line":30,"column":35}},"type":"binary-expr","locations":[{"start":{"line":30,"column":13},"end":{"line":30,"column":23}},{"start":{"line":30,"column":27},"end":{"line":30,"column":35}}],"line":30},"11":{"loc":{"start":{"line":34,"column":42},"end":{"line":34,"column":64}},"type":"binary-expr","locations":[{"start":{"line":34,"column":42},"end":{"line":34,"column":52}},{"start":{"line":34,"column":56},"end":{"line":34,"column":64}}],"line":34},"12":{"loc":{"start":{"line":35,"column":74},"end":{"line":35,"column":112}},"type":"cond-expr","locations":[{"start":{"line":35,"column":89},"end":{"line":35,"column":97}},{"start":{"line":35,"column":100},"end":{"line":35,"column":112}}],"line":35},"13":{"loc":{"start":{"line":36,"column":63},"end":{"line":36,"column":86}},"type":"binary-expr","locations":[{"start":{"line":36,"column":63},"end":{"line":36,"column":80}},{"start":{"line":36,"column":84},"end":{"line":36,"column":86}}],"line":36}},"s":{"0":2,"1":13,"2":1,"3":1,"4":1,"5":2},"f":{"0":13,"1":1,"2":1},"b":{"0":[13,0],"1":[12,1],"2":[12,1],"3":[12,1],"4":[1,0],"5":[1,0],"6":[1,1],"7":[1,1],"8":[13,0,0],"9":[13,0,0],"10":[13,0],"11":[13,0],"12":[12,1],"13":[13,0]},"_coverageSchema":"1a1c01bbd47fc00a2c39e90264f33305004495a9","hash":"a090054ac4b1cb08ae5828bf2b0b97a820abca90"}
,"/Users/macuser/Desktop/Massage-Therapy-Smart-Study-REACT/src/components/BadgeDetailsModal.jsx": {"path":"/Users/macuser/Desktop/Massage-Therapy-Smart-Study-REACT/src/components/BadgeDetailsModal.jsx","statementMap":{"0":{"start":{"line":4,"column":19},"end":{"line":4,"column":31}},"1":{"start":{"line":6,"column":2},"end":{"line":30,"column":22}},"2":{"start":{"line":7,"column":4},"end":{"line":7,"column":22}},"3":{"start":{"line":7,"column":15},"end":{"line":7,"column":22}},"4":{"start":{"line":8,"column":22},"end":{"line":10,"column":5}},"5":{"start":{"line":11,"column":18},"end":{"line":11,"column":32}},"6":{"start":{"line":12,"column":17},"end":{"line":12,"column":50}},"7":{"start":{"line":14,"column":6},"end":{"line":25,"column":7}},"8":{"start":{"line":15,"column":8},"end":{"line":15,"column":28}},"9":{"start":{"line":16,"column":8},"end":{"line":16,"column":29}},"10":{"start":{"line":17,"column":13},"end":{"line":25,"column":7}},"11":{"start":{"line":18,"column":8},"end":{"line":24,"column":9}},"12":{"start":{"line":19,"column":10},"end":{"line":19,"column":29}},"13":{"start":{"line":20,"column":10},"end":{"line":20,"column":23}},"14":{"start":{"line":21,"column":15},"end":{"line":24,"column":9}},"15":{"start":{"line":22,"column":10},"end":{"line":22,"column":29}},"16":{"start":{"line":23,"column":10},"end":{"line":23,"column":24}},"17":{"start":{"line":27,"column":4},"end":{"line":27,"column":52}},"18":{"start":{"line":28,"column":4},"end":{"line":28,"column":45}},"19":{"start":{"line":28,"column":23},"end":{"line":28,"column":38}},"20":{"start":{"line":29,"column":4},"end":{"line":29,"column":68}},"21":{"start":{"line":29,"column":17},"end":{"line":29,"column":67}},"22":{"start":{"line":33,"column":2},"end":{"line":33,"column":25}},"23":{"start":{"line":33,"column":13},"end":{"line":33,"column":25}},"24":{"start":{"line":34,"column":2},"end":{"line":53,"column":3}},"25":{"start":{"line":35,"column":4},"end":{"line":52,"column":6}},"26":{"start":{"line":54,"column":2},"end":{"line":93,"column":4}},"27":{"start":{"line":70,"column":22},"end":{"line":70,"column":41}}},"fnMap":{"0":{"name":"BadgeDetailsModal","decl":{"start":{"line":3,"column":24},"end":{"line":3,"column":41}},"loc":{"start":{"line":3,"column":68},"end":{"line":94,"column":1}},"line":3},"1":{"name":"(anonymous_1)","decl":{"start":{"line":6,"column":12},"end":{"line":6,"column":13}},"loc":{"start":{"line":6,"column":18},"end":{"line":30,"column":3}},"line":6},"2":{"name":"handleKey","decl":{"start":{"line":13,"column":13},"end":{"line":13,"column":22}},"loc":{"start":{"line":13,"column":26},"end":{"line":26,"column":5}},"line":13},"3":{"name":"(anonymous_3)","decl":{"start":{"line":28,"column":15},"end":{"line":28,"column":16}},"loc":{"start":{"line":28,"column":21},"end":{"line":28,"column":40}},"line":28},"4":{"name":"(anonymous_4)","decl":{"start":{"line":29,"column":11},"end":{"line":29,"column":12}},"loc":{"start":{"line":29,"column":17},"end":{"line":29,"column":67}},"line":29},"5":{"name":"(anonymous_5)","decl":{"start":{"line":70,"column":17},"end":{"line":70,"column":18}},"loc":{"start":{"line":70,"column":22},"end":{"line":70,"column":41}},"line":70}},"branchMap":{"0":{"loc":{"start":{"line":7,"column":4},"end":{"line":7,"column":22}},"type":"if","locations":[{"start":{"line":7,"column":4},"end":{"line":7,"column":22}},{"start":{},"end":{}}],"line":7},"1":{"loc":{"start":{"line":14,"column":6},"end":{"line":25,"column":7}},"type":"if","locations":[{"start":{"line":14,"column":6},"end":{"line":25,"column":7}},{"start":{"line":17,"column":13},"end":{"line":25,"column":7}}],"line":14},"2":{"loc":{"start":{"line":16,"column":8},"end":{"line":16,"column":28}},"type":"binary-expr","locations":[{"start":{"line":16,"column":8},"end":{"line":16,"column":15}},{"start":{"line":16,"column":19},"end":{"line":16,"column":28}}],"line":16},"3":{"loc":{"start":{"line":17,"column":13},"end":{"line":25,"column":7}},"type":"if","locations":[{"start":{"line":17,"column":13},"end":{"line":25,"column":7}},{"start":{},"end":{}}],"line":17},"4":{"loc":{"start":{"line":17,"column":17},"end":{"line":17,"column":69}},"type":"binary-expr","locations":[{"start":{"line":17,"column":17},"end":{"line":17,"column":32}},{"start":{"line":17,"column":36},"end":{"line":17,"column":45}},{"start":{"line":17,"column":49},"end":{"line":17,"column":69}}],"line":17},"5":{"loc":{"start":{"line":18,"column":8},"end":{"line":24,"column":9}},"type":"if","locations":[{"start":{"line":18,"column":8},"end":{"line":24,"column":9}},{"start":{"line":21,"column":15},"end":{"line":24,"column":9}}],"line":18},"6":{"loc":{"start":{"line":18,"column":12},"end":{"line":18,"column":58}},"type":"binary-expr","locations":[{"start":{"line":18,"column":12},"end":{"line":18,"column":22}},{"start":{"line":18,"column":26},"end":{"line":18,"column":58}}],"line":18},"7":{"loc":{"start":{"line":21,"column":15},"end":{"line":24,"column":9}},"type":"if","locations":[{"start":{"line":21,"column":15},"end":{"line":24,"column":9}},{"start":{},"end":{}}],"line":21},"8":{"loc":{"start":{"line":21,"column":19},"end":{"line":21,"column":65}},"type":"binary-expr","locations":[{"start":{"line":21,"column":19},"end":{"line":21,"column":30}},{"start":{"line":21,"column":34},"end":{"line":21,"column":65}}],"line":21},"9":{"loc":{"start":{"line":33,"column":2},"end":{"line":33,"column":25}},"type":"if","locations":[{"start":{"line":33,"column":2},"end":{"line":33,"column":25}},{"start":{},"end":{}}],"line":33},"10":{"loc":{"start":{"line":34,"column":2},"end":{"line":53,"column":3}},"type":"if","locations":[{"start":{"line":34,"column":2},"end":{"line":53,"column":3}},{"start":{},"end":{}}],"line":34},"11":{"loc":{"start":{"line":34,"column":6},"end":{"line":34,"column":41}},"type":"binary-expr","locations":[{"start":{"line":34,"column":6},"end":{"line":34,"column":12}},{"start":{"line":34,"column":16},"end":{"line":34,"column":41}}],"line":34},"12":{"loc":{"start":{"line":80,"column":81},"end":{"line":80,"column":103}},"type":"binary-expr","locations":[{"start":{"line":80,"column":81},"end":{"line":80,"column":91}},{"start":{"line":80,"column":95},"end":{"line":80,"column":103}}],"line":80},"13":{"loc":{"start":{"line":82,"column":15},"end":{"line":82,"column":65}},"type":"binary-expr","locations":[{"start":{"line":82,"column":15},"end":{"line":82,"column":26}},{"start":{"line":82,"column":30},"end":{"line":82,"column":40}},{"start":{"line":82,"column":44},"end":{"line":82,"column":65}}],"line":82},"14":{"loc":{"start":{"line":83,"column":15},"end":{"line":83,"column":37}},"type":"binary-expr","locations":[{"start":{"line":83,"column":15},"end":{"line":83,"column":25}},{"start":{"line":83,"column":29},"end":{"line":83,"column":37}}],"line":83},"15":{"loc":{"start":{"line":87,"column":82},"end":{"line":87,"column":120}},"type":"binary-expr","locations":[{"start":{"line":87,"column":82},"end":{"line":87,"column":99}},{"start":{"line":87,"column":103},"end":{"line":87,"column":120}}],"line":87},"16":{"loc":{"start":{"line":88,"column":46},"end":{"line":88,"column":79}},"type":"cond-expr","locations":[{"start":{"line":88,"column":61},"end":{"line":88,"column":70}},{"start":{"line":88,"column":73},"end":{"line":88,"column":79}}],"line":88},"17":{"loc":{"start":{"line":89,"column":11},"end":{"line":89,"column":49}},"type":"cond-expr","locations":[{"start":{"line":89,"column":26},"end":{"line":89,"column":34}},{"start":{"line":89,"column":37},"end":{"line":89,"column":49}}],"line":89}},"s":{"0":6,"1":6,"2":6,"3":0,"4":6,"5":6,"6":6,"7":1,"8":1,"9":1,"10":0,"11":0,"12":0,"13":0,"14":0,"15":0,"16":0,"17":6,"18":6,"19":6,"20":6,"21":6,"22":6,"23":0,"24":6,"25":1,"26":5,"27":1},"f":{"0":6,"1":6,"2":1,"3":6,"4":6,"5":1},"b":{"0":[0,6],"1":[1,0],"2":[1,1],"3":[0,0],"4":[0,0,0],"5":[0,0],"6":[0,0],"7":[0,0],"8":[0,0],"9":[0,6],"10":[1,5],"11":[6,5],"12":[5,0],"13":[5,0,0],"14":[5,0],"15":[5,0],"16":[5,0],"17":[5,0]},"_coverageSchema":"1a1c01bbd47fc00a2c39e90264f33305004495a9","hash":"61f3e042c670f28386dac97ad21e8fd908bb318b"}
,"/Users/macuser/Desktop/Massage-Therapy-Smart-Study-REACT/src/components/ErrorBoundary.jsx": {"path":"/Users/macuser/Desktop/Massage-Therapy-Smart-Study-REACT/src/components/ErrorBoundary.jsx","statementMap":{"0":{"start":{"line":6,"column":2},"end":{"line":20,"column":3}},"1":{"start":{"line":7,"column":15},"end":{"line":7,"column":37}},"2":{"start":{"line":8,"column":4},"end":{"line":14,"column":7}},"3":{"start":{"line":17,"column":4},"end":{"line":19,"column":5}},"4":{"start":{"line":18,"column":6},"end":{"line":18,"column":73}},"5":{"start":{"line":25,"column":4},"end":{"line":25,"column":17}},"6":{"start":{"line":26,"column":4},"end":{"line":26,"column":106}},"7":{"start":{"line":27,"column":4},"end":{"line":27,"column":57}},"8":{"start":{"line":28,"column":4},"end":{"line":28,"column":69}},"9":{"start":{"line":29,"column":4},"end":{"line":29,"column":67}},"10":{"start":{"line":33,"column":4},"end":{"line":33,"column":55}},"11":{"start":{"line":37,"column":4},"end":{"line":37,"column":46}},"12":{"start":{"line":38,"column":4},"end":{"line":38,"column":60}},"13":{"start":{"line":38,"column":28},"end":{"line":38,"column":60}},"14":{"start":{"line":39,"column":4},"end":{"line":41,"column":5}},"15":{"start":{"line":40,"column":6},"end":{"line":40,"column":72}},"16":{"start":{"line":42,"column":4},"end":{"line":42,"column":42}},"17":{"start":{"line":46,"column":4},"end":{"line":55,"column":5}},"18":{"start":{"line":48,"column":6},"end":{"line":53,"column":7}},"19":{"start":{"line":49,"column":8},"end":{"line":49,"column":82}},"20":{"start":{"line":50,"column":8},"end":{"line":52,"column":17}},"21":{"start":{"line":51,"column":10},"end":{"line":51,"column":74}},"22":{"start":{"line":51,"column":36},"end":{"line":51,"column":74}},"23":{"start":{"line":54,"column":6},"end":{"line":54,"column":41}},"24":{"start":{"line":59,"column":4},"end":{"line":59,"column":42}},"25":{"start":{"line":63,"column":4},"end":{"line":63,"column":23}},"26":{"start":{"line":64,"column":21},"end":{"line":64,"column":53}},"27":{"start":{"line":66,"column":4},"end":{"line":78,"column":5}},"28":{"start":{"line":67,"column":17},"end":{"line":67,"column":39}},"29":{"start":{"line":68,"column":6},"end":{"line":73,"column":9}},"30":{"start":{"line":74,"column":6},"end":{"line":74,"column":45}},"31":{"start":{"line":77,"column":6},"end":{"line":77,"column":45}},"32":{"start":{"line":82,"column":4},"end":{"line":82,"column":43}},"33":{"start":{"line":86,"column":4},"end":{"line":110,"column":5}},"34":{"start":{"line":87,"column":6},"end":{"line":99,"column":7}},"35":{"start":{"line":88,"column":8},"end":{"line":98,"column":10}},"36":{"start":{"line":101,"column":6},"end":{"line":103,"column":7}},"37":{"start":{"line":102,"column":8},"end":{"line":102,"column":35}},"38":{"start":{"line":104,"column":6},"end":{"line":109,"column":8}},"39":{"start":{"line":111,"column":4},"end":{"line":114,"column":8}},"40":{"start":{"line":112,"column":23},"end":{"line":112,"column":48}}},"fnMap":{"0":{"name":"logErrorToFirebase","decl":{"start":{"line":5,"column":15},"end":{"line":5,"column":33}},"loc":{"start":{"line":5,"column":52},"end":{"line":21,"column":1}},"line":5},"1":{"name":"(anonymous_1)","decl":{"start":{"line":24,"column":2},"end":{"line":24,"column":3}},"loc":{"start":{"line":24,"column":21},"end":{"line":30,"column":3}},"line":24},"2":{"name":"(anonymous_2)","decl":{"start":{"line":32,"column":2},"end":{"line":32,"column":3}},"loc":{"start":{"line":32,"column":41},"end":{"line":34,"column":3}},"line":32},"3":{"name":"(anonymous_3)","decl":{"start":{"line":36,"column":2},"end":{"line":36,"column":3}},"loc":{"start":{"line":36,"column":39},"end":{"line":43,"column":3}},"line":36},"4":{"name":"(anonymous_4)","decl":{"start":{"line":45,"column":2},"end":{"line":45,"column":3}},"loc":{"start":{"line":45,"column":43},"end":{"line":56,"column":3}},"line":45},"5":{"name":"(anonymous_5)","decl":{"start":{"line":50,"column":19},"end":{"line":50,"column":20}},"loc":{"start":{"line":50,"column":25},"end":{"line":52,"column":9}},"line":50},"6":{"name":"(anonymous_6)","decl":{"start":{"line":58,"column":2},"end":{"line":58,"column":3}},"loc":{"start":{"line":58,"column":19},"end":{"line":60,"column":3}},"line":58},"7":{"name":"(anonymous_7)","decl":{"start":{"line":62,"column":2},"end":{"line":62,"column":3}},"loc":{"start":{"line":62,"column":32},"end":{"line":79,"column":3}},"line":62},"8":{"name":"(anonymous_8)","decl":{"start":{"line":81,"column":2},"end":{"line":81,"column":3}},"loc":{"start":{"line":81,"column":24},"end":{"line":83,"column":3}},"line":81},"9":{"name":"(anonymous_9)","decl":{"start":{"line":85,"column":2},"end":{"line":85,"column":3}},"loc":{"start":{"line":85,"column":11},"end":{"line":115,"column":3}},"line":85},"10":{"name":"(anonymous_10)","decl":{"start":{"line":112,"column":16},"end":{"line":112,"column":17}},"loc":{"start":{"line":112,"column":23},"end":{"line":112,"column":48}},"line":112}},"branchMap":{"0":{"loc":{"start":{"line":17,"column":4},"end":{"line":19,"column":5}},"type":"if","locations":[{"start":{"line":17,"column":4},"end":{"line":19,"column":5}},{"start":{},"end":{}}],"line":17},"1":{"loc":{"start":{"line":18,"column":49},"end":{"line":18,"column":72}},"type":"binary-expr","locations":[{"start":{"line":18,"column":49},"end":{"line":18,"column":59}},{"start":{"line":18,"column":63},"end":{"line":18,"column":64}},{"start":{"line":18,"column":68},"end":{"line":18,"column":72}}],"line":18},"2":{"loc":{"start":{"line":38,"column":4},"end":{"line":38,"column":60}},"type":"if","locations":[{"start":{"line":38,"column":4},"end":{"line":38,"column":60}},{"start":{},"end":{}}],"line":38},"3":{"loc":{"start":{"line":39,"column":4},"end":{"line":41,"column":5}},"type":"if","locations":[{"start":{"line":39,"column":4},"end":{"line":41,"column":5}},{"start":{},"end":{}}],"line":39},"4":{"loc":{"start":{"line":40,"column":40},"end":{"line":40,"column":71}},"type":"binary-expr","locations":[{"start":{"line":40,"column":40},"end":{"line":40,"column":54}},{"start":{"line":40,"column":58},"end":{"line":40,"column":63}},{"start":{"line":40,"column":67},"end":{"line":40,"column":71}}],"line":40},"5":{"loc":{"start":{"line":46,"column":4},"end":{"line":55,"column":5}},"type":"if","locations":[{"start":{"line":46,"column":4},"end":{"line":55,"column":5}},{"start":{},"end":{}}],"line":46},"6":{"loc":{"start":{"line":46,"column":8},"end":{"line":46,"column":50}},"type":"binary-expr","locations":[{"start":{"line":46,"column":8},"end":{"line":46,"column":26}},{"start":{"line":46,"column":30},"end":{"line":46,"column":50}}],"line":46},"7":{"loc":{"start":{"line":48,"column":6},"end":{"line":53,"column":7}},"type":"if","locations":[{"start":{"line":48,"column":6},"end":{"line":53,"column":7}},{"start":{},"end":{}}],"line":48},"8":{"loc":{"start":{"line":51,"column":10},"end":{"line":51,"column":74}},"type":"if","locations":[{"start":{"line":51,"column":10},"end":{"line":51,"column":74}},{"start":{},"end":{}}],"line":51},"9":{"loc":{"start":{"line":86,"column":4},"end":{"line":110,"column":5}},"type":"if","locations":[{"start":{"line":86,"column":4},"end":{"line":110,"column":5}},{"start":{},"end":{}}],"line":86},"10":{"loc":{"start":{"line":87,"column":6},"end":{"line":99,"column":7}},"type":"if","locations":[{"start":{"line":87,"column":6},"end":{"line":99,"column":7}},{"start":{},"end":{}}],"line":87},"11":{"loc":{"start":{"line":101,"column":6},"end":{"line":103,"column":7}},"type":"if","locations":[{"start":{"line":101,"column":6},"end":{"line":103,"column":7}},{"start":{},"end":{}}],"line":101}},"s":{"0":1,"1":1,"2":0,"3":1,"4":1,"5":4,"6":3,"7":3,"8":3,"9":3,"10":2,"11":1,"12":1,"13":0,"14":1,"15":1,"16":1,"17":1,"18":0,"19":0,"20":0,"21":0,"22":0,"23":0,"24":0,"25":0,"26":0,"27":0,"28":0,"29":0,"30":0,"31":0,"32":0,"33":6,"34":3,"35":0,"36":3,"37":0,"38":3,"39":3,"40":2},"f":{"0":1,"1":4,"2":2,"3":1,"4":1,"5":0,"6":0,"7":0,"8":0,"9":6,"10":2},"b":{"0":[1,0],"1":[1,0,0],"2":[0,1],"3":[1,0],"4":[1,0,0],"5":[0,1],"6":[1,1],"7":[0,0],"8":[0,0],"9":[3,3],"10":[0,3],"11":[0,3]},"_coverageSchema":"1a1c01bbd47fc00a2c39e90264f33305004495a9","hash":"79e90b2af9949c6044c8825463ee41d7dbcaf14e"}
,"/Users/macuser/Desktop/Massage-Therapy-Smart-Study-REACT/src/data/firebaseConfig.js": {"path":"/Users/macuser/Desktop/Massage-Therapy-Smart-Study-REACT/src/data/firebaseConfig.js","statementMap":{"0":{"start":{"line":1,"column":30},"end":{"line":9,"column":1}}},"fnMap":{},"branchMap":{},"s":{"0":2},"f":{},"b":{},"_coverageSchema":"1a1c01bbd47fc00a2c39e90264f33305004495a9","hash":"4fce1186a11cd7be2fb3761a0d9cda8cf93c4e10"}
,"/Users/macuser/Desktop/Massage-Therapy-Smart-Study-REACT/src/firebase/indexFirebase.js": {"path":"/Users/macuser/Desktop/Massage-Therapy-Smart-Study-REACT/src/firebase/indexFirebase.js","statementMap":{"0":{"start":{"line":7,"column":12},"end":{"line":7,"column":41}},"1":{"start":{"line":8,"column":20},"end":{"line":8,"column":37}},"2":{"start":{"line":9,"column":13},"end":{"line":9,"column":25}},"3":{"start":{"line":11,"column":16},"end":{"line":11,"column":20}},"4":{"start":{"line":12,"column":0},"end":{"line":21,"column":1}},"5":{"start":{"line":13,"column":2},"end":{"line":20,"column":5}},"6":{"start":{"line":14,"column":4},"end":{"line":19,"column":5}},"7":{"start":{"line":15,"column":6},"end":{"line":15,"column":36}},"8":{"start":{"line":16,"column":6},"end":{"line":16,"column":53}},"9":{"start":{"line":18,"column":6},"end":{"line":18,"column":79}}},"fnMap":{"0":{"name":"(anonymous_0)","decl":{"start":{"line":13,"column":21},"end":{"line":13,"column":22}},"loc":{"start":{"line":13,"column":36},"end":{"line":20,"column":3}},"line":13}},"branchMap":{"0":{"loc":{"start":{"line":12,"column":0},"end":{"line":21,"column":1}},"type":"if","locations":[{"start":{"line":12,"column":0},"end":{"line":21,"column":1}},{"start":{},"end":{}}],"line":12},"1":{"loc":{"start":{"line":14,"column":4},"end":{"line":19,"column":5}},"type":"if","locations":[{"start":{"line":14,"column":4},"end":{"line":19,"column":5}},{"start":{"line":17,"column":11},"end":{"line":19,"column":5}}],"line":14}},"s":{"0":2,"1":2,"2":2,"3":2,"4":2,"5":2,"6":2,"7":0,"8":0,"9":2},"f":{"0":2},"b":{"0":[2,0],"1":[0,2]},"_coverageSchema":"1a1c01bbd47fc00a2c39e90264f33305004495a9","hash":"400c545756ff278cec14fdca391a06dbcb9fee86"}
,"/Users/macuser/Desktop/Massage-Therapy-Smart-Study-REACT/src/utils/badgeHelpers.js": {"path":"/Users/macuser/Desktop/Massage-Therapy-Smart-Study-REACT/src/utils/badgeHelpers.js","statementMap":{"0":{"start":{"line":7,"column":17},"end":{"line":7,"column":52}},"1":{"start":{"line":8,"column":2},"end":{"line":8,"column":34}},"2":{"start":{"line":12,"column":2},"end":{"line":12,"column":55}},"3":{"start":{"line":12,"column":16},"end":{"line":12,"column":53}},"4":{"start":{"line":13,"column":13},"end":{"line":13,"column":35}},"5":{"start":{"line":14,"column":2},"end":{"line":14,"column":54}},"6":{"start":{"line":14,"column":15},"end":{"line":14,"column":52}},"7":{"start":{"line":15,"column":2},"end":{"line":15,"column":52}},"8":{"start":{"line":16,"column":2},"end":{"line":16,"column":47}},"9":{"start":{"line":16,"column":31},"end":{"line":16,"column":46}},"10":{"start":{"line":18,"column":2},"end":{"line":20,"column":3}},"11":{"start":{"line":19,"column":4},"end":{"line":19,"column":29}},"12":{"start":{"line":22,"column":2},"end":{"line":22,"column":94}},"13":{"start":{"line":22,"column":64},"end":{"line":22,"column":93}},"14":{"start":{"line":23,"column":2},"end":{"line":23,"column":27}}},"fnMap":{"0":{"name":"getAllBadges","decl":{"start":{"line":5,"column":22},"end":{"line":5,"column":34}},"loc":{"start":{"line":5,"column":37},"end":{"line":9,"column":1}},"line":5},"1":{"name":"getBadgeIconPath","decl":{"start":{"line":11,"column":16},"end":{"line":11,"column":32}},"loc":{"start":{"line":11,"column":40},"end":{"line":24,"column":1}},"line":11}},"branchMap":{"0":{"loc":{"start":{"line":8,"column":9},"end":{"line":8,"column":33}},"type":"binary-expr","locations":[{"start":{"line":8,"column":9},"end":{"line":8,"column":23}},{"start":{"line":8,"column":27},"end":{"line":8,"column":33}}],"line":8},"1":{"loc":{"start":{"line":12,"column":2},"end":{"line":12,"column":55}},"type":"if","locations":[{"start":{"line":12,"column":2},"end":{"line":12,"column":55}},{"start":{},"end":{}}],"line":12},"2":{"loc":{"start":{"line":13,"column":13},"end":{"line":13,"column":35}},"type":"binary-expr","locations":[{"start":{"line":13,"column":13},"end":{"line":13,"column":23}},{"start":{"line":13,"column":27},"end":{"line":13,"column":35}}],"line":13},"3":{"loc":{"start":{"line":14,"column":2},"end":{"line":14,"column":54}},"type":"if","locations":[{"start":{"line":14,"column":2},"end":{"line":14,"column":54}},{"start":{},"end":{}}],"line":14},"4":{"loc":{"start":{"line":16,"column":2},"end":{"line":16,"column":47}},"type":"if","locations":[{"start":{"line":16,"column":2},"end":{"line":16,"column":47}},{"start":{},"end":{}}],"line":16},"5":{"loc":{"start":{"line":18,"column":2},"end":{"line":20,"column":3}},"type":"if","locations":[{"start":{"line":18,"column":2},"end":{"line":20,"column":3}},{"start":{},"end":{}}],"line":18},"6":{"loc":{"start":{"line":18,"column":6},"end":{"line":18,"column":58}},"type":"binary-expr","locations":[{"start":{"line":18,"column":6},"end":{"line":18,"column":35}},{"start":{"line":18,"column":39},"end":{"line":18,"column":58}}],"line":18},"7":{"loc":{"start":{"line":22,"column":2},"end":{"line":22,"column":94}},"type":"if","locations":[{"start":{"line":22,"column":2},"end":{"line":22,"column":94}},{"start":{},"end":{}}],"line":22},"8":{"loc":{"start":{"line":22,"column":6},"end":{"line":22,"column":61}},"type":"binary-expr","locations":[{"start":{"line":22,"column":6},"end":{"line":22,"column":28}},{"start":{"line":22,"column":32},"end":{"line":22,"column":37}},{"start":{"line":22,"column":41},"end":{"line":22,"column":61}}],"line":22}},"s":{"0":0,"1":0,"2":13,"3":0,"4":13,"5":13,"6":0,"7":13,"8":13,"9":13,"10":13,"11":0,"12":13,"13":0,"14":13},"f":{"0":0,"1":13},"b":{"0":[0,0],"1":[0,13],"2":[13,13],"3":[0,13],"4":[13,0],"5":[0,13],"6":[13,13],"7":[0,13],"8":[13,13,13]},"_coverageSchema":"1a1c01bbd47fc00a2c39e90264f33305004495a9","hash":"7197aeff7b6af78a116fea61e4a059a20dffe53c"}
,"/Users/macuser/Desktop/Massage-Therapy-Smart-Study-REACT/src/utils/index.js": {"path":"/Users/macuser/Desktop/Massage-Therapy-Smart-Study-REACT/src/utils/index.js","statementMap":{"0":{"start":{"line":3,"column":0},"end":{"line":3,"column":50}},"1":{"start":{"line":6,"column":10},"end":{"line":6,"column":22}},"2":{"start":{"line":7,"column":2},"end":{"line":12,"column":3}},"3":{"start":{"line":8,"column":4},"end":{"line":8,"column":40}},"4":{"start":{"line":9,"column":4},"end":{"line":9,"column":17}},"5":{"start":{"line":10,"column":4},"end":{"line":10,"column":24}},"6":{"start":{"line":11,"column":4},"end":{"line":11,"column":17}},"7":{"start":{"line":13,"column":2},"end":{"line":13,"column":15}},"8":{"start":{"line":17,"column":2},"end":{"line":17,"column":25}},"9":{"start":{"line":17,"column":14},"end":{"line":17,"column":24}},"10":{"start":{"line":18,"column":23},"end":{"line":23,"column":3}},"11":{"start":{"line":24,"column":2},"end":{"line":27,"column":12}},"12":{"start":{"line":28,"column":16},"end":{"line":28,"column":34}},"13":{"start":{"line":29,"column":2},"end":{"line":29,"column":56}},"14":{"start":{"line":29,"column":28},"end":{"line":29,"column":55}},"15":{"start":{"line":30,"column":2},"end":{"line":32,"column":4}},"16":{"start":{"line":31,"column":4},"end":{"line":31,"column":96}},"17":{"start":{"line":36,"column":2},"end":{"line":36,"column":26}},"18":{"start":{"line":36,"column":15},"end":{"line":36,"column":25}},"19":{"start":{"line":37,"column":2},"end":{"line":37,"column":103}},"20":{"start":{"line":37,"column":86},"end":{"line":37,"column":101}},"21":{"start":{"line":41,"column":2},"end":{"line":41,"column":67}},"22":{"start":{"line":46,"column":16},"end":{"line":46,"column":18}},"23":{"start":{"line":47,"column":2},"end":{"line":53,"column":3}},"24":{"start":{"line":48,"column":18},"end":{"line":48,"column":25}},"25":{"start":{"line":49,"column":4},"end":{"line":49,"column":25}},"26":{"start":{"line":49,"column":16},"end":{"line":49,"column":25}},"27":{"start":{"line":50,"column":4},"end":{"line":50,"column":67}},"28":{"start":{"line":50,"column":23},"end":{"line":50,"column":67}},"29":{"start":{"line":51,"column":4},"end":{"line":51,"column":50}},"30":{"start":{"line":52,"column":4},"end":{"line":52,"column":54}},"31":{"start":{"line":54,"column":2},"end":{"line":60,"column":3}},"32":{"start":{"line":55,"column":20},"end":{"line":55,"column":40}},"33":{"start":{"line":56,"column":22},"end":{"line":56,"column":44}},"34":{"start":{"line":57,"column":18},"end":{"line":57,"column":37}},"35":{"start":{"line":58,"column":4},"end":{"line":58,"column":80}},"36":{"start":{"line":59,"column":4},"end":{"line":59,"column":31}},"37":{"start":{"line":61,"column":2},"end":{"line":61,"column":15}},"38":{"start":{"line":66,"column":17},"end":{"line":66,"column":19}},"39":{"start":{"line":67,"column":2},"end":{"line":69,"column":12}},"40":{"start":{"line":68,"column":4},"end":{"line":68,"column":83}},"41":{"start":{"line":70,"column":14},"end":{"line":73,"column":5}},"42":{"start":{"line":70,"column":34},"end":{"line":73,"column":3}},"43":{"start":{"line":72,"column":69},"end":{"line":72,"column":74}},"44":{"start":{"line":74,"column":2},"end":{"line":74,"column":69}},"45":{"start":{"line":74,"column":28},"end":{"line":74,"column":55}},"46":{"start":{"line":79,"column":21},"end":{"line":79,"column":23}},"47":{"start":{"line":80,"column":2},"end":{"line":88,"column":5}},"48":{"start":{"line":81,"column":4},"end":{"line":81,"column":27}},"49":{"start":{"line":81,"column":19},"end":{"line":81,"column":26}},"50":{"start":{"line":82,"column":4},"end":{"line":84,"column":5}},"51":{"start":{"line":83,"column":6},"end":{"line":83,"column":67}},"52":{"start":{"line":85,"column":4},"end":{"line":85,"column":57}},"53":{"start":{"line":86,"column":4},"end":{"line":86,"column":61}},"54":{"start":{"line":87,"column":4},"end":{"line":87,"column":85}},"55":{"start":{"line":89,"column":2},"end":{"line":89,"column":20}}},"fnMap":{"0":{"name":"shuffle","decl":{"start":{"line":5,"column":9},"end":{"line":5,"column":16}},"loc":{"start":{"line":5,"column":24},"end":{"line":14,"column":1}},"line":5},"1":{"name":"prettifyName","decl":{"start":{"line":16,"column":9},"end":{"line":16,"column":21}},"loc":{"start":{"line":16,"column":28},"end":{"line":33,"column":1}},"line":16},"2":{"name":"(anonymous_2)","decl":{"start":{"line":30,"column":32},"end":{"line":30,"column":33}},"loc":{"start":{"line":31,"column":4},"end":{"line":31,"column":96}},"line":31},"3":{"name":"formatTopicName","decl":{"start":{"line":35,"column":9},"end":{"line":35,"column":24}},"loc":{"start":{"line":35,"column":32},"end":{"line":38,"column":1}},"line":35},"4":{"name":"(anonymous_4)","decl":{"start":{"line":37,"column":81},"end":{"line":37,"column":82}},"loc":{"start":{"line":37,"column":86},"end":{"line":37,"column":101}},"line":37},"5":{"name":"getSmartRecommendation","decl":{"start":{"line":40,"column":16},"end":{"line":40,"column":38}},"loc":{"start":{"line":40,"column":41},"end":{"line":42,"column":1}},"line":40},"6":{"name":"getAccuracyPerTopic","decl":{"start":{"line":45,"column":16},"end":{"line":45,"column":35}},"loc":{"start":{"line":45,"column":52},"end":{"line":62,"column":1}},"line":45},"7":{"name":"getMostErroredQuestions","decl":{"start":{"line":65,"column":9},"end":{"line":65,"column":32}},"loc":{"start":{"line":65,"column":56},"end":{"line":75,"column":1}},"line":65},"8":{"name":"(anonymous_8)","decl":{"start":{"line":70,"column":28},"end":{"line":70,"column":29}},"loc":{"start":{"line":70,"column":34},"end":{"line":73,"column":3}},"line":70},"9":{"name":"(anonymous_9)","decl":{"start":{"line":72,"column":59},"end":{"line":72,"column":60}},"loc":{"start":{"line":72,"column":69},"end":{"line":72,"column":74}},"line":72},"10":{"name":"(anonymous_10)","decl":{"start":{"line":74,"column":18},"end":{"line":74,"column":19}},"loc":{"start":{"line":74,"column":28},"end":{"line":74,"column":55}},"line":74},"11":{"name":"getTopicMastery","decl":{"start":{"line":78,"column":9},"end":{"line":78,"column":24}},"loc":{"start":{"line":78,"column":41},"end":{"line":90,"column":1}},"line":78},"12":{"name":"(anonymous_12)","decl":{"start":{"line":80,"column":20},"end":{"line":80,"column":21}},"loc":{"start":{"line":80,"column":27},"end":{"line":88,"column":3}},"line":80}},"branchMap":{"0":{"loc":{"start":{"line":17,"column":2},"end":{"line":17,"column":25}},"type":"if","locations":[{"start":{"line":17,"column":2},"end":{"line":17,"column":25}},{"start":{},"end":{}}],"line":17},"1":{"loc":{"start":{"line":29,"column":2},"end":{"line":29,"column":56}},"type":"if","locations":[{"start":{"line":29,"column":2},"end":{"line":29,"column":56}},{"start":{},"end":{}}],"line":29},"2":{"loc":{"start":{"line":31,"column":4},"end":{"line":31,"column":96}},"type":"binary-expr","locations":[{"start":{"line":31,"column":4},"end":{"line":31,"column":35}},{"start":{"line":31,"column":39},"end":{"line":31,"column":96}}],"line":31},"3":{"loc":{"start":{"line":36,"column":2},"end":{"line":36,"column":26}},"type":"if","locations":[{"start":{"line":36,"column":2},"end":{"line":36,"column":26}},{"start":{},"end":{}}],"line":36},"4":{"loc":{"start":{"line":45,"column":36},"end":{"line":45,"column":50}},"type":"default-arg","locations":[{"start":{"line":45,"column":48},"end":{"line":45,"column":50}}],"line":45},"5":{"loc":{"start":{"line":49,"column":4},"end":{"line":49,"column":25}},"type":"if","locations":[{"start":{"line":49,"column":4},"end":{"line":49,"column":25}},{"start":{},"end":{}}],"line":49},"6":{"loc":{"start":{"line":50,"column":4},"end":{"line":50,"column":67}},"type":"if","locations":[{"start":{"line":50,"column":4},"end":{"line":50,"column":67}},{"start":{},"end":{}}],"line":50},"7":{"loc":{"start":{"line":51,"column":28},"end":{"line":51,"column":49}},"type":"binary-expr","locations":[{"start":{"line":51,"column":28},"end":{"line":51,"column":44}},{"start":{"line":51,"column":48},"end":{"line":51,"column":49}}],"line":51},"8":{"loc":{"start":{"line":52,"column":30},"end":{"line":52,"column":53}},"type":"binary-expr","locations":[{"start":{"line":52,"column":30},"end":{"line":52,"column":48}},{"start":{"line":52,"column":52},"end":{"line":52,"column":53}}],"line":52},"9":{"loc":{"start":{"line":58,"column":28},"end":{"line":58,"column":79}},"type":"cond-expr","locations":[{"start":{"line":58,"column":40},"end":{"line":58,"column":75}},{"start":{"line":58,"column":78},"end":{"line":58,"column":79}}],"line":58},"10":{"loc":{"start":{"line":65,"column":33},"end":{"line":65,"column":38}},"type":"default-arg","locations":[{"start":{"line":65,"column":37},"end":{"line":65,"column":38}}],"line":65},"11":{"loc":{"start":{"line":65,"column":40},"end":{"line":65,"column":54}},"type":"default-arg","locations":[{"start":{"line":65,"column":52},"end":{"line":65,"column":54}}],"line":65},"12":{"loc":{"start":{"line":68,"column":15},"end":{"line":68,"column":82}},"type":"binary-expr","locations":[{"start":{"line":68,"column":15},"end":{"line":68,"column":76}},{"start":{"line":68,"column":80},"end":{"line":68,"column":82}}],"line":68},"13":{"loc":{"start":{"line":68,"column":26},"end":{"line":68,"column":75}},"type":"binary-expr","locations":[{"start":{"line":68,"column":26},"end":{"line":68,"column":67}},{"start":{"line":68,"column":71},"end":{"line":68,"column":75}}],"line":68},"14":{"loc":{"start":{"line":72,"column":30},"end":{"line":72,"column":50}},"type":"binary-expr","locations":[{"start":{"line":72,"column":30},"end":{"line":72,"column":44}},{"start":{"line":72,"column":48},"end":{"line":72,"column":50}}],"line":72},"15":{"loc":{"start":{"line":78,"column":25},"end":{"line":78,"column":39}},"type":"default-arg","locations":[{"start":{"line":78,"column":37},"end":{"line":78,"column":39}}],"line":78},"16":{"loc":{"start":{"line":81,"column":4},"end":{"line":81,"column":27}},"type":"if","locations":[{"start":{"line":81,"column":4},"end":{"line":81,"column":27}},{"start":{},"end":{}}],"line":81},"17":{"loc":{"start":{"line":82,"column":4},"end":{"line":84,"column":5}},"type":"if","locations":[{"start":{"line":82,"column":4},"end":{"line":84,"column":5}},{"start":{},"end":{}}],"line":82},"18":{"loc":{"start":{"line":85,"column":35},"end":{"line":85,"column":56}},"type":"binary-expr","locations":[{"start":{"line":85,"column":35},"end":{"line":85,"column":51}},{"start":{"line":85,"column":55},"end":{"line":85,"column":56}}],"line":85},"19":{"loc":{"start":{"line":86,"column":37},"end":{"line":86,"column":60}},"type":"binary-expr","locations":[{"start":{"line":86,"column":37},"end":{"line":86,"column":55}},{"start":{"line":86,"column":59},"end":{"line":86,"column":60}}],"line":86},"20":{"loc":{"start":{"line":87,"column":34},"end":{"line":87,"column":55}},"type":"binary-expr","locations":[{"start":{"line":87,"column":34},"end":{"line":87,"column":50}},{"start":{"line":87,"column":54},"end":{"line":87,"column":55}}],"line":87},"21":{"loc":{"start":{"line":87,"column":60},"end":{"line":87,"column":83}},"type":"binary-expr","locations":[{"start":{"line":87,"column":60},"end":{"line":87,"column":78}},{"start":{"line":87,"column":82},"end":{"line":87,"column":83}}],"line":87}},"s":{"0":2,"1":0,"2":0,"3":0,"4":0,"5":0,"6":0,"7":0,"8":2,"9":0,"10":2,"11":2,"12":2,"13":2,"14":1,"15":1,"16":2,"17":2,"18":0,"19":2,"20":3,"21":1,"22":1,"23":1,"24":3,"25":3,"26":0,"27":3,"28":2,"29":3,"30":3,"31":1,"32":2,"33":2,"34":2,"35":2,"36":2,"37":1,"38":1,"39":1,"40":1,"41":1,"42":3,"43":3,"44":1,"45":3,"46":1,"47":1,"48":3,"49":0,"50":3,"51":2,"52":3,"53":3,"54":3,"55":1},"f":{"0":0,"1":2,"2":2,"3":2,"4":3,"5":1,"6":1,"7":1,"8":3,"9":3,"10":3,"11":1,"12":3},"b":{"0":[0,2],"1":[1,1],"2":[2,2],"3":[0,2],"4":[0],"5":[0,3],"6":[2,1],"7":[3,0],"8":[3,1],"9":[2,0],"10":[0],"11":[0],"12":[1,0],"13":[1,0],"14":[3,0],"15":[0],"16":[0,3],"17":[2,1],"18":[3,0],"19":[3,1],"20":[3,0],"21":[3,1]},"_coverageSchema":"1a1c01bbd47fc00a2c39e90264f33305004495a9","hash":"cbe5590449140b86e040a9ce0e931151dd944ec2"}
,"/Users/macuser/Desktop/Massage-Therapy-Smart-Study-REACT/src/utils/mapUserBadgesToObjects.js": {"path":"/Users/macuser/Desktop/Massage-Therapy-Smart-Study-REACT/src/utils/mapUserBadgesToObjects.js","statementMap":{"0":{"start":{"line":11,"column":2},"end":{"line":11,"column":79}},"1":{"start":{"line":11,"column":68},"end":{"line":11,"column":78}},"2":{"start":{"line":12,"column":2},"end":{"line":15,"column":6}},"3":{"start":{"line":12,"column":33},"end":{"line":15,"column":3}}},"fnMap":{"0":{"name":"mapUserBadgesToObjects","decl":{"start":{"line":10,"column":16},"end":{"line":10,"column":38}},"loc":{"start":{"line":10,"column":66},"end":{"line":16,"column":1}},"line":10},"1":{"name":"(anonymous_1)","decl":{"start":{"line":12,"column":23},"end":{"line":12,"column":24}},"loc":{"start":{"line":12,"column":33},"end":{"line":15,"column":3}},"line":12}},"branchMap":{"0":{"loc":{"start":{"line":11,"column":2},"end":{"line":11,"column":79}},"type":"if","locations":[{"start":{"line":11,"column":2},"end":{"line":11,"column":79}},{"start":{},"end":{}}],"line":11},"1":{"loc":{"start":{"line":11,"column":6},"end":{"line":11,"column":65}},"type":"binary-expr","locations":[{"start":{"line":11,"column":6},"end":{"line":11,"column":36}},{"start":{"line":11,"column":40},"end":{"line":11,"column":65}}],"line":11}},"s":{"0":4,"1":2,"2":2,"3":6},"f":{"0":4,"1":6},"b":{"0":[2,2],"1":[4,3]},"_coverageSchema":"1a1c01bbd47fc00a2c39e90264f33305004495a9","hash":"7143e732620dda8d51cc5ad4f944547f2a1b659a"}
,"/Users/macuser/Desktop/Massage-Therapy-Smart-Study-REACT/src/utils/usePersistentState.js": {"path":"/Users/macuser/Desktop/Massage-Therapy-Smart-Study-REACT/src/utils/usePersistentState.js","statementMap":{"0":{"start":{"line":5,"column":28},"end":{"line":12,"column":4}},"1":{"start":{"line":6,"column":4},"end":{"line":11,"column":5}},"2":{"start":{"line":7,"column":21},"end":{"line":7,"column":46}},"3":{"start":{"line":8,"column":6},"end":{"line":8,"column":65}},"4":{"start":{"line":10,"column":6},"end":{"line":10,"column":26}},"5":{"start":{"line":14,"column":2},"end":{"line":18,"column":19}},"6":{"start":{"line":15,"column":4},"end":{"line":17,"column":14}},"7":{"start":{"line":16,"column":6},"end":{"line":16,"column":55}},"8":{"start":{"line":20,"column":2},"end":{"line":20,"column":27}}},"fnMap":{"0":{"name":"usePersistentState","decl":{"start":{"line":4,"column":24},"end":{"line":4,"column":42}},"loc":{"start":{"line":4,"column":62},"end":{"line":21,"column":1}},"line":4},"1":{"name":"(anonymous_1)","decl":{"start":{"line":5,"column":37},"end":{"line":5,"column":38}},"loc":{"start":{"line":5,"column":43},"end":{"line":12,"column":3}},"line":5},"2":{"name":"(anonymous_2)","decl":{"start":{"line":14,"column":12},"end":{"line":14,"column":13}},"loc":{"start":{"line":14,"column":18},"end":{"line":18,"column":3}},"line":14}},"branchMap":{"0":{"loc":{"start":{"line":8,"column":13},"end":{"line":8,"column":64}},"type":"cond-expr","locations":[{"start":{"line":8,"column":31},"end":{"line":8,"column":49}},{"start":{"line":8,"column":52},"end":{"line":8,"column":64}}],"line":8}},"s":{"0":4,"1":3,"2":3,"3":3,"4":0,"5":4,"6":4,"7":4,"8":4},"f":{"0":4,"1":3,"2":4},"b":{"0":[1,2]},"_coverageSchema":"1a1c01bbd47fc00a2c39e90264f33305004495a9","hash":"752e2af810d7aed2259da5111ccdfaea772032b7"}
}
