{"/Users/macuser/Desktop/Massage-Therapy-Smart-Study REACT/src/appState.js": {"path":"/Users/macuser/Desktop/Massage-Therapy-Smart-Study REACT/src/appState.js","statementMap":{"0":{"start":{"line":1,"column":24},"end":{"line":17,"column":1}},"1":{"start":{"line":19,"column":25},"end":{"line":27,"column":1}}},"fnMap":{},"branchMap":{"0":{"loc":{"start":{"line":12,"column":28},"end":{"line":12,"column":73}},"type":"binary-expr","locations":[{"start":{"line":12,"column":28},"end":{"line":12,"column":65}},{"start":{"line":12,"column":69},"end":{"line":12,"column":73}}],"line":12}},"s":{"0":1,"1":1},"f":{},"b":{"0":[1,1]},"_coverageSchema":"1a1c01bbd47fc00a2c39e90264f33305004495a9","hash":"32ec0e5157003386727def41fe6b204e92a9ecc8"}
,"/Users/macuser/Desktop/Massage-Therapy-Smart-Study REACT/src/components/analytics.js": {"path":"/Users/macuser/Desktop/Massage-Therapy-Smart-Study REACT/src/components/analytics.js","statementMap":{"0":{"start":{"line":2,"column":0},"end":{"line":2,"column":21}},"1":{"start":{"line":5,"column":0},"end":{"line":7,"column":1}},"2":{"start":{"line":6,"column":2},"end":{"line":6,"column":21}},"3":{"start":{"line":11,"column":16},"end":{"line":15,"column":3}},"4":{"start":{"line":16,"column":2},"end":{"line":16,"column":72}},"5":{"start":{"line":17,"column":2},"end":{"line":17,"column":23}},"6":{"start":{"line":21,"column":2},"end":{"line":21,"column":89}},"7":{"start":{"line":22,"column":18},"end":{"line":22,"column":58}},"8":{"start":{"line":23,"column":2},"end":{"line":28,"column":3}},"9":{"start":{"line":24,"column":4},"end":{"line":24,"column":55}},"10":{"start":{"line":26,"column":4},"end":{"line":26,"column":105}},"11":{"start":{"line":27,"column":4},"end":{"line":27,"column":11}},"12":{"start":{"line":29,"column":2},"end":{"line":57,"column":3}},"13":{"start":{"line":30,"column":16},"end":{"line":30,"column":40}},"14":{"start":{"line":31,"column":4},"end":{"line":33,"column":5}},"15":{"start":{"line":32,"column":6},"end":{"line":32,"column":44}},"16":{"start":{"line":34,"column":4},"end":{"line":52,"column":7}},"17":{"start":{"line":54,"column":4},"end":{"line":54,"column":96}},"18":{"start":{"line":56,"column":4},"end":{"line":56,"column":73}},"19":{"start":{"line":61,"column":2},"end":{"line":66,"column":3}},"20":{"start":{"line":62,"column":4},"end":{"line":62,"column":89}},"21":{"start":{"line":63,"column":4},"end":{"line":63,"column":41}},"22":{"start":{"line":65,"column":4},"end":{"line":65,"column":56}},"23":{"start":{"line":70,"column":18},"end":{"line":70,"column":71}},"24":{"start":{"line":71,"column":2},"end":{"line":74,"column":3}},"25":{"start":{"line":72,"column":4},"end":{"line":72,"column":48}},"26":{"start":{"line":73,"column":4},"end":{"line":73,"column":11}},"27":{"start":{"line":76,"column":18},"end":{"line":76,"column":57}},"28":{"start":{"line":77,"column":2},"end":{"line":80,"column":3}},"29":{"start":{"line":78,"column":4},"end":{"line":78,"column":54}},"30":{"start":{"line":79,"column":4},"end":{"line":79,"column":11}},"31":{"start":{"line":82,"column":14},"end":{"line":82,"column":38}},"32":{"start":{"line":84,"column":2},"end":{"line":86,"column":3}},"33":{"start":{"line":85,"column":4},"end":{"line":85,"column":41}},"34":{"start":{"line":88,"column":2},"end":{"line":120,"column":5}},"35":{"start":{"line":92,"column":29},"end":{"line":92,"column":66}},"36":{"start":{"line":99,"column":16},"end":{"line":101,"column":21}},"37":{"start":{"line":111,"column":16},"end":{"line":111,"column":72}},"38":{"start":{"line":124,"column":18},"end":{"line":124,"column":60}},"39":{"start":{"line":125,"column":2},"end":{"line":125,"column":25}},"40":{"start":{"line":125,"column":17},"end":{"line":125,"column":24}},"41":{"start":{"line":126,"column":2},"end":{"line":129,"column":3}},"42":{"start":{"line":127,"column":4},"end":{"line":127,"column":37}},"43":{"start":{"line":128,"column":4},"end":{"line":128,"column":34}},"44":{"start":{"line":130,"column":22},"end":{"line":130,"column":84}},"45":{"start":{"line":131,"column":17},"end":{"line":131,"column":43}},"46":{"start":{"line":132,"column":17},"end":{"line":132,"column":81}},"47":{"start":{"line":132,"column":44},"end":{"line":132,"column":80}},"48":{"start":{"line":132,"column":65},"end":{"line":132,"column":72}},"49":{"start":{"line":133,"column":2},"end":{"line":160,"column":5}},"50":{"start":{"line":164,"column":2},"end":{"line":207,"column":5}},"51":{"start":{"line":165,"column":16},"end":{"line":165,"column":68}},"52":{"start":{"line":166,"column":4},"end":{"line":169,"column":5}},"53":{"start":{"line":167,"column":6},"end":{"line":167,"column":67}},"54":{"start":{"line":168,"column":6},"end":{"line":168,"column":13}},"55":{"start":{"line":171,"column":20},"end":{"line":206,"column":6}},"56":{"start":{"line":211,"column":18},"end":{"line":211,"column":66}},"57":{"start":{"line":212,"column":2},"end":{"line":215,"column":3}},"58":{"start":{"line":213,"column":4},"end":{"line":213,"column":64}},"59":{"start":{"line":214,"column":4},"end":{"line":214,"column":11}},"60":{"start":{"line":217,"column":21},"end":{"line":220,"column":20}},"61":{"start":{"line":218,"column":19},"end":{"line":218,"column":77}},"62":{"start":{"line":219,"column":4},"end":{"line":219,"column":95}},"63":{"start":{"line":222,"column":2},"end":{"line":224,"column":3}},"64":{"start":{"line":223,"column":4},"end":{"line":223,"column":50}},"65":{"start":{"line":226,"column":2},"end":{"line":233,"column":5}},"66":{"start":{"line":229,"column":39},"end":{"line":229,"column":50}},"67":{"start":{"line":237,"column":15},"end":{"line":237,"column":73}},"68":{"start":{"line":238,"column":18},"end":{"line":238,"column":64}},"69":{"start":{"line":239,"column":2},"end":{"line":242,"column":3}},"70":{"start":{"line":240,"column":4},"end":{"line":240,"column":62}},"71":{"start":{"line":241,"column":4},"end":{"line":241,"column":11}},"72":{"start":{"line":243,"column":2},"end":{"line":245,"column":3}},"73":{"start":{"line":244,"column":4},"end":{"line":244,"column":48}},"74":{"start":{"line":246,"column":2},"end":{"line":258,"column":5}},"75":{"start":{"line":249,"column":28},"end":{"line":249,"column":65}},"76":{"start":{"line":252,"column":28},"end":{"line":252,"column":40}},"77":{"start":{"line":263,"column":21},"end":{"line":263,"column":23}},"78":{"start":{"line":264,"column":2},"end":{"line":272,"column":5}},"79":{"start":{"line":265,"column":4},"end":{"line":265,"column":27}},"80":{"start":{"line":265,"column":19},"end":{"line":265,"column":26}},"81":{"start":{"line":266,"column":4},"end":{"line":268,"column":5}},"82":{"start":{"line":267,"column":6},"end":{"line":267,"column":67}},"83":{"start":{"line":269,"column":4},"end":{"line":269,"column":57}},"84":{"start":{"line":270,"column":4},"end":{"line":270,"column":61}},"85":{"start":{"line":271,"column":4},"end":{"line":271,"column":85}},"86":{"start":{"line":273,"column":2},"end":{"line":273,"column":20}},"87":{"start":{"line":277,"column":12},"end":{"line":277,"column":44}},"88":{"start":{"line":278,"column":12},"end":{"line":278,"column":60}},"89":{"start":{"line":279,"column":2},"end":{"line":279,"column":29}},"90":{"start":{"line":283,"column":2},"end":{"line":287,"column":4}},"91":{"start":{"line":284,"column":11},"end":{"line":286,"column":94}},"92":{"start":{"line":291,"column":16},"end":{"line":291,"column":18}},"93":{"start":{"line":292,"column":2},"end":{"line":297,"column":5}},"94":{"start":{"line":293,"column":4},"end":{"line":293,"column":27}},"95":{"start":{"line":293,"column":19},"end":{"line":293,"column":26}},"96":{"start":{"line":294,"column":4},"end":{"line":294,"column":69}},"97":{"start":{"line":294,"column":26},"end":{"line":294,"column":68}},"98":{"start":{"line":295,"column":4},"end":{"line":295,"column":52}},"99":{"start":{"line":296,"column":4},"end":{"line":296,"column":80}},"100":{"start":{"line":298,"column":2},"end":{"line":303,"column":5}},"101":{"start":{"line":299,"column":4},"end":{"line":302,"column":12}},"102":{"start":{"line":304,"column":2},"end":{"line":304,"column":15}},"103":{"start":{"line":308,"column":2},"end":{"line":308,"column":64}},"104":{"start":{"line":308,"column":33},"end":{"line":308,"column":62}},"105":{"start":{"line":312,"column":19},"end":{"line":312,"column":80}},"106":{"start":{"line":313,"column":2},"end":{"line":321,"column":21}},"107":{"start":{"line":314,"column":29},"end":{"line":317,"column":5}},"108":{"start":{"line":316,"column":58},"end":{"line":316,"column":63}},"109":{"start":{"line":318,"column":20},"end":{"line":318,"column":49}},"110":{"start":{"line":320,"column":16},"end":{"line":320,"column":53}},"111":{"start":{"line":320,"column":38},"end":{"line":320,"column":52}},"112":{"start":{"line":325,"column":21},"end":{"line":325,"column":59}},"113":{"start":{"line":326,"column":21},"end":{"line":330,"column":4}},"114":{"start":{"line":327,"column":18},"end":{"line":327,"column":31}},"115":{"start":{"line":328,"column":18},"end":{"line":328,"column":63}},"116":{"start":{"line":329,"column":4},"end":{"line":329,"column":59}},"117":{"start":{"line":331,"column":23},"end":{"line":331,"column":67}},"118":{"start":{"line":332,"column":2},"end":{"line":332,"column":60}},"119":{"start":{"line":336,"column":2},"end":{"line":336,"column":25}},"120":{"start":{"line":336,"column":14},"end":{"line":336,"column":24}},"121":{"start":{"line":338,"column":2},"end":{"line":341,"column":46}},"122":{"start":{"line":341,"column":29},"end":{"line":341,"column":44}},"123":{"start":{"line":346,"column":19},"end":{"line":346,"column":57}},"124":{"start":{"line":347,"column":2},"end":{"line":347,"column":28}},"125":{"start":{"line":347,"column":20},"end":{"line":347,"column":27}},"126":{"start":{"line":349,"column":15},"end":{"line":349,"column":17}},"127":{"start":{"line":350,"column":15},"end":{"line":350,"column":38}},"128":{"start":{"line":351,"column":25},"end":{"line":351,"column":65}},"129":{"start":{"line":352,"column":27},"end":{"line":352,"column":69}},"130":{"start":{"line":353,"column":2},"end":{"line":353,"column":85}},"131":{"start":{"line":353,"column":8},"end":{"line":353,"column":74}},"132":{"start":{"line":355,"column":17},"end":{"line":355,"column":37}},"133":{"start":{"line":357,"column":16},"end":{"line":357,"column":57}},"134":{"start":{"line":358,"column":2},"end":{"line":363,"column":3}},"135":{"start":{"line":359,"column":4},"end":{"line":359,"column":44}},"136":{"start":{"line":360,"column":4},"end":{"line":360,"column":34}},"137":{"start":{"line":361,"column":4},"end":{"line":361,"column":163}},"138":{"start":{"line":362,"column":4},"end":{"line":362,"column":32}},"139":{"start":{"line":364,"column":2},"end":{"line":364,"column":225}},"140":{"start":{"line":364,"column":126},"end":{"line":364,"column":130}},"141":{"start":{"line":366,"column":0},"end":{"line":366,"column":53}},"142":{"start":{"line":368,"column":0},"end":{"line":370,"column":1}},"143":{"start":{"line":369,"column":2},"end":{"line":369,"column":94}},"144":{"start":{"line":369,"column":22},"end":{"line":369,"column":85}},"145":{"start":{"line":373,"column":0},"end":{"line":383,"column":2}},"146":{"start":{"line":374,"column":2},"end":{"line":382,"column":3}},"147":{"start":{"line":375,"column":4},"end":{"line":375,"column":70}},"148":{"start":{"line":376,"column":4},"end":{"line":376,"column":61}},"149":{"start":{"line":377,"column":4},"end":{"line":377,"column":75}},"150":{"start":{"line":378,"column":4},"end":{"line":378,"column":67}},"151":{"start":{"line":379,"column":4},"end":{"line":379,"column":79}},"152":{"start":{"line":381,"column":4},"end":{"line":381,"column":55}},"153":{"start":{"line":386,"column":0},"end":{"line":408,"column":2}},"154":{"start":{"line":387,"column":2},"end":{"line":407,"column":3}},"155":{"start":{"line":388,"column":24},"end":{"line":388,"column":79}},"156":{"start":{"line":389,"column":16},"end":{"line":389,"column":17}},"157":{"start":{"line":389,"column":29},"end":{"line":389,"column":30}},"158":{"start":{"line":389,"column":44},"end":{"line":389,"column":45}},"159":{"start":{"line":389,"column":60},"end":{"line":389,"column":61}},"160":{"start":{"line":390,"column":22},"end":{"line":390,"column":24}},"161":{"start":{"line":391,"column":4},"end":{"line":402,"column":7}},"162":{"start":{"line":392,"column":6},"end":{"line":401,"column":7}},"163":{"start":{"line":393,"column":8},"end":{"line":400,"column":11}},"164":{"start":{"line":394,"column":10},"end":{"line":394,"column":18}},"165":{"start":{"line":395,"column":10},"end":{"line":396,"column":29}},"166":{"start":{"line":395,"column":28},"end":{"line":395,"column":38}},"167":{"start":{"line":396,"column":16},"end":{"line":396,"column":28}},"168":{"start":{"line":397,"column":10},"end":{"line":397,"column":101}},"169":{"start":{"line":397,"column":43},"end":{"line":397,"column":100}},"170":{"start":{"line":398,"column":10},"end":{"line":399,"column":55}},"171":{"start":{"line":398,"column":28},"end":{"line":398,"column":64}},"172":{"start":{"line":399,"column":16},"end":{"line":399,"column":54}},"173":{"start":{"line":403,"column":4},"end":{"line":403,"column":102}},"174":{"start":{"line":404,"column":4},"end":{"line":404,"column":65}},"175":{"start":{"line":406,"column":4},"end":{"line":406,"column":69}},"176":{"start":{"line":411,"column":0},"end":{"line":429,"column":2}},"177":{"start":{"line":412,"column":2},"end":{"line":428,"column":3}},"178":{"start":{"line":413,"column":24},"end":{"line":413,"column":79}},"179":{"start":{"line":414,"column":17},"end":{"line":414,"column":19}},"180":{"start":{"line":415,"column":4},"end":{"line":424,"column":7}},"181":{"start":{"line":416,"column":6},"end":{"line":423,"column":7}},"182":{"start":{"line":417,"column":8},"end":{"line":422,"column":11}},"183":{"start":{"line":418,"column":10},"end":{"line":421,"column":11}},"184":{"start":{"line":419,"column":12},"end":{"line":419,"column":66}},"185":{"start":{"line":419,"column":40},"end":{"line":419,"column":65}},"186":{"start":{"line":420,"column":12},"end":{"line":420,"column":35}},"187":{"start":{"line":425,"column":4},"end":{"line":425,"column":76}},"188":{"start":{"line":427,"column":4},"end":{"line":427,"column":69}},"189":{"start":{"line":432,"column":0},"end":{"line":442,"column":2}},"190":{"start":{"line":433,"column":2},"end":{"line":441,"column":3}},"191":{"start":{"line":434,"column":24},"end":{"line":434,"column":79}},"192":{"start":{"line":435,"column":20},"end":{"line":435,"column":55}},"193":{"start":{"line":435,"column":41},"end":{"line":435,"column":54}},"194":{"start":{"line":436,"column":4},"end":{"line":436,"column":63}},"195":{"start":{"line":437,"column":22},"end":{"line":437,"column":45}},"196":{"start":{"line":438,"column":4},"end":{"line":438,"column":52}},"197":{"start":{"line":440,"column":4},"end":{"line":440,"column":60}},"198":{"start":{"line":445,"column":0},"end":{"line":490,"column":2}},"199":{"start":{"line":446,"column":2},"end":{"line":489,"column":3}},"200":{"start":{"line":447,"column":19},"end":{"line":447,"column":75}},"201":{"start":{"line":448,"column":29},"end":{"line":448,"column":94}},"202":{"start":{"line":449,"column":4},"end":{"line":449,"column":54}},"203":{"start":{"line":451,"column":24},"end":{"line":464,"column":5}},"204":{"start":{"line":452,"column":27},"end":{"line":458,"column":8}},"205":{"start":{"line":453,"column":22},"end":{"line":453,"column":55}},"206":{"start":{"line":453,"column":43},"end":{"line":453,"column":54}},"207":{"start":{"line":454,"column":21},"end":{"line":454,"column":67}},"208":{"start":{"line":455,"column":21},"end":{"line":455,"column":84}},"209":{"start":{"line":456,"column":26},"end":{"line":456,"column":108}},"210":{"start":{"line":457,"column":8},"end":{"line":457,"column":45}},"211":{"start":{"line":459,"column":6},"end":{"line":459,"column":34}},"212":{"start":{"line":461,"column":25},"end":{"line":461,"column":27}},"213":{"start":{"line":462,"column":6},"end":{"line":462,"column":89}},"214":{"start":{"line":462,"column":34},"end":{"line":462,"column":85}},"215":{"start":{"line":463,"column":6},"end":{"line":463,"column":61}},"216":{"start":{"line":465,"column":4},"end":{"line":486,"column":5}},"217":{"start":{"line":467,"column":6},"end":{"line":483,"column":7}},"218":{"start":{"line":471,"column":21},"end":{"line":471,"column":55}},"219":{"start":{"line":472,"column":8},"end":{"line":479,"column":9}},"220":{"start":{"line":473,"column":10},"end":{"line":473,"column":48}},"221":{"start":{"line":474,"column":10},"end":{"line":474,"column":81}},"222":{"start":{"line":475,"column":10},"end":{"line":475,"column":41}},"223":{"start":{"line":477,"column":10},"end":{"line":477,"column":89}},"224":{"start":{"line":478,"column":10},"end":{"line":478,"column":85}},"225":{"start":{"line":481,"column":8},"end":{"line":481,"column":68}},"226":{"start":{"line":482,"column":8},"end":{"line":482,"column":83}},"227":{"start":{"line":485,"column":6},"end":{"line":485,"column":37}},"228":{"start":{"line":488,"column":4},"end":{"line":488,"column":59}},"229":{"start":{"line":493,"column":0},"end":{"line":501,"column":2}},"230":{"start":{"line":494,"column":2},"end":{"line":500,"column":3}},"231":{"start":{"line":495,"column":22},"end":{"line":495,"column":75}},"232":{"start":{"line":496,"column":18},"end":{"line":496,"column":89}},"233":{"start":{"line":497,"column":4},"end":{"line":497,"column":25}},"234":{"start":{"line":499,"column":4},"end":{"line":499,"column":60}},"235":{"start":{"line":504,"column":0},"end":{"line":522,"column":2}},"236":{"start":{"line":505,"column":2},"end":{"line":521,"column":3}},"237":{"start":{"line":506,"column":27},"end":{"line":506,"column":58}},"238":{"start":{"line":507,"column":16},"end":{"line":507,"column":17}},"239":{"start":{"line":507,"column":29},"end":{"line":507,"column":30}},"240":{"start":{"line":507,"column":44},"end":{"line":507,"column":45}},"241":{"start":{"line":507,"column":60},"end":{"line":507,"column":61}},"242":{"start":{"line":508,"column":4},"end":{"line":516,"column":7}},"243":{"start":{"line":509,"column":6},"end":{"line":515,"column":7}},"244":{"start":{"line":510,"column":8},"end":{"line":514,"column":11}},"245":{"start":{"line":511,"column":10},"end":{"line":511,"column":18}},"246":{"start":{"line":512,"column":10},"end":{"line":513,"column":29}},"247":{"start":{"line":512,"column":28},"end":{"line":512,"column":38}},"248":{"start":{"line":513,"column":16},"end":{"line":513,"column":28}},"249":{"start":{"line":517,"column":4},"end":{"line":517,"column":45}},"250":{"start":{"line":518,"column":4},"end":{"line":518,"column":124}},"251":{"start":{"line":520,"column":4},"end":{"line":520,"column":62}},"252":{"start":{"line":525,"column":0},"end":{"line":548,"column":2}},"253":{"start":{"line":526,"column":2},"end":{"line":547,"column":3}},"254":{"start":{"line":527,"column":24},"end":{"line":527,"column":79}},"255":{"start":{"line":528,"column":21},"end":{"line":528,"column":22}},"256":{"start":{"line":528,"column":39},"end":{"line":528,"column":40}},"257":{"start":{"line":528,"column":56},"end":{"line":528,"column":57}},"258":{"start":{"line":528,"column":75},"end":{"line":528,"column":76}},"259":{"start":{"line":529,"column":4},"end":{"line":543,"column":7}},"260":{"start":{"line":530,"column":6},"end":{"line":542,"column":7}},"261":{"start":{"line":531,"column":8},"end":{"line":541,"column":11}},"262":{"start":{"line":532,"column":10},"end":{"line":540,"column":11}},"263":{"start":{"line":533,"column":12},"end":{"line":533,"column":26}},"264":{"start":{"line":534,"column":12},"end":{"line":534,"column":59}},"265":{"start":{"line":535,"column":12},"end":{"line":535,"column":30}},"266":{"start":{"line":537,"column":12},"end":{"line":537,"column":28}},"267":{"start":{"line":538,"column":12},"end":{"line":538,"column":65}},"268":{"start":{"line":539,"column":12},"end":{"line":539,"column":28}},"269":{"start":{"line":544,"column":4},"end":{"line":544,"column":110}},"270":{"start":{"line":546,"column":4},"end":{"line":546,"column":64}},"271":{"start":{"line":551,"column":0},"end":{"line":561,"column":2}},"272":{"start":{"line":552,"column":2},"end":{"line":560,"column":3}},"273":{"start":{"line":553,"column":24},"end":{"line":553,"column":79}},"274":{"start":{"line":554,"column":19},"end":{"line":554,"column":40}},"275":{"start":{"line":555,"column":4},"end":{"line":557,"column":7}},"276":{"start":{"line":556,"column":6},"end":{"line":556,"column":129}},"277":{"start":{"line":559,"column":4},"end":{"line":559,"column":68}},"278":{"start":{"line":564,"column":0},"end":{"line":579,"column":2}},"279":{"start":{"line":565,"column":2},"end":{"line":578,"column":3}},"280":{"start":{"line":566,"column":19},"end":{"line":566,"column":75}},"281":{"start":{"line":567,"column":19},"end":{"line":567,"column":116}},"282":{"start":{"line":567,"column":97},"end":{"line":567,"column":110}},"283":{"start":{"line":569,"column":19},"end":{"line":569,"column":29}},"284":{"start":{"line":570,"column":4},"end":{"line":574,"column":5}},"285":{"start":{"line":571,"column":6},"end":{"line":571,"column":73}},"286":{"start":{"line":573,"column":6},"end":{"line":573,"column":126}},"287":{"start":{"line":577,"column":4},"end":{"line":577,"column":63}},"288":{"start":{"line":582,"column":0},"end":{"line":591,"column":2}},"289":{"start":{"line":583,"column":2},"end":{"line":590,"column":3}},"290":{"start":{"line":584,"column":29},"end":{"line":584,"column":94}},"291":{"start":{"line":585,"column":19},"end":{"line":585,"column":116}},"292":{"start":{"line":585,"column":71},"end":{"line":585,"column":114}},"293":{"start":{"line":586,"column":4},"end":{"line":586,"column":63}},"294":{"start":{"line":586,"column":26},"end":{"line":586,"column":61}},"295":{"start":{"line":587,"column":4},"end":{"line":587,"column":26}},"296":{"start":{"line":589,"column":4},"end":{"line":589,"column":64}},"297":{"start":{"line":594,"column":0},"end":{"line":609,"column":2}},"298":{"start":{"line":595,"column":2},"end":{"line":608,"column":3}},"299":{"start":{"line":597,"column":19},"end":{"line":597,"column":75}},"300":{"start":{"line":598,"column":22},"end":{"line":598,"column":45}},"301":{"start":{"line":599,"column":19},"end":{"line":604,"column":7}},"302":{"start":{"line":599,"column":39},"end":{"line":604,"column":5}},"303":{"start":{"line":605,"column":4},"end":{"line":605,"column":26}},"304":{"start":{"line":607,"column":4},"end":{"line":607,"column":61}},"305":{"start":{"line":612,"column":0},"end":{"line":619,"column":2}},"306":{"start":{"line":613,"column":2},"end":{"line":618,"column":3}},"307":{"start":{"line":614,"column":18},"end":{"line":614,"column":80}},"308":{"start":{"line":615,"column":4},"end":{"line":615,"column":25}},"309":{"start":{"line":617,"column":4},"end":{"line":617,"column":69}},"310":{"start":{"line":622,"column":0},"end":{"line":630,"column":2}},"311":{"start":{"line":623,"column":2},"end":{"line":629,"column":3}},"312":{"start":{"line":624,"column":21},"end":{"line":624,"column":61}},"313":{"start":{"line":625,"column":23},"end":{"line":625,"column":65}},"314":{"start":{"line":626,"column":4},"end":{"line":626,"column":119}},"315":{"start":{"line":628,"column":4},"end":{"line":628,"column":69}},"316":{"start":{"line":634,"column":2},"end":{"line":634,"column":43}},"317":{"start":{"line":634,"column":36},"end":{"line":634,"column":43}},"318":{"start":{"line":635,"column":2},"end":{"line":638,"column":3}},"319":{"start":{"line":636,"column":4},"end":{"line":636,"column":84}},"320":{"start":{"line":637,"column":4},"end":{"line":637,"column":11}},"321":{"start":{"line":639,"column":2},"end":{"line":639,"column":38}},"322":{"start":{"line":640,"column":2},"end":{"line":696,"column":3}},"323":{"start":{"line":641,"column":18},"end":{"line":641,"column":47}},"324":{"start":{"line":642,"column":4},"end":{"line":642,"column":29}},"325":{"start":{"line":643,"column":4},"end":{"line":643,"column":35}},"326":{"start":{"line":644,"column":4},"end":{"line":644,"column":32}},"327":{"start":{"line":645,"column":4},"end":{"line":645,"column":31}},"328":{"start":{"line":646,"column":4},"end":{"line":646,"column":30}},"329":{"start":{"line":647,"column":4},"end":{"line":647,"column":51}},"330":{"start":{"line":648,"column":4},"end":{"line":648,"column":31}},"331":{"start":{"line":649,"column":4},"end":{"line":649,"column":48}},"332":{"start":{"line":650,"column":4},"end":{"line":650,"column":38}},"333":{"start":{"line":651,"column":4},"end":{"line":651,"column":47}},"334":{"start":{"line":652,"column":4},"end":{"line":652,"column":34}},"335":{"start":{"line":653,"column":4},"end":{"line":653,"column":35}},"336":{"start":{"line":654,"column":4},"end":{"line":654,"column":35}},"337":{"start":{"line":655,"column":4},"end":{"line":655,"column":41}},"338":{"start":{"line":656,"column":4},"end":{"line":673,"column":6}},"339":{"start":{"line":674,"column":4},"end":{"line":674,"column":37}},"340":{"start":{"line":676,"column":20},"end":{"line":676,"column":31}},"341":{"start":{"line":677,"column":4},"end":{"line":688,"column":6}},"342":{"start":{"line":678,"column":6},"end":{"line":678,"column":35}},"343":{"start":{"line":679,"column":21},"end":{"line":679,"column":57}},"344":{"start":{"line":680,"column":6},"end":{"line":687,"column":7}},"345":{"start":{"line":681,"column":20},"end":{"line":681,"column":100}},"346":{"start":{"line":681,"column":35},"end":{"line":681,"column":88}},"347":{"start":{"line":682,"column":19},"end":{"line":682,"column":48}},"348":{"start":{"line":683,"column":8},"end":{"line":683,"column":29}},"349":{"start":{"line":684,"column":8},"end":{"line":684,"column":31}},"350":{"start":{"line":685,"column":8},"end":{"line":685,"column":83}},"351":{"start":{"line":685,"column":44},"end":{"line":685,"column":82}},"352":{"start":{"line":686,"column":8},"end":{"line":686,"column":47}},"353":{"start":{"line":690,"column":4},"end":{"line":693,"column":5}},"354":{"start":{"line":691,"column":6},"end":{"line":691,"column":40}},"355":{"start":{"line":692,"column":6},"end":{"line":692,"column":98}},"356":{"start":{"line":692,"column":23},"end":{"line":692,"column":91}},"357":{"start":{"line":695,"column":4},"end":{"line":695,"column":103}},"358":{"start":{"line":695,"column":23},"end":{"line":695,"column":96}},"359":{"start":{"line":699,"column":0},"end":{"line":886,"column":2}},"360":{"start":{"line":701,"column":16},"end":{"line":701,"column":54}},"361":{"start":{"line":702,"column":2},"end":{"line":702,"column":21}},"362":{"start":{"line":702,"column":14},"end":{"line":702,"column":21}},"363":{"start":{"line":704,"column":2},"end":{"line":737,"column":3}},"364":{"start":{"line":705,"column":25},"end":{"line":705,"column":54}},"365":{"start":{"line":706,"column":4},"end":{"line":706,"column":40}},"366":{"start":{"line":707,"column":4},"end":{"line":707,"column":42}},"367":{"start":{"line":708,"column":4},"end":{"line":712,"column":6}},"368":{"start":{"line":713,"column":4},"end":{"line":713,"column":36}},"369":{"start":{"line":714,"column":4},"end":{"line":736,"column":6}},"370":{"start":{"line":715,"column":18},"end":{"line":715,"column":67}},"371":{"start":{"line":716,"column":6},"end":{"line":716,"column":25}},"372":{"start":{"line":716,"column":17},"end":{"line":716,"column":24}},"373":{"start":{"line":717,"column":6},"end":{"line":735,"column":7}},"374":{"start":{"line":718,"column":28},"end":{"line":718,"column":83}},"375":{"start":{"line":719,"column":22},"end":{"line":719,"column":24}},"376":{"start":{"line":720,"column":8},"end":{"line":724,"column":11}},"377":{"start":{"line":721,"column":10},"end":{"line":723,"column":11}},"378":{"start":{"line":722,"column":12},"end":{"line":722,"column":82}},"379":{"start":{"line":722,"column":59},"end":{"line":722,"column":79}},"380":{"start":{"line":725,"column":21},"end":{"line":725,"column":88}},"381":{"start":{"line":726,"column":27},"end":{"line":726,"column":102}},"382":{"start":{"line":727,"column":22},"end":{"line":727,"column":95}},"383":{"start":{"line":728,"column":8},"end":{"line":732,"column":65}},"384":{"start":{"line":730,"column":42},"end":{"line":730,"column":53}},"385":{"start":{"line":730,"column":97},"end":{"line":730,"column":116}},"386":{"start":{"line":734,"column":8},"end":{"line":734,"column":80}},"387":{"start":{"line":739,"column":2},"end":{"line":767,"column":3}},"388":{"start":{"line":740,"column":21},"end":{"line":740,"column":50}},"389":{"start":{"line":741,"column":4},"end":{"line":741,"column":42}},"390":{"start":{"line":742,"column":4},"end":{"line":742,"column":38}},"391":{"start":{"line":743,"column":4},"end":{"line":747,"column":6}},"392":{"start":{"line":748,"column":4},"end":{"line":748,"column":32}},"393":{"start":{"line":749,"column":4},"end":{"line":766,"column":6}},"394":{"start":{"line":750,"column":20},"end":{"line":750,"column":71}},"395":{"start":{"line":751,"column":6},"end":{"line":751,"column":27}},"396":{"start":{"line":751,"column":19},"end":{"line":751,"column":26}},"397":{"start":{"line":752,"column":6},"end":{"line":765,"column":7}},"398":{"start":{"line":753,"column":26},"end":{"line":753,"column":79}},"399":{"start":{"line":754,"column":22},"end":{"line":754,"column":93}},"400":{"start":{"line":755,"column":27},"end":{"line":755,"column":47}},"401":{"start":{"line":756,"column":28},"end":{"line":756,"column":30}},"402":{"start":{"line":757,"column":8},"end":{"line":760,"column":9}},"403":{"start":{"line":758,"column":30},"end":{"line":758,"column":78}},"404":{"start":{"line":758,"column":60},"end":{"line":758,"column":77}},"405":{"start":{"line":759,"column":10},"end":{"line":759,"column":133}},"406":{"start":{"line":759,"column":47},"end":{"line":759,"column":122}},"407":{"start":{"line":761,"column":8},"end":{"line":762,"column":118}},"408":{"start":{"line":764,"column":8},"end":{"line":764,"column":82}},"409":{"start":{"line":769,"column":2},"end":{"line":775,"column":3}},"410":{"start":{"line":770,"column":21},"end":{"line":770,"column":50}},"411":{"start":{"line":771,"column":4},"end":{"line":771,"column":37}},"412":{"start":{"line":772,"column":4},"end":{"line":772,"column":41}},"413":{"start":{"line":773,"column":4},"end":{"line":773,"column":37}},"414":{"start":{"line":774,"column":4},"end":{"line":774,"column":71}},"415":{"start":{"line":777,"column":2},"end":{"line":810,"column":3}},"416":{"start":{"line":778,"column":20},"end":{"line":778,"column":52}},"417":{"start":{"line":779,"column":4},"end":{"line":779,"column":34}},"418":{"start":{"line":780,"column":4},"end":{"line":780,"column":39}},"419":{"start":{"line":781,"column":4},"end":{"line":781,"column":40}},"420":{"start":{"line":782,"column":4},"end":{"line":782,"column":30}},"421":{"start":{"line":783,"column":4},"end":{"line":783,"column":32}},"422":{"start":{"line":784,"column":4},"end":{"line":784,"column":36}},"423":{"start":{"line":785,"column":4},"end":{"line":808,"column":6}},"424":{"start":{"line":786,"column":6},"end":{"line":786,"column":35}},"425":{"start":{"line":787,"column":6},"end":{"line":807,"column":14}},"426":{"start":{"line":788,"column":8},"end":{"line":806,"column":9}},"427":{"start":{"line":789,"column":26},"end":{"line":789,"column":58}},"428":{"start":{"line":790,"column":10},"end":{"line":790,"column":40}},"429":{"start":{"line":791,"column":10},"end":{"line":791,"column":51}},"430":{"start":{"line":792,"column":10},"end":{"line":792,"column":43}},"431":{"start":{"line":793,"column":10},"end":{"line":793,"column":40}},"432":{"start":{"line":794,"column":10},"end":{"line":794,"column":39}},"433":{"start":{"line":795,"column":10},"end":{"line":795,"column":38}},"434":{"start":{"line":796,"column":10},"end":{"line":796,"column":44}},"435":{"start":{"line":797,"column":10},"end":{"line":797,"column":39}},"436":{"start":{"line":798,"column":10},"end":{"line":798,"column":45}},"437":{"start":{"line":799,"column":10},"end":{"line":799,"column":45}},"438":{"start":{"line":800,"column":10},"end":{"line":800,"column":42}},"439":{"start":{"line":801,"column":10},"end":{"line":804,"column":12}},"440":{"start":{"line":802,"column":12},"end":{"line":802,"column":37}},"441":{"start":{"line":803,"column":12},"end":{"line":803,"column":29}},"442":{"start":{"line":805,"column":10},"end":{"line":805,"column":45}},"443":{"start":{"line":809,"column":4},"end":{"line":809,"column":31}},"444":{"start":{"line":812,"column":2},"end":{"line":839,"column":3}},"445":{"start":{"line":813,"column":19},"end":{"line":813,"column":51}},"446":{"start":{"line":814,"column":4},"end":{"line":814,"column":34}},"447":{"start":{"line":815,"column":4},"end":{"line":815,"column":47}},"448":{"start":{"line":816,"column":4},"end":{"line":816,"column":38}},"449":{"start":{"line":817,"column":4},"end":{"line":817,"column":35}},"450":{"start":{"line":818,"column":4},"end":{"line":837,"column":6}},"451":{"start":{"line":819,"column":21},"end":{"line":819,"column":44}},"452":{"start":{"line":820,"column":21},"end":{"line":820,"column":77}},"453":{"start":{"line":821,"column":21},"end":{"line":821,"column":61}},"454":{"start":{"line":821,"column":38},"end":{"line":821,"column":60}},"455":{"start":{"line":822,"column":6},"end":{"line":836,"column":7}},"456":{"start":{"line":823,"column":8},"end":{"line":823,"column":31}},"457":{"start":{"line":824,"column":8},"end":{"line":824,"column":69}},"458":{"start":{"line":825,"column":19},"end":{"line":825,"column":84}},"459":{"start":{"line":826,"column":8},"end":{"line":826,"column":49}},"460":{"start":{"line":827,"column":8},"end":{"line":827,"column":74}},"461":{"start":{"line":828,"column":8},"end":{"line":828,"column":61}},"462":{"start":{"line":829,"column":8},"end":{"line":831,"column":9}},"463":{"start":{"line":830,"column":10},"end":{"line":830,"column":109}},"464":{"start":{"line":830,"column":39},"end":{"line":830,"column":107}},"465":{"start":{"line":832,"column":8},"end":{"line":832,"column":99}},"466":{"start":{"line":833,"column":8},"end":{"line":833,"column":55}},"467":{"start":{"line":835,"column":8},"end":{"line":835,"column":44}},"468":{"start":{"line":838,"column":4},"end":{"line":838,"column":30}},"469":{"start":{"line":841,"column":2},"end":{"line":865,"column":3}},"470":{"start":{"line":842,"column":19},"end":{"line":842,"column":48}},"471":{"start":{"line":843,"column":4},"end":{"line":843,"column":34}},"472":{"start":{"line":844,"column":4},"end":{"line":844,"column":36}},"473":{"start":{"line":845,"column":4},"end":{"line":845,"column":37}},"474":{"start":{"line":846,"column":4},"end":{"line":846,"column":33}},"475":{"start":{"line":847,"column":4},"end":{"line":847,"column":38}},"476":{"start":{"line":848,"column":4},"end":{"line":848,"column":35}},"477":{"start":{"line":849,"column":4},"end":{"line":849,"column":37}},"478":{"start":{"line":850,"column":4},"end":{"line":850,"column":36}},"479":{"start":{"line":851,"column":4},"end":{"line":851,"column":101}},"480":{"start":{"line":852,"column":4},"end":{"line":852,"column":30}},"481":{"start":{"line":853,"column":4},"end":{"line":858,"column":6}},"482":{"start":{"line":854,"column":19},"end":{"line":854,"column":71}},"483":{"start":{"line":855,"column":6},"end":{"line":855,"column":63}},"484":{"start":{"line":856,"column":6},"end":{"line":856,"column":61}},"485":{"start":{"line":857,"column":6},"end":{"line":857,"column":55}},"486":{"start":{"line":859,"column":4},"end":{"line":863,"column":6}},"487":{"start":{"line":860,"column":19},"end":{"line":860,"column":71}},"488":{"start":{"line":861,"column":19},"end":{"line":861,"column":98}},"489":{"start":{"line":861,"column":44},"end":{"line":861,"column":88}},"490":{"start":{"line":862,"column":6},"end":{"line":862,"column":65}},"491":{"start":{"line":864,"column":4},"end":{"line":864,"column":28}},"492":{"start":{"line":867,"column":2},"end":{"line":881,"column":3}},"493":{"start":{"line":868,"column":19},"end":{"line":868,"column":51}},"494":{"start":{"line":869,"column":4},"end":{"line":869,"column":39}},"495":{"start":{"line":870,"column":4},"end":{"line":870,"column":47}},"496":{"start":{"line":871,"column":4},"end":{"line":871,"column":38}},"497":{"start":{"line":872,"column":4},"end":{"line":872,"column":35}},"498":{"start":{"line":873,"column":4},"end":{"line":879,"column":6}},"499":{"start":{"line":874,"column":6},"end":{"line":874,"column":73}},"500":{"start":{"line":875,"column":6},"end":{"line":875,"column":102}},"501":{"start":{"line":876,"column":6},"end":{"line":876,"column":88}},"502":{"start":{"line":877,"column":6},"end":{"line":877,"column":104}},"503":{"start":{"line":877,"column":37},"end":{"line":877,"column":100}},"504":{"start":{"line":878,"column":6},"end":{"line":878,"column":46}},"505":{"start":{"line":880,"column":4},"end":{"line":880,"column":30}},"506":{"start":{"line":883,"column":2},"end":{"line":885,"column":3}},"507":{"start":{"line":884,"column":4},"end":{"line":884,"column":67}},"508":{"start":{"line":889,"column":0},"end":{"line":919,"column":1}},"509":{"start":{"line":890,"column":2},"end":{"line":918,"column":3}},"510":{"start":{"line":891,"column":21},"end":{"line":891,"column":50}},"511":{"start":{"line":892,"column":4},"end":{"line":892,"column":42}},"512":{"start":{"line":893,"column":4},"end":{"line":893,"column":38}},"513":{"start":{"line":894,"column":4},"end":{"line":898,"column":6}},"514":{"start":{"line":899,"column":4},"end":{"line":899,"column":65}},"515":{"start":{"line":900,"column":4},"end":{"line":917,"column":6}},"516":{"start":{"line":901,"column":20},"end":{"line":901,"column":71}},"517":{"start":{"line":902,"column":6},"end":{"line":902,"column":27}},"518":{"start":{"line":902,"column":19},"end":{"line":902,"column":26}},"519":{"start":{"line":903,"column":6},"end":{"line":916,"column":7}},"520":{"start":{"line":904,"column":26},"end":{"line":904,"column":79}},"521":{"start":{"line":905,"column":22},"end":{"line":905,"column":93}},"522":{"start":{"line":906,"column":27},"end":{"line":906,"column":47}},"523":{"start":{"line":907,"column":28},"end":{"line":907,"column":30}},"524":{"start":{"line":908,"column":8},"end":{"line":911,"column":9}},"525":{"start":{"line":909,"column":30},"end":{"line":909,"column":78}},"526":{"start":{"line":909,"column":60},"end":{"line":909,"column":77}},"527":{"start":{"line":910,"column":10},"end":{"line":910,"column":133}},"528":{"start":{"line":910,"column":47},"end":{"line":910,"column":122}},"529":{"start":{"line":912,"column":8},"end":{"line":913,"column":118}},"530":{"start":{"line":915,"column":8},"end":{"line":915,"column":82}},"531":{"start":{"line":922,"column":0},"end":{"line":952,"column":1}},"532":{"start":{"line":923,"column":2},"end":{"line":951,"column":3}},"533":{"start":{"line":924,"column":19},"end":{"line":924,"column":51}},"534":{"start":{"line":925,"column":4},"end":{"line":925,"column":34}},"535":{"start":{"line":926,"column":4},"end":{"line":926,"column":47}},"536":{"start":{"line":927,"column":4},"end":{"line":927,"column":38}},"537":{"start":{"line":928,"column":4},"end":{"line":928,"column":35}},"538":{"start":{"line":929,"column":4},"end":{"line":949,"column":6}},"539":{"start":{"line":930,"column":21},"end":{"line":930,"column":44}},"540":{"start":{"line":931,"column":21},"end":{"line":931,"column":77}},"541":{"start":{"line":932,"column":21},"end":{"line":932,"column":61}},"542":{"start":{"line":932,"column":38},"end":{"line":932,"column":60}},"543":{"start":{"line":933,"column":6},"end":{"line":948,"column":7}},"544":{"start":{"line":934,"column":8},"end":{"line":934,"column":31}},"545":{"start":{"line":935,"column":8},"end":{"line":935,"column":69}},"546":{"start":{"line":936,"column":19},"end":{"line":936,"column":84}},"547":{"start":{"line":937,"column":8},"end":{"line":937,"column":49}},"548":{"start":{"line":938,"column":8},"end":{"line":938,"column":74}},"549":{"start":{"line":939,"column":8},"end":{"line":939,"column":61}},"550":{"start":{"line":941,"column":8},"end":{"line":943,"column":9}},"551":{"start":{"line":942,"column":10},"end":{"line":942,"column":109}},"552":{"start":{"line":942,"column":39},"end":{"line":942,"column":107}},"553":{"start":{"line":944,"column":8},"end":{"line":944,"column":77}},"554":{"start":{"line":945,"column":8},"end":{"line":945,"column":55}},"555":{"start":{"line":947,"column":8},"end":{"line":947,"column":44}},"556":{"start":{"line":950,"column":4},"end":{"line":950,"column":63}},"557":{"start":{"line":955,"column":0},"end":{"line":981,"column":1}},"558":{"start":{"line":956,"column":2},"end":{"line":980,"column":3}},"559":{"start":{"line":957,"column":19},"end":{"line":957,"column":48}},"560":{"start":{"line":958,"column":4},"end":{"line":958,"column":34}},"561":{"start":{"line":959,"column":4},"end":{"line":959,"column":36}},"562":{"start":{"line":960,"column":4},"end":{"line":960,"column":37}},"563":{"start":{"line":961,"column":4},"end":{"line":961,"column":33}},"564":{"start":{"line":962,"column":4},"end":{"line":962,"column":38}},"565":{"start":{"line":963,"column":4},"end":{"line":963,"column":35}},"566":{"start":{"line":964,"column":4},"end":{"line":964,"column":37}},"567":{"start":{"line":965,"column":4},"end":{"line":965,"column":36}},"568":{"start":{"line":966,"column":4},"end":{"line":966,"column":101}},"569":{"start":{"line":967,"column":4},"end":{"line":967,"column":63}},"570":{"start":{"line":968,"column":4},"end":{"line":973,"column":6}},"571":{"start":{"line":969,"column":19},"end":{"line":969,"column":71}},"572":{"start":{"line":970,"column":6},"end":{"line":970,"column":63}},"573":{"start":{"line":971,"column":6},"end":{"line":971,"column":61}},"574":{"start":{"line":972,"column":6},"end":{"line":972,"column":23}},"575":{"start":{"line":974,"column":4},"end":{"line":978,"column":6}},"576":{"start":{"line":975,"column":19},"end":{"line":975,"column":71}},"577":{"start":{"line":976,"column":19},"end":{"line":976,"column":98}},"578":{"start":{"line":976,"column":44},"end":{"line":976,"column":88}},"579":{"start":{"line":977,"column":6},"end":{"line":977,"column":65}},"580":{"start":{"line":979,"column":4},"end":{"line":979,"column":28}},"581":{"start":{"line":984,"column":0},"end":{"line":1002,"column":1}},"582":{"start":{"line":985,"column":2},"end":{"line":1001,"column":3}},"583":{"start":{"line":986,"column":19},"end":{"line":986,"column":51}},"584":{"start":{"line":987,"column":4},"end":{"line":987,"column":39}},"585":{"start":{"line":988,"column":4},"end":{"line":988,"column":47}},"586":{"start":{"line":989,"column":4},"end":{"line":989,"column":38}},"587":{"start":{"line":990,"column":4},"end":{"line":990,"column":35}},"588":{"start":{"line":991,"column":4},"end":{"line":999,"column":6}},"589":{"start":{"line":993,"column":6},"end":{"line":993,"column":73}},"590":{"start":{"line":994,"column":6},"end":{"line":994,"column":102}},"591":{"start":{"line":995,"column":6},"end":{"line":995,"column":88}},"592":{"start":{"line":997,"column":6},"end":{"line":997,"column":104}},"593":{"start":{"line":997,"column":37},"end":{"line":997,"column":100}},"594":{"start":{"line":998,"column":6},"end":{"line":998,"column":46}},"595":{"start":{"line":1000,"column":4},"end":{"line":1000,"column":63}},"596":{"start":{"line":1005,"column":0},"end":{"line":1032,"column":2}},"597":{"start":{"line":1006,"column":14},"end":{"line":1006,"column":58}},"598":{"start":{"line":1007,"column":2},"end":{"line":1012,"column":3}},"599":{"start":{"line":1008,"column":4},"end":{"line":1008,"column":42}},"600":{"start":{"line":1009,"column":4},"end":{"line":1009,"column":35}},"601":{"start":{"line":1010,"column":4},"end":{"line":1010,"column":34}},"602":{"start":{"line":1011,"column":4},"end":{"line":1011,"column":62}},"603":{"start":{"line":1014,"column":16},"end":{"line":1014,"column":56}},"604":{"start":{"line":1015,"column":17},"end":{"line":1015,"column":59}},"605":{"start":{"line":1016,"column":14},"end":{"line":1016,"column":19}},"606":{"start":{"line":1017,"column":2},"end":{"line":1017,"column":58}},"607":{"start":{"line":1017,"column":44},"end":{"line":1017,"column":57}},"608":{"start":{"line":1019,"column":2},"end":{"line":1021,"column":3}},"609":{"start":{"line":1020,"column":4},"end":{"line":1020,"column":17}},"610":{"start":{"line":1023,"column":2},"end":{"line":1027,"column":3}},"611":{"start":{"line":1024,"column":4},"end":{"line":1024,"column":157}},"612":{"start":{"line":1026,"column":4},"end":{"line":1026,"column":68}},"613":{"start":{"line":1029,"column":2},"end":{"line":1029,"column":160}},"614":{"start":{"line":1031,"column":2},"end":{"line":1031,"column":21}},"615":{"start":{"line":1036,"column":18},"end":{"line":1036,"column":64}},"616":{"start":{"line":1037,"column":2},"end":{"line":1037,"column":25}},"617":{"start":{"line":1037,"column":17},"end":{"line":1037,"column":24}},"618":{"start":{"line":1039,"column":2},"end":{"line":1044,"column":3}},"619":{"start":{"line":1040,"column":4},"end":{"line":1043,"column":14}},"620":{"start":{"line":1041,"column":19},"end":{"line":1041,"column":53}},"621":{"start":{"line":1042,"column":6},"end":{"line":1042,"column":59}},"622":{"start":{"line":1042,"column":20},"end":{"line":1042,"column":58}},"623":{"start":{"line":1045,"column":17},"end":{"line":1045,"column":40}},"624":{"start":{"line":1046,"column":15},"end":{"line":1046,"column":17}},"625":{"start":{"line":1047,"column":20},"end":{"line":1047,"column":22}},"626":{"start":{"line":1048,"column":2},"end":{"line":1051,"column":30}},"627":{"start":{"line":1049,"column":4},"end":{"line":1049,"column":70}},"628":{"start":{"line":1050,"column":4},"end":{"line":1050,"column":46}},"629":{"start":{"line":1050,"column":33},"end":{"line":1050,"column":45}},"630":{"start":{"line":1051,"column":16},"end":{"line":1051,"column":28}},"631":{"start":{"line":1052,"column":2},"end":{"line":1056,"column":3}},"632":{"start":{"line":1053,"column":4},"end":{"line":1053,"column":74}},"633":{"start":{"line":1055,"column":4},"end":{"line":1055,"column":21}},"634":{"start":{"line":1057,"column":20},"end":{"line":1057,"column":71}},"635":{"start":{"line":1057,"column":56},"end":{"line":1057,"column":69}},"636":{"start":{"line":1058,"column":23},"end":{"line":1058,"column":123}},"637":{"start":{"line":1058,"column":54},"end":{"line":1058,"column":119}},"638":{"start":{"line":1058,"column":95},"end":{"line":1058,"column":106}},"639":{"start":{"line":1059,"column":13},"end":{"line":1059,"column":15}},"640":{"start":{"line":1060,"column":20},"end":{"line":1060,"column":25}},"641":{"start":{"line":1061,"column":2},"end":{"line":1076,"column":5}},"642":{"start":{"line":1062,"column":19},"end":{"line":1062,"column":21}},"643":{"start":{"line":1063,"column":19},"end":{"line":1063,"column":60}},"644":{"start":{"line":1065,"column":4},"end":{"line":1073,"column":5}},"645":{"start":{"line":1066,"column":21},"end":{"line":1066,"column":38}},"646":{"start":{"line":1067,"column":6},"end":{"line":1067,"column":68}},"647":{"start":{"line":1068,"column":11},"end":{"line":1073,"column":5}},"648":{"start":{"line":1069,"column":21},"end":{"line":1069,"column":40}},"649":{"start":{"line":1070,"column":6},"end":{"line":1070,"column":72}},"650":{"start":{"line":1072,"column":6},"end":{"line":1072,"column":70}},"651":{"start":{"line":1074,"column":4},"end":{"line":1074,"column":56}},"652":{"start":{"line":1074,"column":36},"end":{"line":1074,"column":55}},"653":{"start":{"line":1075,"column":4},"end":{"line":1075,"column":225}},"654":{"start":{"line":1078,"column":2},"end":{"line":1080,"column":3}},"655":{"start":{"line":1079,"column":4},"end":{"line":1079,"column":165}},"656":{"start":{"line":1082,"column":2},"end":{"line":1082,"column":185}},"657":{"start":{"line":1082,"column":170},"end":{"line":1082,"column":174}},"658":{"start":{"line":1083,"column":2},"end":{"line":1083,"column":27}},"659":{"start":{"line":1085,"column":2},"end":{"line":1085,"column":23}},"660":{"start":{"line":1087,"column":0},"end":{"line":1087,"column":59}},"661":{"start":{"line":1110,"column":16},"end":{"line":1110,"column":45}},"662":{"start":{"line":1111,"column":2},"end":{"line":1111,"column":38}},"663":{"start":{"line":1112,"column":2},"end":{"line":1112,"column":40}},"664":{"start":{"line":1113,"column":2},"end":{"line":1113,"column":35}}},"fnMap":{"0":{"name":"renderChartsOnLoad","decl":{"start":{"line":10,"column":9},"end":{"line":10,"column":27}},"loc":{"start":{"line":10,"column":30},"end":{"line":18,"column":1}},"line":10},"1":{"name":"renderAccuracyChart","decl":{"start":{"line":20,"column":9},"end":{"line":20,"column":28}},"loc":{"start":{"line":20,"column":61},"end":{"line":58,"column":1}},"line":20},"2":{"name":"updateAccuracyChart","decl":{"start":{"line":60,"column":9},"end":{"line":60,"column":28}},"loc":{"start":{"line":60,"column":61},"end":{"line":67,"column":1}},"line":60},"3":{"name":"renderHistoryChart","decl":{"start":{"line":69,"column":9},"end":{"line":69,"column":27}},"loc":{"start":{"line":69,"column":30},"end":{"line":121,"column":1}},"line":69},"4":{"name":"(anonymous_4)","decl":{"start":{"line":92,"column":22},"end":{"line":92,"column":23}},"loc":{"start":{"line":92,"column":29},"end":{"line":92,"column":66}},"line":92},"5":{"name":"(anonymous_5)","decl":{"start":{"line":98,"column":26},"end":{"line":98,"column":27}},"loc":{"start":{"line":99,"column":16},"end":{"line":101,"column":21}},"line":99},"6":{"name":"(anonymous_6)","decl":{"start":{"line":110,"column":26},"end":{"line":110,"column":27}},"loc":{"start":{"line":111,"column":16},"end":{"line":111,"column":72}},"line":111},"7":{"name":"renderConfidenceChart","decl":{"start":{"line":123,"column":9},"end":{"line":123,"column":30}},"loc":{"start":{"line":123,"column":33},"end":{"line":161,"column":1}},"line":123},"8":{"name":"(anonymous_8)","decl":{"start":{"line":132,"column":37},"end":{"line":132,"column":38}},"loc":{"start":{"line":132,"column":44},"end":{"line":132,"column":80}},"line":132},"9":{"name":"(anonymous_9)","decl":{"start":{"line":132,"column":58},"end":{"line":132,"column":59}},"loc":{"start":{"line":132,"column":65},"end":{"line":132,"column":72}},"line":132},"10":{"name":"renderExampleChart","decl":{"start":{"line":163,"column":9},"end":{"line":163,"column":27}},"loc":{"start":{"line":163,"column":30},"end":{"line":208,"column":1}},"line":163},"11":{"name":"(anonymous_11)","decl":{"start":{"line":164,"column":48},"end":{"line":164,"column":49}},"loc":{"start":{"line":164,"column":54},"end":{"line":207,"column":3}},"line":164},"12":{"name":"renderSpacedRepetitionChart","decl":{"start":{"line":210,"column":9},"end":{"line":210,"column":36}},"loc":{"start":{"line":210,"column":39},"end":{"line":234,"column":1}},"line":210},"13":{"name":"(anonymous_13)","decl":{"start":{"line":217,"column":35},"end":{"line":217,"column":36}},"loc":{"start":{"line":217,"column":42},"end":{"line":220,"column":3}},"line":217},"14":{"name":"(anonymous_14)","decl":{"start":{"line":229,"column":29},"end":{"line":229,"column":30}},"loc":{"start":{"line":229,"column":39},"end":{"line":229,"column":50}},"line":229},"15":{"name":"renderMasteryHistoryChart","decl":{"start":{"line":236,"column":9},"end":{"line":236,"column":34}},"loc":{"start":{"line":236,"column":37},"end":{"line":259,"column":1}},"line":236},"16":{"name":"(anonymous_16)","decl":{"start":{"line":249,"column":23},"end":{"line":249,"column":24}},"loc":{"start":{"line":249,"column":28},"end":{"line":249,"column":65}},"line":249},"17":{"name":"(anonymous_17)","decl":{"start":{"line":252,"column":23},"end":{"line":252,"column":24}},"loc":{"start":{"line":252,"column":28},"end":{"line":252,"column":40}},"line":252},"18":{"name":"getTopicMastery","decl":{"start":{"line":262,"column":9},"end":{"line":262,"column":24}},"loc":{"start":{"line":262,"column":41},"end":{"line":274,"column":1}},"line":262},"19":{"name":"(anonymous_19)","decl":{"start":{"line":264,"column":20},"end":{"line":264,"column":21}},"loc":{"start":{"line":264,"column":27},"end":{"line":272,"column":3}},"line":264},"20":{"name":"masteryColor","decl":{"start":{"line":276,"column":9},"end":{"line":276,"column":21}},"loc":{"start":{"line":276,"column":32},"end":{"line":280,"column":1}},"line":276},"21":{"name":"getQuestionsForSmartReview","decl":{"start":{"line":282,"column":9},"end":{"line":282,"column":35}},"loc":{"start":{"line":282,"column":52},"end":{"line":288,"column":1}},"line":282},"22":{"name":"(anonymous_22)","decl":{"start":{"line":284,"column":4},"end":{"line":284,"column":5}},"loc":{"start":{"line":284,"column":11},"end":{"line":286,"column":94}},"line":284},"23":{"name":"getAccuracyPerTopic","decl":{"start":{"line":290,"column":9},"end":{"line":290,"column":28}},"loc":{"start":{"line":290,"column":45},"end":{"line":305,"column":1}},"line":290},"24":{"name":"(anonymous_24)","decl":{"start":{"line":292,"column":20},"end":{"line":292,"column":21}},"loc":{"start":{"line":292,"column":27},"end":{"line":297,"column":3}},"line":292},"25":{"name":"(anonymous_25)","decl":{"start":{"line":298,"column":29},"end":{"line":298,"column":30}},"loc":{"start":{"line":298,"column":40},"end":{"line":303,"column":3}},"line":298},"26":{"name":"getQuestionsMastered","decl":{"start":{"line":307,"column":9},"end":{"line":307,"column":29}},"loc":{"start":{"line":307,"column":61},"end":{"line":309,"column":1}},"line":307},"27":{"name":"(anonymous_27)","decl":{"start":{"line":308,"column":26},"end":{"line":308,"column":27}},"loc":{"start":{"line":308,"column":33},"end":{"line":308,"column":62}},"line":308},"28":{"name":"getMostErroredQuestions","decl":{"start":{"line":311,"column":9},"end":{"line":311,"column":32}},"loc":{"start":{"line":311,"column":56},"end":{"line":322,"column":1}},"line":311},"29":{"name":"(anonymous_29)","decl":{"start":{"line":314,"column":9},"end":{"line":314,"column":10}},"loc":{"start":{"line":314,"column":29},"end":{"line":317,"column":5}},"line":314},"30":{"name":"(anonymous_30)","decl":{"start":{"line":316,"column":48},"end":{"line":316,"column":49}},"loc":{"start":{"line":316,"column":58},"end":{"line":316,"column":63}},"line":316},"31":{"name":"(anonymous_31)","decl":{"start":{"line":318,"column":10},"end":{"line":318,"column":11}},"loc":{"start":{"line":318,"column":20},"end":{"line":318,"column":49}},"line":318},"32":{"name":"(anonymous_32)","decl":{"start":{"line":320,"column":9},"end":{"line":320,"column":10}},"loc":{"start":{"line":320,"column":16},"end":{"line":320,"column":53}},"line":320},"33":{"name":"(anonymous_33)","decl":{"start":{"line":320,"column":31},"end":{"line":320,"column":32}},"loc":{"start":{"line":320,"column":38},"end":{"line":320,"column":52}},"line":320},"34":{"name":"getAdaptiveQuiz","decl":{"start":{"line":324,"column":9},"end":{"line":324,"column":24}},"loc":{"start":{"line":324,"column":41},"end":{"line":333,"column":1}},"line":324},"35":{"name":"(anonymous_35)","decl":{"start":{"line":326,"column":38},"end":{"line":326,"column":39}},"loc":{"start":{"line":326,"column":45},"end":{"line":330,"column":3}},"line":326},"36":{"name":"prettifyName","decl":{"start":{"line":335,"column":9},"end":{"line":335,"column":21}},"loc":{"start":{"line":335,"column":28},"end":{"line":342,"column":1}},"line":335},"37":{"name":"(anonymous_37)","decl":{"start":{"line":341,"column":22},"end":{"line":341,"column":23}},"loc":{"start":{"line":341,"column":29},"end":{"line":341,"column":44}},"line":341},"38":{"name":"renderGlobalDebugInfo","decl":{"start":{"line":345,"column":9},"end":{"line":345,"column":30}},"loc":{"start":{"line":345,"column":33},"end":{"line":365,"column":1}},"line":345},"39":{"name":"(anonymous_39)","decl":{"start":{"line":364,"column":123},"end":{"line":364,"column":124}},"loc":{"start":{"line":364,"column":126},"end":{"line":364,"column":130}},"line":364},"40":{"name":"(anonymous_40)","decl":{"start":{"line":369,"column":14},"end":{"line":369,"column":15}},"loc":{"start":{"line":369,"column":20},"end":{"line":369,"column":87}},"line":369},"41":{"name":"(anonymous_41)","decl":{"start":{"line":373,"column":25},"end":{"line":373,"column":26}},"loc":{"start":{"line":373,"column":36},"end":{"line":383,"column":1}},"line":373},"42":{"name":"(anonymous_42)","decl":{"start":{"line":386,"column":28},"end":{"line":386,"column":29}},"loc":{"start":{"line":386,"column":39},"end":{"line":408,"column":1}},"line":386},"43":{"name":"(anonymous_43)","decl":{"start":{"line":391,"column":24},"end":{"line":391,"column":25}},"loc":{"start":{"line":391,"column":29},"end":{"line":402,"column":5}},"line":391},"44":{"name":"(anonymous_44)","decl":{"start":{"line":393,"column":26},"end":{"line":393,"column":27}},"loc":{"start":{"line":393,"column":31},"end":{"line":400,"column":9}},"line":393},"45":{"name":"(anonymous_45)","decl":{"start":{"line":411,"column":35},"end":{"line":411,"column":36}},"loc":{"start":{"line":411,"column":46},"end":{"line":429,"column":1}},"line":411},"46":{"name":"(anonymous_46)","decl":{"start":{"line":415,"column":24},"end":{"line":415,"column":25}},"loc":{"start":{"line":415,"column":29},"end":{"line":424,"column":5}},"line":415},"47":{"name":"(anonymous_47)","decl":{"start":{"line":417,"column":26},"end":{"line":417,"column":27}},"loc":{"start":{"line":417,"column":31},"end":{"line":422,"column":9}},"line":417},"48":{"name":"(anonymous_48)","decl":{"start":{"line":432,"column":28},"end":{"line":432,"column":29}},"loc":{"start":{"line":432,"column":39},"end":{"line":442,"column":1}},"line":432},"49":{"name":"(anonymous_49)","decl":{"start":{"line":435,"column":36},"end":{"line":435,"column":37}},"loc":{"start":{"line":435,"column":41},"end":{"line":435,"column":54}},"line":435},"50":{"name":"(anonymous_50)","decl":{"start":{"line":445,"column":26},"end":{"line":445,"column":27}},"loc":{"start":{"line":445,"column":43},"end":{"line":490,"column":1}},"line":445},"51":{"name":"(anonymous_51)","decl":{"start":{"line":451,"column":24},"end":{"line":451,"column":25}},"loc":{"start":{"line":451,"column":40},"end":{"line":464,"column":5}},"line":451},"52":{"name":"(anonymous_52)","decl":{"start":{"line":452,"column":38},"end":{"line":452,"column":39}},"loc":{"start":{"line":452,"column":44},"end":{"line":458,"column":7}},"line":452},"53":{"name":"(anonymous_53)","decl":{"start":{"line":453,"column":38},"end":{"line":453,"column":39}},"loc":{"start":{"line":453,"column":43},"end":{"line":453,"column":54}},"line":453},"54":{"name":"(anonymous_54)","decl":{"start":{"line":462,"column":27},"end":{"line":462,"column":28}},"loc":{"start":{"line":462,"column":32},"end":{"line":462,"column":87}},"line":462},"55":{"name":"(anonymous_55)","decl":{"start":{"line":493,"column":25},"end":{"line":493,"column":26}},"loc":{"start":{"line":493,"column":36},"end":{"line":501,"column":1}},"line":493},"56":{"name":"(anonymous_56)","decl":{"start":{"line":504,"column":27},"end":{"line":504,"column":28}},"loc":{"start":{"line":504,"column":38},"end":{"line":522,"column":1}},"line":504},"57":{"name":"(anonymous_57)","decl":{"start":{"line":508,"column":27},"end":{"line":508,"column":28}},"loc":{"start":{"line":508,"column":32},"end":{"line":516,"column":5}},"line":508},"58":{"name":"(anonymous_58)","decl":{"start":{"line":510,"column":26},"end":{"line":510,"column":27}},"loc":{"start":{"line":510,"column":31},"end":{"line":514,"column":9}},"line":510},"59":{"name":"(anonymous_59)","decl":{"start":{"line":525,"column":29},"end":{"line":525,"column":30}},"loc":{"start":{"line":525,"column":40},"end":{"line":548,"column":1}},"line":525},"60":{"name":"(anonymous_60)","decl":{"start":{"line":529,"column":24},"end":{"line":529,"column":25}},"loc":{"start":{"line":529,"column":29},"end":{"line":543,"column":5}},"line":529},"61":{"name":"(anonymous_61)","decl":{"start":{"line":531,"column":26},"end":{"line":531,"column":27}},"loc":{"start":{"line":531,"column":31},"end":{"line":541,"column":9}},"line":531},"62":{"name":"(anonymous_62)","decl":{"start":{"line":551,"column":32},"end":{"line":551,"column":33}},"loc":{"start":{"line":551,"column":48},"end":{"line":561,"column":1}},"line":551},"63":{"name":"(anonymous_63)","decl":{"start":{"line":555,"column":19},"end":{"line":555,"column":20}},"loc":{"start":{"line":555,"column":29},"end":{"line":557,"column":5}},"line":555},"64":{"name":"(anonymous_64)","decl":{"start":{"line":564,"column":28},"end":{"line":564,"column":29}},"loc":{"start":{"line":564,"column":39},"end":{"line":579,"column":1}},"line":564},"65":{"name":"(anonymous_65)","decl":{"start":{"line":567,"column":92},"end":{"line":567,"column":93}},"loc":{"start":{"line":567,"column":97},"end":{"line":567,"column":110}},"line":567},"66":{"name":"(anonymous_66)","decl":{"start":{"line":582,"column":28},"end":{"line":582,"column":29}},"loc":{"start":{"line":582,"column":39},"end":{"line":591,"column":1}},"line":582},"67":{"name":"(anonymous_67)","decl":{"start":{"line":585,"column":56},"end":{"line":585,"column":57}},"loc":{"start":{"line":585,"column":71},"end":{"line":585,"column":114}},"line":585},"68":{"name":"(anonymous_68)","decl":{"start":{"line":586,"column":16},"end":{"line":586,"column":17}},"loc":{"start":{"line":586,"column":26},"end":{"line":586,"column":61}},"line":586},"69":{"name":"(anonymous_69)","decl":{"start":{"line":594,"column":26},"end":{"line":594,"column":27}},"loc":{"start":{"line":594,"column":37},"end":{"line":609,"column":1}},"line":594},"70":{"name":"(anonymous_70)","decl":{"start":{"line":599,"column":33},"end":{"line":599,"column":34}},"loc":{"start":{"line":599,"column":39},"end":{"line":604,"column":5}},"line":599},"71":{"name":"(anonymous_71)","decl":{"start":{"line":612,"column":33},"end":{"line":612,"column":34}},"loc":{"start":{"line":612,"column":44},"end":{"line":619,"column":1}},"line":612},"72":{"name":"(anonymous_72)","decl":{"start":{"line":622,"column":33},"end":{"line":622,"column":34}},"loc":{"start":{"line":622,"column":44},"end":{"line":630,"column":1}},"line":622},"73":{"name":"createDebugPanel","decl":{"start":{"line":633,"column":9},"end":{"line":633,"column":25}},"loc":{"start":{"line":633,"column":28},"end":{"line":697,"column":1}},"line":633},"74":{"name":"(anonymous_74)","decl":{"start":{"line":677,"column":18},"end":{"line":677,"column":19}},"loc":{"start":{"line":677,"column":36},"end":{"line":688,"column":5}},"line":677},"75":{"name":"(anonymous_75)","decl":{"start":{"line":681,"column":29},"end":{"line":681,"column":30}},"loc":{"start":{"line":681,"column":35},"end":{"line":681,"column":88}},"line":681},"76":{"name":"(anonymous_76)","decl":{"start":{"line":692,"column":17},"end":{"line":692,"column":18}},"loc":{"start":{"line":692,"column":23},"end":{"line":692,"column":91}},"line":692},"77":{"name":"(anonymous_77)","decl":{"start":{"line":695,"column":15},"end":{"line":695,"column":16}},"loc":{"start":{"line":695,"column":21},"end":{"line":695,"column":98}},"line":695},"78":{"name":"(anonymous_78)","decl":{"start":{"line":699,"column":36},"end":{"line":699,"column":37}},"loc":{"start":{"line":699,"column":47},"end":{"line":886,"column":1}},"line":699},"79":{"name":"(anonymous_79)","decl":{"start":{"line":714,"column":55},"end":{"line":714,"column":56}},"loc":{"start":{"line":714,"column":66},"end":{"line":736,"column":5}},"line":714},"80":{"name":"(anonymous_80)","decl":{"start":{"line":720,"column":28},"end":{"line":720,"column":29}},"loc":{"start":{"line":720,"column":33},"end":{"line":724,"column":9}},"line":720},"81":{"name":"(anonymous_81)","decl":{"start":{"line":722,"column":54},"end":{"line":722,"column":55}},"loc":{"start":{"line":722,"column":59},"end":{"line":722,"column":79}},"line":722},"82":{"name":"(anonymous_82)","decl":{"start":{"line":730,"column":37},"end":{"line":730,"column":38}},"loc":{"start":{"line":730,"column":42},"end":{"line":730,"column":53}},"line":730},"83":{"name":"(anonymous_83)","decl":{"start":{"line":730,"column":92},"end":{"line":730,"column":93}},"loc":{"start":{"line":730,"column":97},"end":{"line":730,"column":116}},"line":730},"84":{"name":"(anonymous_84)","decl":{"start":{"line":749,"column":57},"end":{"line":749,"column":58}},"loc":{"start":{"line":749,"column":68},"end":{"line":766,"column":5}},"line":749},"85":{"name":"(anonymous_85)","decl":{"start":{"line":758,"column":55},"end":{"line":758,"column":56}},"loc":{"start":{"line":758,"column":60},"end":{"line":758,"column":77}},"line":758},"86":{"name":"(anonymous_86)","decl":{"start":{"line":759,"column":42},"end":{"line":759,"column":43}},"loc":{"start":{"line":759,"column":47},"end":{"line":759,"column":122}},"line":759},"87":{"name":"(anonymous_87)","decl":{"start":{"line":785,"column":22},"end":{"line":785,"column":23}},"loc":{"start":{"line":785,"column":33},"end":{"line":808,"column":5}},"line":785},"88":{"name":"(anonymous_88)","decl":{"start":{"line":787,"column":17},"end":{"line":787,"column":18}},"loc":{"start":{"line":787,"column":23},"end":{"line":807,"column":7}},"line":787},"89":{"name":"(anonymous_89)","decl":{"start":{"line":801,"column":28},"end":{"line":801,"column":29}},"loc":{"start":{"line":801,"column":39},"end":{"line":804,"column":11}},"line":801},"90":{"name":"(anonymous_90)","decl":{"start":{"line":818,"column":21},"end":{"line":818,"column":22}},"loc":{"start":{"line":818,"column":32},"end":{"line":837,"column":5}},"line":818},"91":{"name":"(anonymous_91)","decl":{"start":{"line":821,"column":33},"end":{"line":821,"column":34}},"loc":{"start":{"line":821,"column":38},"end":{"line":821,"column":60}},"line":821},"92":{"name":"(anonymous_92)","decl":{"start":{"line":830,"column":33},"end":{"line":830,"column":34}},"loc":{"start":{"line":830,"column":39},"end":{"line":830,"column":107}},"line":830},"93":{"name":"(anonymous_93)","decl":{"start":{"line":853,"column":25},"end":{"line":853,"column":26}},"loc":{"start":{"line":853,"column":45},"end":{"line":858,"column":5}},"line":853},"94":{"name":"(anonymous_94)","decl":{"start":{"line":859,"column":28},"end":{"line":859,"column":29}},"loc":{"start":{"line":859,"column":39},"end":{"line":863,"column":5}},"line":859},"95":{"name":"(anonymous_95)","decl":{"start":{"line":861,"column":39},"end":{"line":861,"column":40}},"loc":{"start":{"line":861,"column":44},"end":{"line":861,"column":88}},"line":861},"96":{"name":"(anonymous_96)","decl":{"start":{"line":873,"column":21},"end":{"line":873,"column":22}},"loc":{"start":{"line":873,"column":32},"end":{"line":879,"column":5}},"line":873},"97":{"name":"(anonymous_97)","decl":{"start":{"line":877,"column":29},"end":{"line":877,"column":30}},"loc":{"start":{"line":877,"column":35},"end":{"line":877,"column":102}},"line":877},"98":{"name":"(anonymous_98)","decl":{"start":{"line":900,"column":57},"end":{"line":900,"column":58}},"loc":{"start":{"line":900,"column":68},"end":{"line":917,"column":5}},"line":900},"99":{"name":"(anonymous_99)","decl":{"start":{"line":909,"column":55},"end":{"line":909,"column":56}},"loc":{"start":{"line":909,"column":60},"end":{"line":909,"column":77}},"line":909},"100":{"name":"(anonymous_100)","decl":{"start":{"line":910,"column":42},"end":{"line":910,"column":43}},"loc":{"start":{"line":910,"column":47},"end":{"line":910,"column":122}},"line":910},"101":{"name":"(anonymous_101)","decl":{"start":{"line":929,"column":21},"end":{"line":929,"column":22}},"loc":{"start":{"line":929,"column":32},"end":{"line":949,"column":5}},"line":929},"102":{"name":"(anonymous_102)","decl":{"start":{"line":932,"column":33},"end":{"line":932,"column":34}},"loc":{"start":{"line":932,"column":38},"end":{"line":932,"column":60}},"line":932},"103":{"name":"(anonymous_103)","decl":{"start":{"line":942,"column":33},"end":{"line":942,"column":34}},"loc":{"start":{"line":942,"column":39},"end":{"line":942,"column":107}},"line":942},"104":{"name":"(anonymous_104)","decl":{"start":{"line":968,"column":25},"end":{"line":968,"column":26}},"loc":{"start":{"line":968,"column":45},"end":{"line":973,"column":5}},"line":968},"105":{"name":"(anonymous_105)","decl":{"start":{"line":974,"column":28},"end":{"line":974,"column":29}},"loc":{"start":{"line":974,"column":39},"end":{"line":978,"column":5}},"line":974},"106":{"name":"(anonymous_106)","decl":{"start":{"line":976,"column":39},"end":{"line":976,"column":40}},"loc":{"start":{"line":976,"column":44},"end":{"line":976,"column":88}},"line":976},"107":{"name":"(anonymous_107)","decl":{"start":{"line":991,"column":21},"end":{"line":991,"column":22}},"loc":{"start":{"line":991,"column":32},"end":{"line":999,"column":5}},"line":991},"108":{"name":"(anonymous_108)","decl":{"start":{"line":997,"column":29},"end":{"line":997,"column":30}},"loc":{"start":{"line":997,"column":35},"end":{"line":997,"column":102}},"line":997},"109":{"name":"(anonymous_109)","decl":{"start":{"line":1005,"column":31},"end":{"line":1005,"column":32}},"loc":{"start":{"line":1005,"column":42},"end":{"line":1032,"column":1}},"line":1005},"110":{"name":"renderBadgeProgressPanel","decl":{"start":{"line":1035,"column":15},"end":{"line":1035,"column":39}},"loc":{"start":{"line":1035,"column":42},"end":{"line":1086,"column":1}},"line":1035},"111":{"name":"(anonymous_111)","decl":{"start":{"line":1057,"column":51},"end":{"line":1057,"column":52}},"loc":{"start":{"line":1057,"column":56},"end":{"line":1057,"column":69}},"line":1057},"112":{"name":"(anonymous_112)","decl":{"start":{"line":1058,"column":42},"end":{"line":1058,"column":43}},"loc":{"start":{"line":1058,"column":54},"end":{"line":1058,"column":119}},"line":1058},"113":{"name":"(anonymous_113)","decl":{"start":{"line":1058,"column":90},"end":{"line":1058,"column":91}},"loc":{"start":{"line":1058,"column":95},"end":{"line":1058,"column":106}},"line":1058},"114":{"name":"(anonymous_114)","decl":{"start":{"line":1061,"column":17},"end":{"line":1061,"column":18}},"loc":{"start":{"line":1061,"column":26},"end":{"line":1076,"column":3}},"line":1061},"115":{"name":"(anonymous_115)","decl":{"start":{"line":1082,"column":167},"end":{"line":1082,"column":168}},"loc":{"start":{"line":1082,"column":170},"end":{"line":1082,"column":174}},"line":1082},"116":{"name":"renderAnalyticsModal","decl":{"start":{"line":1108,"column":16},"end":{"line":1108,"column":36}},"loc":{"start":{"line":1108,"column":39},"end":{"line":1114,"column":1}},"line":1108}},"branchMap":{"0":{"loc":{"start":{"line":5,"column":0},"end":{"line":7,"column":1}},"type":"if","locations":[{"start":{"line":5,"column":0},"end":{"line":7,"column":1}},{"start":{},"end":{}}],"line":5},"1":{"loc":{"start":{"line":14,"column":16},"end":{"line":14,"column":59}},"type":"cond-expr","locations":[{"start":{"line":14,"column":34},"end":{"line":14,"column":55}},{"start":{"line":14,"column":58},"end":{"line":14,"column":59}}],"line":14},"2":{"loc":{"start":{"line":23,"column":2},"end":{"line":28,"column":3}},"type":"if","locations":[{"start":{"line":23,"column":2},"end":{"line":28,"column":3}},{"start":{},"end":{}}],"line":23},"3":{"loc":{"start":{"line":31,"column":4},"end":{"line":33,"column":5}},"type":"if","locations":[{"start":{"line":31,"column":4},"end":{"line":33,"column":5}},{"start":{},"end":{}}],"line":31},"4":{"loc":{"start":{"line":61,"column":2},"end":{"line":66,"column":3}},"type":"if","locations":[{"start":{"line":61,"column":2},"end":{"line":66,"column":3}},{"start":{"line":64,"column":9},"end":{"line":66,"column":3}}],"line":61},"5":{"loc":{"start":{"line":70,"column":18},"end":{"line":70,"column":71}},"type":"binary-expr","locations":[{"start":{"line":70,"column":18},"end":{"line":70,"column":65}},{"start":{"line":70,"column":69},"end":{"line":70,"column":71}}],"line":70},"6":{"loc":{"start":{"line":71,"column":2},"end":{"line":74,"column":3}},"type":"if","locations":[{"start":{"line":71,"column":2},"end":{"line":74,"column":3}},{"start":{},"end":{}}],"line":71},"7":{"loc":{"start":{"line":77,"column":2},"end":{"line":80,"column":3}},"type":"if","locations":[{"start":{"line":77,"column":2},"end":{"line":80,"column":3}},{"start":{},"end":{}}],"line":77},"8":{"loc":{"start":{"line":84,"column":2},"end":{"line":86,"column":3}},"type":"if","locations":[{"start":{"line":84,"column":2},"end":{"line":86,"column":3}},{"start":{},"end":{}}],"line":84},"9":{"loc":{"start":{"line":91,"column":14},"end":{"line":93,"column":21}},"type":"cond-expr","locations":[{"start":{"line":92,"column":10},"end":{"line":92,"column":67}},{"start":{"line":93,"column":10},"end":{"line":93,"column":21}}],"line":91},"10":{"loc":{"start":{"line":97,"column":16},"end":{"line":103,"column":17}},"type":"cond-expr","locations":[{"start":{"line":98,"column":14},"end":{"line":102,"column":15}},{"start":{"line":103,"column":14},"end":{"line":103,"column":17}}],"line":97},"11":{"loc":{"start":{"line":99,"column":16},"end":{"line":101,"column":21}},"type":"cond-expr","locations":[{"start":{"line":100,"column":20},"end":{"line":100,"column":70}},{"start":{"line":101,"column":20},"end":{"line":101,"column":21}}],"line":99},"12":{"loc":{"start":{"line":99,"column":16},"end":{"line":99,"column":58}},"type":"binary-expr","locations":[{"start":{"line":99,"column":16},"end":{"line":99,"column":27}},{"start":{"line":99,"column":31},"end":{"line":99,"column":58}}],"line":99},"13":{"loc":{"start":{"line":109,"column":16},"end":{"line":113,"column":17}},"type":"cond-expr","locations":[{"start":{"line":110,"column":14},"end":{"line":112,"column":15}},{"start":{"line":113,"column":14},"end":{"line":113,"column":17}}],"line":109},"14":{"loc":{"start":{"line":111,"column":16},"end":{"line":111,"column":72}},"type":"cond-expr","locations":[{"start":{"line":111,"column":47},"end":{"line":111,"column":68}},{"start":{"line":111,"column":71},"end":{"line":111,"column":72}}],"line":111},"15":{"loc":{"start":{"line":125,"column":2},"end":{"line":125,"column":25}},"type":"if","locations":[{"start":{"line":125,"column":2},"end":{"line":125,"column":25}},{"start":{},"end":{}}],"line":125},"16":{"loc":{"start":{"line":126,"column":2},"end":{"line":129,"column":3}},"type":"if","locations":[{"start":{"line":126,"column":2},"end":{"line":129,"column":3}},{"start":{},"end":{}}],"line":126},"17":{"loc":{"start":{"line":126,"column":6},"end":{"line":126,"column":84}},"type":"binary-expr","locations":[{"start":{"line":126,"column":6},"end":{"line":126,"column":28}},{"start":{"line":126,"column":32},"end":{"line":126,"column":84}}],"line":126},"18":{"loc":{"start":{"line":130,"column":33},"end":{"line":130,"column":83}},"type":"binary-expr","locations":[{"start":{"line":130,"column":33},"end":{"line":130,"column":75}},{"start":{"line":130,"column":79},"end":{"line":130,"column":83}}],"line":130},"19":{"loc":{"start":{"line":166,"column":4},"end":{"line":169,"column":5}},"type":"if","locations":[{"start":{"line":166,"column":4},"end":{"line":169,"column":5}},{"start":{},"end":{}}],"line":166},"20":{"loc":{"start":{"line":212,"column":2},"end":{"line":215,"column":3}},"type":"if","locations":[{"start":{"line":212,"column":2},"end":{"line":215,"column":3}},{"start":{},"end":{}}],"line":212},"21":{"loc":{"start":{"line":218,"column":30},"end":{"line":218,"column":76}},"type":"binary-expr","locations":[{"start":{"line":218,"column":30},"end":{"line":218,"column":68}},{"start":{"line":218,"column":72},"end":{"line":218,"column":76}}],"line":218},"22":{"loc":{"start":{"line":219,"column":11},"end":{"line":219,"column":94}},"type":"cond-expr","locations":[{"start":{"line":219,"column":31},"end":{"line":219,"column":87}},{"start":{"line":219,"column":90},"end":{"line":219,"column":94}}],"line":219},"23":{"loc":{"start":{"line":222,"column":2},"end":{"line":224,"column":3}},"type":"if","locations":[{"start":{"line":222,"column":2},"end":{"line":224,"column":3}},{"start":{},"end":{}}],"line":222},"24":{"loc":{"start":{"line":237,"column":26},"end":{"line":237,"column":72}},"type":"binary-expr","locations":[{"start":{"line":237,"column":26},"end":{"line":237,"column":64}},{"start":{"line":237,"column":68},"end":{"line":237,"column":72}}],"line":237},"25":{"loc":{"start":{"line":239,"column":2},"end":{"line":242,"column":3}},"type":"if","locations":[{"start":{"line":239,"column":2},"end":{"line":242,"column":3}},{"start":{},"end":{}}],"line":239},"26":{"loc":{"start":{"line":243,"column":2},"end":{"line":245,"column":3}},"type":"if","locations":[{"start":{"line":243,"column":2},"end":{"line":245,"column":3}},{"start":{},"end":{}}],"line":243},"27":{"loc":{"start":{"line":262,"column":25},"end":{"line":262,"column":39}},"type":"default-arg","locations":[{"start":{"line":262,"column":37},"end":{"line":262,"column":39}}],"line":262},"28":{"loc":{"start":{"line":265,"column":4},"end":{"line":265,"column":27}},"type":"if","locations":[{"start":{"line":265,"column":4},"end":{"line":265,"column":27}},{"start":{},"end":{}}],"line":265},"29":{"loc":{"start":{"line":266,"column":4},"end":{"line":268,"column":5}},"type":"if","locations":[{"start":{"line":266,"column":4},"end":{"line":268,"column":5}},{"start":{},"end":{}}],"line":266},"30":{"loc":{"start":{"line":269,"column":35},"end":{"line":269,"column":56}},"type":"binary-expr","locations":[{"start":{"line":269,"column":35},"end":{"line":269,"column":51}},{"start":{"line":269,"column":55},"end":{"line":269,"column":56}}],"line":269},"31":{"loc":{"start":{"line":270,"column":37},"end":{"line":270,"column":60}},"type":"binary-expr","locations":[{"start":{"line":270,"column":37},"end":{"line":270,"column":55}},{"start":{"line":270,"column":59},"end":{"line":270,"column":60}}],"line":270},"32":{"loc":{"start":{"line":271,"column":34},"end":{"line":271,"column":55}},"type":"binary-expr","locations":[{"start":{"line":271,"column":34},"end":{"line":271,"column":50}},{"start":{"line":271,"column":54},"end":{"line":271,"column":55}}],"line":271},"33":{"loc":{"start":{"line":271,"column":60},"end":{"line":271,"column":83}},"type":"binary-expr","locations":[{"start":{"line":271,"column":60},"end":{"line":271,"column":78}},{"start":{"line":271,"column":82},"end":{"line":271,"column":83}}],"line":271},"34":{"loc":{"start":{"line":282,"column":36},"end":{"line":282,"column":50}},"type":"default-arg","locations":[{"start":{"line":282,"column":48},"end":{"line":282,"column":50}}],"line":282},"35":{"loc":{"start":{"line":284,"column":11},"end":{"line":286,"column":94}},"type":"binary-expr","locations":[{"start":{"line":284,"column":11},"end":{"line":284,"column":40}},{"start":{"line":285,"column":7},"end":{"line":285,"column":62}},{"start":{"line":286,"column":8},"end":{"line":286,"column":93}}],"line":284},"36":{"loc":{"start":{"line":284,"column":12},"end":{"line":284,"column":35}},"type":"binary-expr","locations":[{"start":{"line":284,"column":12},"end":{"line":284,"column":30}},{"start":{"line":284,"column":34},"end":{"line":284,"column":35}}],"line":284},"37":{"loc":{"start":{"line":285,"column":8},"end":{"line":285,"column":29}},"type":"binary-expr","locations":[{"start":{"line":285,"column":8},"end":{"line":285,"column":24}},{"start":{"line":285,"column":28},"end":{"line":285,"column":29}}],"line":285},"38":{"loc":{"start":{"line":285,"column":34},"end":{"line":285,"column":57}},"type":"binary-expr","locations":[{"start":{"line":285,"column":34},"end":{"line":285,"column":52}},{"start":{"line":285,"column":56},"end":{"line":285,"column":57}}],"line":285},"39":{"loc":{"start":{"line":286,"column":9},"end":{"line":286,"column":30}},"type":"binary-expr","locations":[{"start":{"line":286,"column":9},"end":{"line":286,"column":25}},{"start":{"line":286,"column":29},"end":{"line":286,"column":30}}],"line":286},"40":{"loc":{"start":{"line":286,"column":36},"end":{"line":286,"column":57}},"type":"binary-expr","locations":[{"start":{"line":286,"column":36},"end":{"line":286,"column":52}},{"start":{"line":286,"column":56},"end":{"line":286,"column":57}}],"line":286},"41":{"loc":{"start":{"line":286,"column":62},"end":{"line":286,"column":85}},"type":"binary-expr","locations":[{"start":{"line":286,"column":62},"end":{"line":286,"column":80}},{"start":{"line":286,"column":84},"end":{"line":286,"column":85}}],"line
[...]
,"/Users/macuser/Desktop/Massage-Therapy-Smart-Study REACT/src/firebase/indexFirebase.js": {"path":"/Users/macuser/Desktop/Massage-Therapy-Smart-Study REACT/src/firebase/indexFirebase.js","statementMap":{"0":{"start":{"line":7,"column":12},"end":{"line":7,"column":41}},"1":{"start":{"line":8,"column":20},"end":{"line":8,"column":37}},"2":{"start":{"line":9,"column":13},"end":{"line":9,"column":25}},"3":{"start":{"line":11,"column":16},"end":{"line":11,"column":20}},"4":{"start":{"line":12,"column":0},"end":{"line":21,"column":1}},"5":{"start":{"line":13,"column":2},"end":{"line":20,"column":5}},"6":{"start":{"line":14,"column":4},"end":{"line":19,"column":5}},"7":{"start":{"line":15,"column":6},"end":{"line":15,"column":36}},"8":{"start":{"line":16,"column":6},"end":{"line":16,"column":53}},"9":{"start":{"line":18,"column":6},"end":{"line":18,"column":79}}},"fnMap":{"0":{"name":"(anonymous_0)","decl":{"start":{"line":13,"column":21},"end":{"line":13,"column":22}},"loc":{"start":{"line":13,"column":36},"end":{"line":20,"column":3}},"line":13}},"branchMap":{"0":{"loc":{"start":{"line":12,"column":0},"end":{"line":21,"column":1}},"type":"if","locations":[{"start":{"line":12,"column":0},"end":{"line":21,"column":1}},{"start":{},"end":{}}],"line":12},"1":{"loc":{"start":{"line":14,"column":4},"end":{"line":19,"column":5}},"type":"if","locations":[{"start":{"line":14,"column":4},"end":{"line":19,"column":5}},{"start":{"line":17,"column":11},"end":{"line":19,"column":5}}],"line":14}},"s":{"0":1,"1":1,"2":1,"3":1,"4":1,"5":1,"6":1,"7":0,"8":0,"9":1},"f":{"0":1},"b":{"0":[1,0],"1":[0,1]},"_coverageSchema":"1a1c01bbd47fc00a2c39e90264f33305004495a9","hash":"69f58ee66ed4811e6c8c1a93bd6c1d6362774831"}
,"/Users/macuser/Desktop/Massage-Therapy-Smart-Study REACT/src/utils/badges.js": {"path":"/Users/macuser/Desktop/Massage-Therapy-Smart-Study REACT/src/utils/badges.js","statementMap":{"0":{"start":{"line":6,"column":13},"end":{"line":6,"column":35}},"1":{"start":{"line":7,"column":2},"end":{"line":7,"column":52}},"2":{"start":{"line":8,"column":2},"end":{"line":8,"column":47}},"3":{"start":{"line":8,"column":31},"end":{"line":8,"column":46}},"4":{"start":{"line":10,"column":2},"end":{"line":10,"column":94}},"5":{"start":{"line":10,"column":64},"end":{"line":10,"column":93}},"6":{"start":{"line":11,"column":2},"end":{"line":11,"column":27}},"7":{"start":{"line":15,"column":19},"end":{"line":15,"column":21}},"8":{"start":{"line":16,"column":2},"end":{"line":25,"column":3}},"9":{"start":{"line":17,"column":19},"end":{"line":17,"column":83}},"10":{"start":{"line":18,"column":4},"end":{"line":24,"column":5}},"11":{"start":{"line":19,"column":6},"end":{"line":23,"column":7}},"12":{"start":{"line":20,"column":8},"end":{"line":20,"column":69}},"13":{"start":{"line":20,"column":44},"end":{"line":20,"column":68}},"14":{"start":{"line":22,"column":8},"end":{"line":22,"column":62}},"15":{"start":{"line":26,"column":2},"end":{"line":26,"column":18}}},"fnMap":{"0":{"name":"getBadgeIconPath","decl":{"start":{"line":4,"column":16},"end":{"line":4,"column":32}},"loc":{"start":{"line":4,"column":40},"end":{"line":12,"column":1}},"line":4},"1":{"name":"checkBadges","decl":{"start":{"line":14,"column":16},"end":{"line":14,"column":27}},"loc":{"start":{"line":14,"column":34},"end":{"line":27,"column":1}},"line":14}},"branchMap":{"0":{"loc":{"start":{"line":6,"column":13},"end":{"line":6,"column":35}},"type":"binary-expr","locations":[{"start":{"line":6,"column":13},"end":{"line":6,"column":23}},{"start":{"line":6,"column":27},"end":{"line":6,"column":35}}],"line":6},"1":{"loc":{"start":{"line":8,"column":2},"end":{"line":8,"column":47}},"type":"if","locations":[{"start":{"line":8,"column":2},"end":{"line":8,"column":47}},{"start":{},"end":{}}],"line":8},"2":{"loc":{"start":{"line":10,"column":2},"end":{"line":10,"column":94}},"type":"if","locations":[{"start":{"line":10,"column":2},"end":{"line":10,"column":94}},{"start":{},"end":{}}],"line":10},"3":{"loc":{"start":{"line":10,"column":6},"end":{"line":10,"column":61}},"type":"binary-expr","locations":[{"start":{"line":10,"column":6},"end":{"line":10,"column":28}},{"start":{"line":10,"column":32},"end":{"line":10,"column":37}},{"start":{"line":10,"column":41},"end":{"line":10,"column":61}}],"line":10},"4":{"loc":{"start":{"line":18,"column":4},"end":{"line":24,"column":5}},"type":"if","locations":[{"start":{"line":18,"column":4},"end":{"line":24,"column":5}},{"start":{},"end":{}}],"line":18},"5":{"loc":{"start":{"line":20,"column":8},"end":{"line":20,"column":69}},"type":"if","locations":[{"start":{"line":20,"column":8},"end":{"line":20,"column":69}},{"start":{},"end":{}}],"line":20}},"s":{"0":0,"1":0,"2":0,"3":0,"4":0,"5":0,"6":0,"7":0,"8":0,"9":0,"10":0,"11":0,"12":0,"13":0,"14":0,"15":0},"f":{"0":0,"1":0},"b":{"0":[0,0],"1":[0,0],"2":[0,0],"3":[0,0,0],"4":[0,0],"5":[0,0]},"_coverageSchema":"1a1c01bbd47fc00a2c39e90264f33305004495a9","hash":"ae8326bf00f3eb0eb559063188a4b5d6414e9efc"}
,"/Users/macuser/Desktop/Massage-Therapy-Smart-Study REACT/src/utils/index.js": {"path":"/Users/macuser/Desktop/Massage-Therapy-Smart-Study REACT/src/utils/index.js","statementMap":{"0":{"start":{"line":3,"column":0},"end":{"line":3,"column":50}},"1":{"start":{"line":6,"column":10},"end":{"line":6,"column":22}},"2":{"start":{"line":7,"column":2},"end":{"line":12,"column":3}},"3":{"start":{"line":8,"column":4},"end":{"line":8,"column":40}},"4":{"start":{"line":9,"column":4},"end":{"line":9,"column":17}},"5":{"start":{"line":10,"column":4},"end":{"line":10,"column":24}},"6":{"start":{"line":11,"column":4},"end":{"line":11,"column":17}},"7":{"start":{"line":13,"column":2},"end":{"line":13,"column":15}},"8":{"start":{"line":17,"column":2},"end":{"line":17,"column":25}},"9":{"start":{"line":17,"column":14},"end":{"line":17,"column":24}},"10":{"start":{"line":18,"column":23},"end":{"line":23,"column":3}},"11":{"start":{"line":24,"column":2},"end":{"line":27,"column":12}},"12":{"start":{"line":28,"column":16},"end":{"line":28,"column":34}},"13":{"start":{"line":29,"column":2},"end":{"line":29,"column":56}},"14":{"start":{"line":29,"column":28},"end":{"line":29,"column":55}},"15":{"start":{"line":30,"column":2},"end":{"line":32,"column":4}},"16":{"start":{"line":31,"column":4},"end":{"line":31,"column":96}},"17":{"start":{"line":36,"column":2},"end":{"line":36,"column":26}},"18":{"start":{"line":36,"column":15},"end":{"line":36,"column":25}},"19":{"start":{"line":37,"column":2},"end":{"line":37,"column":103}},"20":{"start":{"line":37,"column":86},"end":{"line":37,"column":101}},"21":{"start":{"line":41,"column":2},"end":{"line":41,"column":67}}},"fnMap":{"0":{"name":"shuffle","decl":{"start":{"line":5,"column":9},"end":{"line":5,"column":16}},"loc":{"start":{"line":5,"column":24},"end":{"line":14,"column":1}},"line":5},"1":{"name":"prettifyName","decl":{"start":{"line":16,"column":9},"end":{"line":16,"column":21}},"loc":{"start":{"line":16,"column":28},"end":{"line":33,"column":1}},"line":16},"2":{"name":"(anonymous_2)","decl":{"start":{"line":30,"column":32},"end":{"line":30,"column":33}},"loc":{"start":{"line":31,"column":4},"end":{"line":31,"column":96}},"line":31},"3":{"name":"formatTopicName","decl":{"start":{"line":35,"column":9},"end":{"line":35,"column":24}},"loc":{"start":{"line":35,"column":32},"end":{"line":38,"column":1}},"line":35},"4":{"name":"(anonymous_4)","decl":{"start":{"line":37,"column":81},"end":{"line":37,"column":82}},"loc":{"start":{"line":37,"column":86},"end":{"line":37,"column":101}},"line":37},"5":{"name":"getSmartRecommendation","decl":{"start":{"line":40,"column":16},"end":{"line":40,"column":38}},"loc":{"start":{"line":40,"column":41},"end":{"line":42,"column":1}},"line":40}},"branchMap":{"0":{"loc":{"start":{"line":17,"column":2},"end":{"line":17,"column":25}},"type":"if","locations":[{"start":{"line":17,"column":2},"end":{"line":17,"column":25}},{"start":{},"end":{}}],"line":17},"1":{"loc":{"start":{"line":29,"column":2},"end":{"line":29,"column":56}},"type":"if","locations":[{"start":{"line":29,"column":2},"end":{"line":29,"column":56}},{"start":{},"end":{}}],"line":29},"2":{"loc":{"start":{"line":31,"column":4},"end":{"line":31,"column":96}},"type":"binary-expr","locations":[{"start":{"line":31,"column":4},"end":{"line":31,"column":35}},{"start":{"line":31,"column":39},"end":{"line":31,"column":96}}],"line":31},"3":{"loc":{"start":{"line":36,"column":2},"end":{"line":36,"column":26}},"type":"if","locations":[{"start":{"line":36,"column":2},"end":{"line":36,"column":26}},{"start":{},"end":{}}],"line":36}},"s":{"0":1,"1":0,"2":0,"3":0,"4":0,"5":0,"6":0,"7":0,"8":0,"9":0,"10":0,"11":0,"12":0,"13":0,"14":0,"15":0,"16":0,"17":0,"18":0,"19":0,"20":0,"21":0},"f":{"0":0,"1":0,"2":0,"3":0,"4":0,"5":0},"b":{"0":[0,0],"1":[0,0],"2":[0,0],"3":[0,0]},"_coverageSchema":"1a1c01bbd47fc00a2c39e90264f33305004495a9","hash":"bb8f54ee4d1e7afc162532167ebcc8bfdca8dd6a"}
,"/Users/macuser/Desktop/Massage-Therapy-Smart-Study REACT/src/utils/storage.js": {"path":"/Users/macuser/Desktop/Massage-Therapy-Smart-Study REACT/src/utils/storage.js","statementMap":{"0":{"start":{"line":5,"column":2},"end":{"line":5,"column":75}},"1":{"start":{"line":8,"column":2},"end":{"line":8,"column":67}},"2":{"start":{"line":11,"column":2},"end":{"line":11,"column":55}},"3":{"start":{"line":14,"column":2},"end":{"line":14,"column":57}},"4":{"start":{"line":17,"column":2},"end":{"line":17,"column":61}},"5":{"start":{"line":20,"column":20},"end":{"line":20,"column":71}},"6":{"start":{"line":21,"column":19},"end":{"line":21,"column":52}},"7":{"start":{"line":21,"column":39},"end":{"line":21,"column":51}},"8":{"start":{"line":22,"column":2},"end":{"line":29,"column":3}},"9":{"start":{"line":23,"column":4},"end":{"line":23,"column":42}},"10":{"start":{"line":24,"column":4},"end":{"line":24,"column":65}},"11":{"start":{"line":25,"column":4},"end":{"line":27,"column":5}},"12":{"start":{"line":26,"column":6},"end":{"line":26,"column":65}},"13":{"start":{"line":28,"column":4},"end":{"line":28,"column":65}},"14":{"start":{"line":32,"column":2},"end":{"line":32,"column":77}},"15":{"start":{"line":32,"column":31},"end":{"line":32,"column":60}},"16":{"start":{"line":32,"column":71},"end":{"line":32,"column":75}},"17":{"start":{"line":36,"column":21},"end":{"line":36,"column":65}},"18":{"start":{"line":37,"column":2},"end":{"line":37,"column":48}},"19":{"start":{"line":41,"column":21},"end":{"line":41,"column":54}},"20":{"start":{"line":42,"column":2},"end":{"line":42,"column":71}},"21":{"start":{"line":46,"column":2},"end":{"line":53,"column":3}},"22":{"start":{"line":47,"column":22},"end":{"line":47,"column":53}},"23":{"start":{"line":48,"column":4},"end":{"line":48,"column":74}},"24":{"start":{"line":49,"column":4},"end":{"line":49,"column":21}},"25":{"start":{"line":51,"column":4},"end":{"line":51,"column":72}},"26":{"start":{"line":52,"column":4},"end":{"line":52,"column":14}},"27":{"start":{"line":57,"column":21},"end":{"line":57,"column":60}},"28":{"start":{"line":58,"column":2},"end":{"line":58,"column":40}},"29":{"start":{"line":62,"column":21},"end":{"line":62,"column":46}},"30":{"start":{"line":63,"column":2},"end":{"line":63,"column":73}},"31":{"start":{"line":70,"column":22},"end":{"line":70,"column":81}},"32":{"start":{"line":71,"column":2},"end":{"line":71,"column":29}},"33":{"start":{"line":72,"column":2},"end":{"line":72,"column":71}},"34":{"start":{"line":79,"column":2},"end":{"line":85,"column":5}},"35":{"start":{"line":80,"column":28},"end":{"line":80,"column":87}},"36":{"start":{"line":81,"column":4},"end":{"line":83,"column":5}},"37":{"start":{"line":82,"column":6},"end":{"line":82,"column":46}},"38":{"start":{"line":84,"column":4},"end":{"line":84,"column":47}}},"fnMap":{"0":{"name":"saveUserData","decl":{"start":{"line":4,"column":16},"end":{"line":4,"column":28}},"loc":{"start":{"line":4,"column":46},"end":{"line":6,"column":1}},"line":4},"1":{"name":"loadUserData","decl":{"start":{"line":7,"column":16},"end":{"line":7,"column":28}},"loc":{"start":{"line":7,"column":31},"end":{"line":9,"column":1}},"line":7},"2":{"name":"saveStats","decl":{"start":{"line":10,"column":16},"end":{"line":10,"column":25}},"loc":{"start":{"line":10,"column":33},"end":{"line":12,"column":1}},"line":10},"3":{"name":"loadStats","decl":{"start":{"line":13,"column":16},"end":{"line":13,"column":25}},"loc":{"start":{"line":13,"column":28},"end":{"line":15,"column":1}},"line":13},"4":{"name":"saveQuizResult","decl":{"start":{"line":16,"column":16},"end":{"line":16,"column":30}},"loc":{"start":{"line":16,"column":39},"end":{"line":18,"column":1}},"line":16},"5":{"name":"updateQuestionMeta","decl":{"start":{"line":19,"column":16},"end":{"line":19,"column":34}},"loc":{"start":{"line":19,"column":51},"end":{"line":30,"column":1}},"line":19},"6":{"name":"(anonymous_6)","decl":{"start":{"line":21,"column":34},"end":{"line":21,"column":35}},"loc":{"start":{"line":21,"column":39},"end":{"line":21,"column":51}},"line":21},"7":{"name":"getMasteredQuestionIds","decl":{"start":{"line":31,"column":16},"end":{"line":31,"column":38}},"loc":{"start":{"line":31,"column":65},"end":{"line":33,"column":1}},"line":31},"8":{"name":"(anonymous_8)","decl":{"start":{"line":32,"column":26},"end":{"line":32,"column":27}},"loc":{"start":{"line":32,"column":31},"end":{"line":32,"column":60}},"line":32},"9":{"name":"(anonymous_9)","decl":{"start":{"line":32,"column":66},"end":{"line":32,"column":67}},"loc":{"start":{"line":32,"column":71},"end":{"line":32,"column":75}},"line":32},"10":{"name":"saveQuestionsToLocalStorage","decl":{"start":{"line":35,"column":16},"end":{"line":35,"column":43}},"loc":{"start":{"line":35,"column":55},"end":{"line":38,"column":1}},"line":35},"11":{"name":"loadQuestionsFromLocalStorage","decl":{"start":{"line":40,"column":16},"end":{"line":40,"column":45}},"loc":{"start":{"line":40,"column":48},"end":{"line":43,"column":1}},"line":40},"12":{"name":"fetchQuestionsFromLocalStorage","decl":{"start":{"line":45,"column":16},"end":{"line":45,"column":46}},"loc":{"start":{"line":45,"column":49},"end":{"line":54,"column":1}},"line":45},"13":{"name":"saveCompressedToLocalStorage","decl":{"start":{"line":56,"column":16},"end":{"line":56,"column":44}},"loc":{"start":{"line":56,"column":56},"end":{"line":59,"column":1}},"line":56},"14":{"name":"loadCompressedFromLocalStorage","decl":{"start":{"line":61,"column":16},"end":{"line":61,"column":46}},"loc":{"start":{"line":61,"column":52},"end":{"line":64,"column":1}},"line":61},"15":{"name":"saveProgressLocally","decl":{"start":{"line":69,"column":16},"end":{"line":69,"column":35}},"loc":{"start":{"line":69,"column":46},"end":{"line":73,"column":1}},"line":69},"16":{"name":"setupOfflineProgressSync","decl":{"start":{"line":78,"column":16},"end":{"line":78,"column":40}},"loc":{"start":{"line":78,"column":66},"end":{"line":86,"column":1}},"line":78},"17":{"name":"(anonymous_17)","decl":{"start":{"line":79,"column":36},"end":{"line":79,"column":37}},"loc":{"start":{"line":79,"column":48},"end":{"line":85,"column":3}},"line":79}},"branchMap":{"0":{"loc":{"start":{"line":8,"column":9},"end":{"line":8,"column":66}},"type":"binary-expr","locations":[{"start":{"line":8,"column":9},"end":{"line":8,"column":60}},{"start":{"line":8,"column":64},"end":{"line":8,"column":66}}],"line":8},"1":{"loc":{"start":{"line":14,"column":9},"end":{"line":14,"column":56}},"type":"binary-expr","locations":[{"start":{"line":14,"column":9},"end":{"line":14,"column":50}},{"start":{"line":14,"column":54},"end":{"line":14,"column":56}}],"line":14},"2":{"loc":{"start":{"line":20,"column":20},"end":{"line":20,"column":71}},"type":"binary-expr","locations":[{"start":{"line":20,"column":20},"end":{"line":20,"column":65}},{"start":{"line":20,"column":69},"end":{"line":20,"column":71}}],"line":20},"3":{"loc":{"start":{"line":22,"column":2},"end":{"line":29,"column":3}},"type":"if","locations":[{"start":{"line":22,"column":2},"end":{"line":29,"column":3}},{"start":{},"end":{}}],"line":22},"4":{"loc":{"start":{"line":23,"column":21},"end":{"line":23,"column":41}},"type":"binary-expr","locations":[{"start":{"line":23,"column":21},"end":{"line":23,"column":35}},{"start":{"line":23,"column":39},"end":{"line":23,"column":41}}],"line":23},"5":{"loc":{"start":{"line":24,"column":31},"end":{"line":24,"column":59}},"type":"binary-expr","locations":[{"start":{"line":24,"column":31},"end":{"line":24,"column":54}},{"start":{"line":24,"column":58},"end":{"line":24,"column":59}}],"line":24},"6":{"loc":{"start":{"line":25,"column":4},"end":{"line":27,"column":5}},"type":"if","locations":[{"start":{"line":25,"column":4},"end":{"line":27,"column":5}},{"start":{},"end":{}}],"line":25},"7":{"loc":{"start":{"line":26,"column":32},"end":{"line":26,"column":59}},"type":"binary-expr","locations":[{"start":{"line":26,"column":32},"end":{"line":26,"column":54}},{"start":{"line":26,"column":58},"end":{"line":26,"column":59}}],"line":26},"8":{"loc":{"start":{"line":31,"column":50},"end":{"line":31,"column":63}},"type":"default-arg","locations":[{"start":{"line":31,"column":62},"end":{"line":31,"column":63}}],"line":31},"9":{"loc":{"start":{"line":42,"column":9},"end":{"line":42,"column":70}},"type":"cond-expr","locations":[{"start":{"line":42,"column":22},"end":{"line":42,"column":65}},{"start":{"line":42,"column":68},"end":{"line":42,"column":70}}],"line":42},"10":{"loc":{"start":{"line":63,"column":9},"end":{"line":63,"column":72}},"type":"cond-expr","locations":[{"start":{"line":63,"column":22},"end":{"line":63,"column":65}},{"start":{"line":63,"column":68},"end":{"line":63,"column":72}}],"line":63},"11":{"loc":{"start":{"line":70,"column":33},"end":{"line":70,"column":80}},"type":"binary-expr","locations":[{"start":{"line":70,"column":33},"end":{"line":70,"column":72}},{"start":{"line":70,"column":76},"end":{"line":70,"column":80}}],"line":70},"12":{"loc":{"start":{"line":80,"column":39},"end":{"line":80,"column":86}},"type":"binary-expr","locations":[{"start":{"line":80,"column":39},"end":{"line":80,"column":78}},{"start":{"line":80,"column":82},"end":{"line":80,"column":86}}],"line":80}},"s":{"0":0,"1":0,"2":0,"3":0,"4":0,"5":0,"6":0,"7":0,"8":0,"9":0,"10":0,"11":0,"12":0,"13":0,"14":0,"15":0,"16":0,"17":0,"18":0,"19":0,"20":0,"21":0,"22":0,"23":0,"24":0,"25":0,"26":0,"27":0,"28":0,"29":0,"30":0,"31":0,"32":0,"33":0,"34":0,"35":0,"36":0,"37":0,"38":0},"f":{"0":0,"1":0,"2":0,"3":0,"4":0,"5":0,"6":0,"7":0,"8":0,"9":0,"10":0,"11":0,"12":0,"13":0,"14":0,"15":0,"16":0,"17":0},"b":{"0":[0,0],"1":[0,0],"2":[0,0],"3":[0,0],"4":[0,0],"5":[0,0],"6":[0,0],"7":[0,0],"8":[0],"9":[0,0],"10":[0,0],"11":[0,0],"12":[0,0]},"_coverageSchema":"1a1c01bbd47fc00a2c39e90264f33305004495a9","hash":"6535760407a141a07d78e422454f6d66c3d04136"}
}
