TN:
SF:src/appState.js
FNF:0
FNH:0
DA:1,1
DA:19,1
LF:2
LH:2
BRDA:12,0,0,1
BRDA:12,0,1,1
BRF:2
BRH:2
end_of_record
TN:
SF:src/components/analytics.js
FN:10,renderChartsOnLoad
FN:20,renderAccuracyChart
FN:60,updateAccuracyChart
FN:69,renderHistoryChart
FN:92,(anonymous_4)
FN:98,(anonymous_5)
FN:110,(anonymous_6)
FN:123,renderConfidenceChart
FN:132,(anonymous_8)
FN:132,(anonymous_9)
FN:163,renderExampleChart
FN:164,(anonymous_11)
FN:210,renderSpacedRepetitionChart
FN:217,(anonymous_13)
FN:229,(anonymous_14)
FN:236,renderMasteryHistoryChart
FN:249,(anonymous_16)
FN:252,(anonymous_17)
FN:262,getTopicMastery
FN:264,(anonymous_19)
FN:276,masteryColor
FN:282,getQuestionsForSmartReview
FN:284,(anonymous_22)
FN:290,getAccuracyPerTopic
FN:292,(anonymous_24)
FN:298,(anonymous_25)
FN:307,getQuestionsMastered
FN:308,(anonymous_27)
FN:311,getMostErroredQuestions
FN:314,(anonymous_29)
FN:316,(anonymous_30)
FN:318,(anonymous_31)
FN:320,(anonymous_32)
FN:320,(anonymous_33)
FN:324,getAdaptiveQuiz
FN:326,(anonymous_35)
FN:335,prettifyName
FN:341,(anonymous_37)
FN:345,renderGlobalDebugInfo
FN:364,(anonymous_39)
FN:369,(anonymous_40)
FN:373,(anonymous_41)
FN:386,(anonymous_42)
FN:391,(anonymous_43)
FN:393,(anonymous_44)
FN:411,(anonymous_45)
FN:415,(anonymous_46)
FN:417,(anonymous_47)
FN:432,(anonymous_48)
FN:435,(anonymous_49)
FN:445,(anonymous_50)
FN:451,(anonymous_51)
FN:452,(anonymous_52)
FN:453,(anonymous_53)
FN:462,(anonymous_54)
FN:493,(anonymous_55)
FN:504,(anonymous_56)
FN:508,(anonymous_57)
FN:510,(anonymous_58)
FN:525,(anonymous_59)
FN:529,(anonymous_60)
FN:531,(anonymous_61)
FN:551,(anonymous_62)
FN:555,(anonymous_63)
FN:564,(anonymous_64)
FN:567,(anonymous_65)
FN:582,(anonymous_66)
FN:585,(anonymous_67)
FN:586,(anonymous_68)
FN:594,(anonymous_69)
FN:599,(anonymous_70)
FN:612,(anonymous_71)
FN:622,(anonymous_72)
FN:633,createDebugPanel
FN:677,(anonymous_74)
FN:681,(anonymous_75)
FN:692,(anonymous_76)
FN:695,(anonymous_77)
FN:699,(anonymous_78)
FN:714,(anonymous_79)
FN:720,(anonymous_80)
FN:722,(anonymous_81)
FN:730,(anonymous_82)
FN:730,(anonymous_83)
FN:749,(anonymous_84)
FN:758,(anonymous_85)
FN:759,(anonymous_86)
FN:785,(anonymous_87)
FN:787,(anonymous_88)
FN:801,(anonymous_89)
FN:818,(anonymous_90)
FN:821,(anonymous_91)
FN:830,(anonymous_92)
FN:853,(anonymous_93)
FN:859,(anonymous_94)
FN:861,(anonymous_95)
FN:873,(anonymous_96)
FN:877,(anonymous_97)
FN:900,(anonymous_98)
FN:909,(anonymous_99)
FN:910,(anonymous_100)
FN:929,(anonymous_101)
FN:932,(anonymous_102)
FN:942,(anonymous_103)
FN:968,(anonymous_104)
FN:974,(anonymous_105)
FN:976,(anonymous_106)
FN:991,(anonymous_107)
FN:997,(anonymous_108)
FN:1005,(anonymous_109)
FN:1035,renderBadgeProgressPanel
FN:1057,(anonymous_111)
FN:1058,(anonymous_112)
FN:1058,(anonymous_113)
FN:1061,(anonymous_114)
FN:1082,(anonymous_115)
FN:1108,renderAnalyticsModal
FNF:117
FNH:7
FNDA:0,renderChartsOnLoad
FNDA:2,renderAccuracyChart
FNDA:0,updateAccuracyChart
FNDA:4,renderHistoryChart
FNDA:0,(anonymous_4)
FNDA:0,(anonymous_5)
FNDA:0,(anonymous_6)
FNDA:3,renderConfidenceChart
FNDA:0,(anonymous_8)
FNDA:0,(anonymous_9)
FNDA:0,renderExampleChart
FNDA:0,(anonymous_11)
FNDA:0,renderSpacedRepetitionChart
FNDA:0,(anonymous_13)
FNDA:0,(anonymous_14)
FNDA:1,renderMasteryHistoryChart
FNDA:0,(anonymous_16)
FNDA:0,(anonymous_17)
FNDA:1,getTopicMastery
FNDA:0,(anonymous_19)
FNDA:0,masteryColor
FNDA:0,getQuestionsForSmartReview
FNDA:0,(anonymous_22)
FNDA:0,getAccuracyPerTopic
FNDA:0,(anonymous_24)
FNDA:0,(anonymous_25)
FNDA:0,getQuestionsMastered
FNDA:0,(anonymous_27)
FNDA:0,getMostErroredQuestions
FNDA:0,(anonymous_29)
FNDA:0,(anonymous_30)
FNDA:0,(anonymous_31)
FNDA:0,(anonymous_32)
FNDA:0,(anonymous_33)
FNDA:0,getAdaptiveQuiz
FNDA:0,(anonymous_35)
FNDA:0,prettifyName
FNDA:0,(anonymous_37)
FNDA:0,renderGlobalDebugInfo
FNDA:0,(anonymous_39)
FNDA:0,(anonymous_40)
FNDA:0,(anonymous_41)
FNDA:0,(anonymous_42)
FNDA:0,(anonymous_43)
FNDA:0,(anonymous_44)
FNDA:0,(anonymous_45)
FNDA:0,(anonymous_46)
FNDA:0,(anonymous_47)
FNDA:0,(anonymous_48)
FNDA:0,(anonymous_49)
FNDA:0,(anonymous_50)
FNDA:0,(anonymous_51)
FNDA:0,(anonymous_52)
FNDA:0,(anonymous_53)
FNDA:0,(anonymous_54)
FNDA:0,(anonymous_55)
FNDA:0,(anonymous_56)
FNDA:0,(anonymous_57)
FNDA:0,(anonymous_58)
FNDA:0,(anonymous_59)
FNDA:0,(anonymous_60)
FNDA:0,(anonymous_61)
FNDA:0,(anonymous_62)
FNDA:0,(anonymous_63)
FNDA:0,(anonymous_64)
FNDA:0,(anonymous_65)
FNDA:0,(anonymous_66)
FNDA:0,(anonymous_67)
FNDA:0,(anonymous_68)
FNDA:0,(anonymous_69)
FNDA:0,(anonymous_70)
FNDA:0,(anonymous_71)
FNDA:0,(anonymous_72)
FNDA:0,createDebugPanel
FNDA:0,(anonymous_74)
FNDA:0,(anonymous_75)
FNDA:0,(anonymous_76)
FNDA:0,(anonymous_77)
FNDA:0,(anonymous_78)
FNDA:0,(anonymous_79)
FNDA:0,(anonymous_80)
FNDA:0,(anonymous_81)
FNDA:0,(anonymous_82)
FNDA:0,(anonymous_83)
FNDA:0,(anonymous_84)
FNDA:0,(anonymous_85)
FNDA:0,(anonymous_86)
FNDA:0,(anonymous_87)
FNDA:0,(anonymous_88)
FNDA:0,(anonymous_89)
FNDA:0,(anonymous_90)
FNDA:0,(anonymous_91)
FNDA:0,(anonymous_92)
FNDA:0,(anonymous_93)
FNDA:0,(anonymous_94)
FNDA:0,(anonymous_95)
FNDA:0,(anonymous_96)
FNDA:0,(anonymous_97)
FNDA:0,(anonymous_98)
FNDA:0,(anonymous_99)
FNDA:0,(anonymous_100)
FNDA:0,(anonymous_101)
FNDA:0,(anonymous_102)
FNDA:0,(anonymous_103)
FNDA:0,(anonymous_104)
FNDA:0,(anonymous_105)
FNDA:0,(anonymous_106)
FNDA:0,(anonymous_107)
FNDA:0,(anonymous_108)
FNDA:5,(anonymous_109)
FNDA:4,renderBadgeProgressPanel
FNDA:0,(anonymous_111)
FNDA:0,(anonymous_112)
FNDA:0,(anonymous_113)
FNDA:0,(anonymous_114)
FNDA:0,(anonymous_115)
FNDA:0,renderAnalyticsModal
DA:2,4
DA:5,4
DA:6,4
DA:11,0
DA:16,0
DA:17,0
DA:21,2
DA:22,2
DA:23,2
DA:24,2
DA:26,2
DA:27,2
DA:29,0
DA:30,0
DA:31,0
DA:32,0
DA:34,0
DA:54,0
DA:56,0
DA:61,0
DA:62,0
DA:63,0
DA:65,0
DA:70,4
DA:71,3
DA:72,0
DA:73,0
DA:76,3
DA:77,3
DA:78,2
DA:79,2
DA:82,1
DA:84,1
DA:85,0
DA:88,1
DA:92,0
DA:99,0
DA:111,0
DA:124,3
DA:125,3
DA:126,0
DA:127,0
DA:128,0
DA:130,0
DA:131,0
DA:132,0
DA:133,0
DA:164,0
DA:165,0
DA:166,0
DA:167,0
DA:168,0
DA:171,0
DA:211,0
DA:212,0
DA:213,0
DA:214,0
DA:217,0
DA:218,0
DA:219,0
DA:222,0
DA:223,0
DA:226,0
DA:229,0
DA:237,1
DA:238,0
DA:239,0
DA:240,0
DA:241,0
DA:243,0
DA:244,0
DA:246,0
DA:249,0
DA:252,0
DA:263,1
DA:264,1
DA:265,0
DA:266,0
DA:267,0
DA:269,0
DA:270,0
DA:271,0
DA:273,1
DA:277,0
DA:278,0
DA:279,0
DA:283,0
DA:284,0
DA:291,0
DA:292,0
DA:293,0
DA:294,0
DA:295,0
DA:296,0
DA:298,0
DA:299,0
DA:304,0
DA:308,0
DA:312,0
DA:313,0
DA:314,0
DA:316,0
DA:318,0
DA:320,0
DA:325,0
DA:326,0
DA:327,0
DA:328,0
DA:329,0
DA:331,0
DA:332,0
DA:336,0
DA:338,0
DA:341,0
DA:346,0
DA:347,0
DA:349,0
DA:350,0
DA:351,0
DA:352,0
DA:353,0
DA:355,0
DA:357,0
DA:358,0
DA:359,0
DA:360,0
DA:361,0
DA:362,0
DA:364,0
DA:366,4
DA:368,4
DA:369,0
DA:373,4
DA:374,0
DA:375,0
DA:376,0
DA:377,0
DA:378,0
DA:379,0
DA:381,0
DA:386,4
DA:387,0
DA:388,0
DA:389,0
DA:390,0
DA:391,0
DA:392,0
DA:393,0
DA:394,0
DA:395,0
DA:396,0
DA:397,0
DA:398,0
DA:399,0
DA:403,0
DA:404,0
DA:406,0
DA:411,4
DA:412,0
DA:413,0
DA:414,0
DA:415,0
DA:416,0
DA:417,0
DA:418,0
DA:419,0
DA:420,0
DA:425,0
DA:427,0
DA:432,4
DA:433,0
DA:434,0
DA:435,0
DA:436,0
DA:437,0
DA:438,0
DA:440,0
DA:445,4
DA:446,0
DA:447,0
DA:448,0
DA:449,0
DA:451,0
DA:452,0
DA:453,0
DA:454,0
DA:455,0
DA:456,0
DA:457,0
DA:459,0
DA:461,0
DA:462,0
DA:463,0
DA:465,0
DA:467,0
DA:471,0
DA:472,0
DA:473,0
DA:474,0
DA:475,0
DA:477,0
DA:478,0
DA:481,0
DA:482,0
DA:485,0
DA:488,0
DA:493,4
DA:494,0
DA:495,0
DA:496,0
DA:497,0
DA:499,0
DA:504,4
DA:505,0
DA:506,0
DA:507,0
DA:508,0
DA:509,0
DA:510,0
DA:511,0
DA:512,0
DA:513,0
DA:517,0
DA:518,0
DA:520,0
DA:525,4
DA:526,0
DA:527,0
DA:528,0
DA:529,0
DA:530,0
DA:531,0
DA:532,0
DA:533,0
DA:534,0
DA:535,0
DA:537,0
DA:538,0
DA:539,0
DA:544,0
DA:546,0
DA:551,4
DA:552,0
DA:553,0
DA:554,0
DA:555,0
DA:556,0
DA:559,0
DA:564,4
DA:565,0
DA:566,0
DA:567,0
DA:569,0
DA:570,0
DA:571,0
DA:573,0
DA:577,0
DA:582,4
DA:583,0
DA:584,0
DA:585,0
DA:586,0
DA:587,0
DA:589,0
DA:594,4
DA:595,0
DA:597,0
DA:598,0
DA:599,0
DA:605,0
DA:607,0
DA:612,4
DA:613,0
DA:614,0
DA:615,0
DA:617,0
DA:622,4
DA:623,0
DA:624,0
DA:625,0
DA:626,0
DA:628,0
DA:634,0
DA:635,0
DA:636,0
DA:637,0
DA:639,0
DA:640,0
DA:641,0
DA:642,0
DA:643,0
DA:644,0
DA:645,0
DA:646,0
DA:647,0
DA:648,0
DA:649,0
DA:650,0
DA:651,0
DA:652,0
DA:653,0
DA:654,0
DA:655,0
DA:656,0
DA:674,0
DA:676,0
DA:677,0
DA:678,0
DA:679,0
DA:680,0
DA:681,0
DA:682,0
DA:683,0
DA:684,0
DA:685,0
DA:686,0
DA:690,0
DA:691,0
DA:692,0
DA:695,0
DA:699,4
DA:701,0
DA:702,0
DA:704,0
DA:705,0
DA:706,0
DA:707,0
DA:708,0
DA:713,0
DA:714,0
DA:715,0
DA:716,0
DA:717,0
DA:718,0
DA:719,0
DA:720,0
DA:721,0
DA:722,0
DA:725,0
DA:726,0
DA:727,0
DA:728,0
DA:730,0
DA:734,0
DA:739,0
DA:740,0
DA:741,0
DA:742,0
DA:743,0
DA:748,0
DA:749,0
DA:750,0
DA:751,0
DA:752,0
DA:753,0
DA:754,0
DA:755,0
DA:756,0
DA:757,0
DA:758,0
DA:759,0
DA:761,0
DA:764,0
DA:769,0
DA:770,0
DA:771,0
DA:772,0
DA:773,0
DA:774,0
DA:777,0
DA:778,0
DA:779,0
DA:780,0
DA:781,0
DA:782,0
DA:783,0
DA:784,0
DA:785,0
DA:786,0
DA:787,0
DA:788,0
DA:789,0
DA:790,0
DA:791,0
DA:792,0
DA:793,0
DA:794,0
DA:795,0
DA:796,0
DA:797,0
DA:798,0
DA:799,0
DA:800,0
DA:801,0
DA:802,0
DA:803,0
DA:805,0
DA:809,0
DA:812,0
DA:813,0
DA:814,0
DA:815,0
DA:816,0
DA:817,0
DA:818,0
DA:819,0
DA:820,0
DA:821,0
DA:822,0
DA:823,0
DA:824,0
DA:825,0
DA:826,0
DA:827,0
DA:828,0
DA:829,0
DA:830,0
DA:832,0
DA:833,0
DA:835,0
DA:838,0
DA:841,0
DA:842,0
DA:843,0
DA:844,0
DA:845,0
DA:846,0
DA:847,0
DA:848,0
DA:849,0
DA:850,0
DA:851,0
DA:852,0
DA:853,0
DA:854,0
DA:855,0
DA:856,0
DA:857,0
DA:859,0
DA:860,0
DA:861,0
DA:862,0
DA:864,0
DA:867,0
DA:868,0
DA:869,0
DA:870,0
DA:871,0
DA:872,0
DA:873,0
DA:874,0
DA:875,0
DA:876,0
DA:877,0
DA:878,0
DA:880,0
DA:883,0
DA:884,0
DA:889,4
DA:890,0
DA:891,0
DA:892,0
DA:893,0
DA:894,0
DA:899,0
DA:900,0
DA:901,0
DA:902,0
DA:903,0
DA:904,0
DA:905,0
DA:906,0
DA:907,0
DA:908,0
DA:909,0
DA:910,0
DA:912,0
DA:915,0
DA:922,4
DA:923,0
DA:924,0
DA:925,0
DA:926,0
DA:927,0
DA:928,0
DA:929,0
DA:930,0
DA:931,0
DA:932,0
DA:933,0
DA:934,0
DA:935,0
DA:936,0
DA:937,0
DA:938,0
DA:939,0
DA:941,0
DA:942,0
DA:944,0
DA:945,0
DA:947,0
DA:950,0
DA:955,4
DA:956,0
DA:957,0
DA:958,0
DA:959,0
DA:960,0
DA:961,0
DA:962,0
DA:963,0
DA:964,0
DA:965,0
DA:966,0
DA:967,0
DA:968,0
DA:969,0
DA:970,0
DA:971,0
DA:972,0
DA:974,0
DA:975,0
DA:976,0
DA:977,0
DA:979,0
DA:984,4
DA:985,0
DA:986,0
DA:987,0
DA:988,0
DA:989,0
DA:990,0
DA:991,0
DA:993,0
DA:994,0
DA:995,0
DA:997,0
DA:998,0
DA:1000,0
DA:1005,4
DA:1006,5
DA:1007,5
DA:1008,2
DA:1009,2
DA:1010,2
DA:1011,2
DA:1014,5
DA:1015,5
DA:1016,5
DA:1017,5
DA:1019,5
DA:1020,3
DA:1023,5
DA:1024,3
DA:1026,2
DA:1029,5
DA:1031,5
DA:1036,4
DA:1037,4
DA:1039,1
DA:1040,0
DA:1041,0
DA:1042,0
DA:1045,1
DA:1046,1
DA:1047,1
DA:1048,1
DA:1049,1
DA:1050,1
DA:1051,0
DA:1052,1
DA:1053,1
DA:1055,0
DA:1057,1
DA:1058,1
DA:1059,1
DA:1060,1
DA:1061,1
DA:1062,0
DA:1063,0
DA:1065,0
DA:1066,0
DA:1067,0
DA:1068,0
DA:1069,0
DA:1070,0
DA:1072,0
DA:1074,0
DA:1075,0
DA:1078,1
DA:1079,0
DA:1082,1
DA:1083,1
DA:1085,1
DA:1087,4
DA:1110,0
DA:1111,0
DA:1112,0
DA:1113,0
LF:599
LH:84
BRDA:5,0,0,4
BRDA:5,0,1,0
BRDA:14,1,0,0
BRDA:14,1,1,0
BRDA:23,2,0,2
BRDA:23,2,1,0
BRDA:31,3,0,0
BRDA:31,3,1,0
BRDA:61,4,0,0
BRDA:61,4,1,0
BRDA:70,5,0,4
BRDA:70,5,1,2
BRDA:71,6,0,0
BRDA:71,6,1,3
BRDA:77,7,0,2
BRDA:77,7,1,1
BRDA:84,8,0,0
BRDA:84,8,1,1
BRDA:91,9,0,0
BRDA:91,9,1,1
BRDA:97,10,0,0
BRDA:97,10,1,1
BRDA:99,11,0,0
BRDA:99,11,1,0
BRDA:99,12,0,0
BRDA:99,12,1,0
BRDA:109,13,0,0
BRDA:109,13,1,1
BRDA:111,14,0,0
BRDA:111,14,1,0
BRDA:125,15,0,3
BRDA:125,15,1,0
BRDA:126,16,0,0
BRDA:126,16,1,0
BRDA:126,17,0,0
BRDA:126,17,1,0
BRDA:130,18,0,0
BRDA:130,18,1,0
BRDA:166,19,0,0
BRDA:166,19,1,0
BRDA:212,20,0,0
BRDA:212,20,1,0
BRDA:218,21,0,0
BRDA:218,21,1,0
BRDA:219,22,0,0
BRDA:219,22,1,0
BRDA:222,23,0,0
BRDA:222,23,1,0
BRDA:237,24,0,1
BRDA:237,24,1,0
BRDA:239,25,0,0
BRDA:239,25,1,0
BRDA:243,26,0,0
BRDA:243,26,1,0
BRDA:262,27,0,1
BRDA:265,28,0,0
BRDA:265,28,1,0
BRDA:266,29,0,0
BRDA:266,29,1,0
BRDA:269,30,0,0
BRDA:269,30,1,0
BRDA:270,31,0,0
BRDA:270,31,1,0
BRDA:271,32,0,0
BRDA:271,32,1,0
BRDA:271,33,0,0
BRDA:271,33,1,0
BRDA:282,34,0,0
BRDA:284,35,0,0
BRDA:284,35,1,0
BRDA:284,35,2,0
BRDA:284,36,0,0
BRDA:284,36,1,0
BRDA:285,37,0,0
BRDA:285,37,1,0
BRDA:285,38,0,0
BRDA:285,38,1,0
BRDA:286,39,0,0
BRDA:286,39,1,0
BRDA:286,40,0,0
BRDA:286,40,1,0
BRDA:286,41,0,0
BRDA:286,41,1,0
BRDA:290,42,0,0
BRDA:293,43,0,0
BRDA:293,43,1,0
BRDA:294,44,0,0
BRDA:294,44,1,0
BRDA:295,45,0,0
BRDA:295,45,1,0
BRDA:296,46,0,0
BRDA:296,46,1,0
BRDA:296,47,0,0
BRDA:296,47,1,0
BRDA:300,48,0,0
BRDA:300,48,1,0
BRDA:307,49,0,0
BRDA:307,50,0,0
BRDA:311,51,0,0
BRDA:311,52,0,0
BRDA:312,53,0,0
BRDA:312,53,1,0
BRDA:324,54,0,0
BRDA:327,55,0,0
BRDA:327,55,1,0
BRDA:328,56,0,0
BRDA:328,56,1,0
BRDA:328,57,0,0
BRDA:328,57,1,0
BRDA:329,58,0,0
BRDA:329,58,1,0
BRDA:329,59,0,0
BRDA:329,59,1,0
BRDA:332,60,0,0
BRDA:332,60,1,0
BRDA:336,61,0,0
BRDA:336,61,1,0
BRDA:347,62,0,0
BRDA:347,62,1,0
BRDA:350,63,0,0
BRDA:350,63,1,0
BRDA:353,64,0,0
BRDA:353,64,1,0
BRDA:358,65,0,0
BRDA:358,65,1,0
BRDA:368,66,0,0
BRDA:368,66,1,4
BRDA:369,67,0,0
BRDA:369,67,1,0
BRDA:375,68,0,0
BRDA:375,68,1,0
BRDA:376,69,0,0
BRDA:376,69,1,0
BRDA:377,70,0,0
BRDA:377,70,1,0
BRDA:378,71,0,0
BRDA:378,71,1,0
BRDA:388,72,0,0
BRDA:388,72,1,0
BRDA:392,73,0,0
BRDA:392,73,1,0
BRDA:395,74,0,0
BRDA:395,74,1,0
BRDA:397,75,0,0
BRDA:397,75,1,0
BRDA:398,76,0,0
BRDA:398,76,1,0
BRDA:413,77,0,0
BRDA:413,77,1,0
BRDA:416,78,0,0
BRDA:416,78,1,0
BRDA:418,79,0,0
BRDA:418,79,1,0
BRDA:419,80,0,0
BRDA:419,80,1,0
BRDA:434,81,0,0
BRDA:434,81,1,0
BRDA:435,82,0,0
BRDA:435,82,1,0
BRDA:447,83,0,0
BRDA:447,83,1,0
BRDA:448,84,0,0
BRDA:448,84,1,0
BRDA:454,85,0,0
BRDA:454,85,1,0
BRDA:454,86,0,0
BRDA:454,86,1,0
BRDA:454,86,2,0
BRDA:455,87,0,0
BRDA:455,87,1,0
BRDA:455,88,0,0
BRDA:455,88,1,0
BRDA:455,88,2,0
BRDA:456,89,0,0
BRDA:456,89,1,0
BRDA:462,90,0,0
BRDA:462,90,1,0
BRDA:465,91,0,0
BRDA:465,91,1,0
BRDA:472,92,0,0
BRDA:472,92,1,0
BRDA:495,93,0,0
BRDA:495,93,1,0
BRDA:496,94,0,0
BRDA:496,94,1,0
BRDA:506,95,0,0
BRDA:506,95,1,0
BRDA:509,96,0,0
BRDA:509,96,1,0
BRDA:512,97,0,0
BRDA:512,97,1,0
BRDA:527,98,0,0
BRDA:527,98,1,0
BRDA:530,99,0,0
BRDA:530,99,1,0
BRDA:532,100,0,0
BRDA:532,100,1,0
BRDA:551,101,0,0
BRDA:553,102,0,0
BRDA:553,102,1,0
BRDA:566,103,0,0
BRDA:566,103,1,0
BRDA:567,104,0,0
BRDA:567,104,1,0
BRDA:567,105,0,0
BRDA:567,105,1,0
BRDA:570,106,0,0
BRDA:570,106,1,0
BRDA:573,107,0,0
BRDA:573,107,1,0
BRDA:584,108,0,0
BRDA:584,108,1,0
BRDA:597,109,0,0
BRDA:597,109,1,0
BRDA:598,110,0,0
BRDA:598,110,1,0
BRDA:601,111,0,0
BRDA:601,111,1,0
BRDA:601,111,2,0
BRDA:614,112,0,0
BRDA:614,112,1,0
BRDA:626,113,0,0
BRDA:626,113,1,0
BRDA:626,114,0,0
BRDA:626,114,1,0
BRDA:634,115,0,0
BRDA:634,115,1,0
BRDA:635,116,0,0
BRDA:635,116,1,0
BRDA:640,117,0,0
BRDA:640,117,1,0
BRDA:680,118,0,0
BRDA:680,118,1,0
BRDA:681,119,0,0
BRDA:681,119,1,0
BRDA:685,120,0,0
BRDA:685,120,1,0
BRDA:690,121,0,0
BRDA:690,121,1,0
BRDA:692,122,0,0
BRDA:692,122,1,0
BRDA:695,123,0,0
BRDA:695,123,1,0
BRDA:702,124,0,0
BRDA:702,124,1,0
BRDA:704,125,0,0
BRDA:704,125,1,0
BRDA:716,126,0,0
BRDA:716,126,1,0
BRDA:718,127,0,0
BRDA:718,127,1,0
BRDA:721,128,0,0
BRDA:721,128,1,0
BRDA:725,129,0,0
BRDA:725,129,1,0
BRDA:726,130,0,0
BRDA:726,130,1,0
BRDA:726,131,0,0
BRDA:726,131,1,0
BRDA:727,132,0,0
BRDA:727,132,1,0
BRDA:727,133,0,0
BRDA:727,133,1,0
BRDA:731,134,0,0
BRDA:731,134,1,0
BRDA:732,135,0,0
BRDA:732,135,1,0
BRDA:739,136,0,0
BRDA:739,136,1,0
BRDA:751,137,0,0
BRDA:751,137,1,0
BRDA:753,138,0,0
BRDA:753,138,1,0
BRDA:754,139,0,0
BRDA:754,139,1,0
BRDA:755,140,0,0
BRDA:755,140,1,0
BRDA:757,141,0,0
BRDA:757,141,1,0
BRDA:759,142,0,0
BRDA:759,142,1,0
BRDA:759,143,0,0
BRDA:759,143,1,0
BRDA:759,143,2,0
BRDA:762,144,0,0
BRDA:762,144,1,0
BRDA:769,145,0,0
BRDA:769,145,1,0
BRDA:777,146,0,0
BRDA:777,146,1,0
BRDA:788,147,0,0
BRDA:788,147,1,0
BRDA:812,148,0,0
BRDA:812,148,1,0
BRDA:819,149,0,0
BRDA:819,149,1,0
BRDA:820,150,0,0
BRDA:820,150,1,0
BRDA:822,151,0,0
BRDA:822,151,1,0
BRDA:825,152,0,0
BRDA:825,152,1,0
BRDA:828,153,0,0
BRDA:828,153,1,0
BRDA:829,154,0,0
BRDA:829,154,1,0
BRDA:830,155,0,0
BRDA:830,155,1,0
BRDA:832,156,0,0
BRDA:832,156,1,0
BRDA:841,157,0,0
BRDA:841,157,1,0
BRDA:854,158,0,0
BRDA:854,158,1,0
BRDA:857,159,0,0
BRDA:857,159,1,0
BRDA:860,160,0,0
BRDA:860,160,1,0
BRDA:867,161,0,0
BRDA:867,161,1,0
BRDA:876,162,0,0
BRDA:876,162,1,0
BRDA:877,163,0,0
BRDA:877,163,1,0
BRDA:883,164,0,0
BRDA:883,164,1,0
BRDA:884,165,0,0
BRDA:884,165,1,0
BRDA:889,166,0,0
BRDA:889,166,1,4
BRDA:890,167,0,0
BRDA:890,167,1,0
BRDA:902,168,0,0
BRDA:902,168,1,0
BRDA:904,169,0,0
BRDA:904,169,1,0
BRDA:905,170,0,0
BRDA:905,170,1,0
BRDA:906,171,0,0
BRDA:906,171,1,0
BRDA:908,172,0,0
BRDA:908,172,1,0
BRDA:910,173,0,0
BRDA:910,173,1,0
BRDA:910,174,0,0
BRDA:910,174,1,0
BRDA:910,174,2,0
BRDA:913,175,0,0
BRDA:913,175,1,0
BRDA:922,176,0,0
BRDA:922,176,1,4
BRDA:923,177,0,0
BRDA:923,177,1,0
BRDA:930,178,0,0
BRDA:930,178,1,0
BRDA:931,179,0,0
BRDA:931,179,1,0
BRDA:933,180,0,0
BRDA:933,180,1,0
BRDA:936,181,0,0
BRDA:936,181,1,0
BRDA:939,182,0,0
BRDA:939,182,1,0
BRDA:941,183,0,0
BRDA:941,183,1,0
BRDA:942,184,0,0
BRDA:942,184,1,0
BRDA:955,185,0,0
BRDA:955,185,1,4
BRDA:956,186,0,0
BRDA:956,186,1,0
BRDA:969,187,0,0
BRDA:969,187,1,0
BRDA:975,188,0,0
BRDA:975,188,1,0
BRDA:984,189,0,0
BRDA:984,189,1,4
BRDA:985,190,0,0
BRDA:985,190,1,0
BRDA:995,191,0,0
BRDA:995,191,1,0
BRDA:997,192,0,0
BRDA:997,192,1,0
BRDA:1007,193,0,2
BRDA:1007,193,1,3
BRDA:1017,194,0,2
BRDA:1017,194,1,3
BRDA:1017,195,0,5
BRDA:1017,195,1,3
BRDA:1017,195,2,3
BRDA:1019,196,0,3
BRDA:1019,196,1,2
BRDA:1019,197,0,5
BRDA:1019,197,1,3
BRDA:1019,197,2,3
BRDA:1019,197,3,3
BRDA:1019,197,4,1
BRDA:1023,198,0,3
BRDA:1023,198,1,2
BRDA:1037,199,0,3
BRDA:1037,199,1,1
BRDA:1039,200,0,0
BRDA:1039,200,1,1
BRDA:1042,201,0,0
BRDA:1042,201,1,0
BRDA:1045,202,0,1
BRDA:1045,202,1,0
BRDA:1049,203,0,1
BRDA:1049,203,1,0
BRDA:1050,204,0,0
BRDA:1050,204,1,1
BRDA:1053,205,0,1
BRDA:1053,205,1,1
BRDA:1057,206,0,0
BRDA:1057,206,1,0
BRDA:1058,207,0,0
BRDA:1058,207,1,0
BRDA:1063,208,0,0
BRDA:1063,208,1,0
BRDA:1063,208,2,0
BRDA:1065,209,0,0
BRDA:1065,209,1,0
BRDA:1066,210,0,0
BRDA:1066,210,1,0
BRDA:1068,211,0,0
BRDA:1068,211,1,0
BRDA:1069,212,0,0
BRDA:1069,212,1,0
BRDA:1072,213,0,0
BRDA:1072,213,1,0
BRDA:1074,214,0,0
BRDA:1074,214,1,0
BRDA:1075,215,0,0
BRDA:1075,215,1,0
BRDA:1075,216,0,0
BRDA:1075,216,1,0
BRDA:1078,217,0,0
BRDA:1078,217,1,1
BRDA:1078,218,0,1
BRDA:1078,218,1,1
BRF:440
BRH:46
end_of_record
TN:
SF:src/components/auth.js
FN:6,signInWithGoogle
FN:19,signOutUser
FNF:2
FNH:0
FNDA:0,signInWithGoogle
FNDA:0,signOutUser
DA:7,0
DA:8,0
DA:9,0
DA:10,0
DA:11,0
DA:12,0
DA:14,0
DA:20,0
DA:21,0
DA:22,0
DA:23,0
DA:25,0
DA:29,1
DA:30,1
DA:31,0
LF:15
LH:2
BRDA:30,0,0,0
BRDA:30,0,1,1
BRF:2
BRH:1
end_of_record
TN:
SF:src/components/avatar.js
FN:5,updateProfileAvatar
FN:8,(anonymous_1)
FNF:2
FNH:0
FNDA:0,updateProfileAvatar
FNDA:0,(anonymous_1)
DA:6,0
DA:7,0
DA:8,0
DA:9,0
DA:10,0
DA:11,0
DA:12,0
DA:13,0
DA:14,0
DA:15,0
DA:17,0
DA:18,0
DA:19,0
DA:20,0
DA:21,0
DA:22,0
DA:23,0
DA:24,0
DA:26,0
LF:19
LH:0
BRDA:7,0,0,0
BRDA:7,0,1,0
BRDA:17,1,0,0
BRDA:17,1,1,0
BRDA:17,2,0,0
BRDA:17,2,1,0
BRDA:18,3,0,0
BRDA:18,3,1,0
BRDA:18,4,0,0
BRDA:18,4,1,0
BRDA:18,4,2,0
BRDA:20,5,0,0
BRDA:20,5,1,0
BRDA:20,6,0,0
BRDA:20,6,1,0
BRF:15
BRH:0
end_of_record
TN:
SF:src/components/badges.js
FN:5,(anonymous_0)
FN:7,(anonymous_1)
FN:13,showBadgeModal
FN:17,checkBadgeUnlock
FN:33,checkBadges
FN:49,showNotification
FN:61,(anonymous_6)
FNF:7
FNH:2
FNDA:105,(anonymous_0)
FNDA:0,(anonymous_1)
FNDA:0,showBadgeModal
FNDA:0,checkBadgeUnlock
FNDA:0,checkBadges
FNDA:1,showNotification
FNDA:0,(anonymous_6)
DA:5,1
DA:6,105
DA:7,105
DA:18,0
DA:19,0
DA:21,0
DA:22,0
DA:25,0
DA:26,0
DA:28,0
DA:35,0
DA:36,0
DA:37,0
DA:38,0
DA:39,0
DA:40,0
DA:42,0
DA:46,0
DA:50,1
DA:51,1
DA:52,1
DA:59,1
DA:61,1
DA:62,0
DA:67,1
LF:25
LH:9
BRDA:7,0,0,105
BRDA:7,0,1,1
BRDA:19,1,0,0
BRDA:19,1,1,0
BRDA:21,2,0,0
BRDA:21,2,1,0
BRDA:21,3,0,0
BRDA:21,3,1,0
BRDA:25,4,0,0
BRDA:25,4,1,0
BRDA:26,5,0,0
BRDA:26,5,1,0
BRDA:38,6,0,0
BRDA:38,6,1,0
BRDA:40,7,0,0
BRDA:40,7,1,0
BRF:16
BRH:2
end_of_record
TN:
SF:src/components/modals.js
FN:25,openModal
FN:44,(anonymous_1)
FN:45,(anonymous_2)
FN:46,(anonymous_3)
FN:47,escListener
FN:53,(anonymous_5)
FN:61,showSmartLearningModal
FN:67,(anonymous_7)
FN:80,showAnalyticsModal
FN:92,(anonymous_9)
FN:94,(anonymous_10)
FN:96,(anonymous_11)
FN:98,(anonymous_12)
FN:98,(anonymous_13)
FN:104,(anonymous_14)
FN:105,(anonymous_15)
FN:109,(anonymous_16)
FN:109,(anonymous_17)
FN:141,(anonymous_18)
FN:144,(anonymous_19)
FN:153,(anonymous_20)
FN:173,(anonymous_21)
FN:181,resetAll
FN:187,showNotification
FN:192,(anonymous_24)
FN:196,setupProfileToggles
FN:201,(anonymous_26)
FN:205,(anonymous_27)
FN:210,(anonymous_28)
FN:222,showProfileModal
FN:257,(anonymous_30)
FN:263,showSettingsModal
FN:274,(anonymous_32)
FN:291,updateSignInOutToggle
FN:298,(anonymous_34)
FNF:35
FNH:0
FNDA:0,openModal
FNDA:0,(anonymous_1)
FNDA:0,(anonymous_2)
FNDA:0,(anonymous_3)
FNDA:0,escListener
FNDA:0,(anonymous_5)
FNDA:0,showSmartLearningModal
FNDA:0,(anonymous_7)
FNDA:0,showAnalyticsModal
FNDA:0,(anonymous_9)
FNDA:0,(anonymous_10)
FNDA:0,(anonymous_11)
FNDA:0,(anonymous_12)
FNDA:0,(anonymous_13)
FNDA:0,(anonymous_14)
FNDA:0,(anonymous_15)
FNDA:0,(anonymous_16)
FNDA:0,(anonymous_17)
FNDA:0,(anonymous_18)
FNDA:0,(anonymous_19)
FNDA:0,(anonymous_20)
FNDA:0,(anonymous_21)
FNDA:0,resetAll
FNDA:0,showNotification
FNDA:0,(anonymous_24)
FNDA:0,setupProfileToggles
FNDA:0,(anonymous_26)
FNDA:0,(anonymous_27)
FNDA:0,(anonymous_28)
FNDA:0,showProfileModal
FNDA:0,(anonymous_30)
FNDA:0,showSettingsModal
FNDA:0,(anonymous_32)
FNDA:0,updateSignInOutToggle
FNDA:0,(anonymous_34)
DA:18,1
DA:26,0
DA:27,0
DA:29,0
DA:30,0
DA:31,0
DA:32,0
DA:33,0
DA:34,0
DA:43,0
DA:44,0
DA:45,0
DA:46,0
DA:47,0
DA:48,0
DA:49,0
DA:50,0
DA:53,0
DA:54,0
DA:55,0
DA:62,0
DA:63,0
DA:64,0
DA:68,0
DA:69,0
DA:81,0
DA:82,0
DA:83,0
DA:84,0
DA:85,0
DA:86,0
DA:87,0
DA:90,0
DA:91,0
DA:92,0
DA:94,0
DA:96,0
DA:98,0
DA:102,0
DA:103,0
DA:104,0
DA:105,0
DA:108,0
DA:109,0
DA:111,0
DA:112,0
DA:114,0
DA:116,0
DA:117,0
DA:119,0
DA:123,0
DA:141,0
DA:144,0
DA:152,0
DA:153,0
DA:155,0
DA:161,0
DA:162,0
DA:163,0
DA:164,0
DA:165,0
DA:166,0
DA:170,1
DA:171,1
DA:172,1
DA:173,0
DA:175,1
DA:176,1
DA:182,0
DA:183,0
DA:184,0
DA:188,0
DA:189,0
DA:190,0
DA:191,0
DA:192,0
DA:197,0
DA:198,0
DA:199,0
DA:201,0
DA:202,0
DA:205,0
DA:207,0
DA:210,0
DA:211,0
DA:212,0
DA:214,0
DA:218,0
DA:223,0
DA:224,0
DA:225,0
DA:226,0
DA:227,0
DA:228,0
DA:255,0
DA:257,0
DA:258,0
DA:259,0
DA:260,0
DA:264,0
DA:265,0
DA:271,0
DA:274,0
DA:275,0
DA:292,0
DA:293,0
DA:294,0
DA:298,1
DA:299,0
DA:300,0
DA:301,0
DA:302,0
DA:303,0
LF:113
LH:7
BRDA:27,0,0,0
BRDA:27,0,1,0
BRDA:48,1,0,0
BRDA:48,1,1,0
BRDA:55,2,0,0
BRDA:55,2,1,0
BRDA:62,3,0,0
BRDA:62,3,1,0
BRDA:63,4,0,0
BRDA:63,4,1,0
BRDA:70,5,0,0
BRDA:70,5,1,0
BRDA:72,6,0,0
BRDA:72,6,1,0
BRDA:81,7,0,0
BRDA:81,7,1,0
BRDA:85,8,0,0
BRDA:85,8,1,0
BRDA:90,9,0,0
BRDA:90,9,1,0
BRDA:90,10,0,0
BRDA:90,10,1,0
BRDA:102,11,0,0
BRDA:102,11,1,0
BRDA:104,12,0,0
BRDA:104,12,1,0
BRDA:104,13,0,0
BRDA:104,13,1,0
BRDA:105,14,0,0
BRDA:105,14,1,0
BRDA:105,15,0,0
BRDA:105,15,1,0
BRDA:108,16,0,0
BRDA:108,16,1,0
BRDA:144,17,0,0
BRDA:144,17,1,0
BRDA:144,17,2,0
BRDA:146,18,0,0
BRDA:146,18,1,0
BRDA:163,19,0,0
BRDA:163,19,1,0
BRDA:164,20,0,0
BRDA:164,20,1,0
BRDA:165,21,0,0
BRDA:165,21,1,0
BRDA:170,22,0,1
BRDA:170,22,1,1
BRDA:172,23,0,0
BRDA:172,23,1,1
BRDA:173,24,0,0
BRDA:173,24,1,0
BRDA:182,25,0,0
BRDA:182,25,1,0
BRDA:187,26,0,0
BRDA:211,27,0,0
BRDA:211,27,1,0
BRDA:223,28,0,0
BRDA:223,28,1,0
BRDA:225,29,0,0
BRDA:225,29,1,0
BRDA:225,30,0,0
BRDA:225,30,1,0
BRDA:226,31,0,0
BRDA:226,31,1,0
BRDA:226,32,0,0
BRDA:226,32,1,0
BRDA:227,33,0,0
BRDA:227,33,1,0
BRDA:227,34,0,0
BRDA:227,34,1,0
BRDA:233,35,0,0
BRDA:233,35,1,0
BRDA:264,36,0,0
BRDA:264,36,1,0
BRDA:293,37,0,0
BRDA:293,37,1,0
BRDA:301,38,0,0
BRDA:301,38,1,0
BRDA:301,39,0,0
BRDA:301,39,1,0
BRDA:302,40,0,0
BRDA:302,40,1,0
BRDA:303,41,0,0
BRDA:303,41,1,0
BRF:84
BRH:3
end_of_record
TN:
SF:src/components/quiz.js
FN:10,showBookmarkSyncToast
FN:23,(anonymous_1)
FN:23,(anonymous_2)
FN:27,updateBookmarkSyncStatusIcon
FN:54,setupUI
FN:71,updateStartBtn
FN:75,(anonymous_6)
FN:83,(anonymous_7)
FN:104,(anonymous_8)
FN:105,(anonymous_9)
FN:115,(anonymous_10)
FN:115,(anonymous_11)
FN:124,(anonymous_12)
FN:131,(anonymous_13)
FN:136,(anonymous_14)
FN:150,(anonymous_15)
FN:153,(anonymous_16)
FN:161,(anonymous_17)
FN:170,populateTopicDropdown
FN:192,(anonymous_19)
FN:200,(anonymous_20)
FN:205,(anonymous_21)
FN:212,(anonymous_22)
FN:222,(anonymous_23)
FN:226,startQuiz
FN:246,(anonymous_25)
FN:257,renderQuestion
FN:277,(anonymous_27)
FN:293,(anonymous_28)
FN:301,(anonymous_29)
FN:303,(anonymous_30)
FN:326,(anonymous_31)
FN:326,(anonymous_32)
FN:337,(anonymous_33)
FN:338,(anonymous_34)
FN:415,(anonymous_35)
FN:420,(anonymous_36)
FN:428,saveQuizResultToFirestore
FN:450,showSyncToast
FN:459,(anonymous_39)
FN:459,(anonymous_40)
FN:465,(anonymous_41)
FN:466,(anonymous_42)
FN:466,(anonymous_43)
FN:469,(anonymous_44)
FN:479,(anonymous_45)
FN:482,(anonymous_46)
FN:501,renderBookmarkedIndex
FN:531,(anonymous_48)
FN:537,saveBookmarksToFirestore
FN:574,syncBookmarksFromFirestore
FN:593,(anonymous_51)
FN:629,(anonymous_52)
FN:630,(anonymous_53)
FN:648,(anonymous_54)
FN:661,(anonymous_55)
FN:663,(anonymous_56)
FN:665,(anonymous_57)
FN:691,setBookmarks
FN:694,(anonymous_59)
FN:697,(anonymous_60)
FN:706,getBookmarks
FN:713,(anonymous_62)
FN:715,(anonymous_63)
FN:725,validateBookmarks
FN:731,downloadQuestionsForOffline
FN:737,getQuestions
FNF:67
FNH:7
FNDA:0,showBookmarkSyncToast
FNDA:0,(anonymous_1)
FNDA:0,(anonymous_2)
FNDA:0,updateBookmarkSyncStatusIcon
FNDA:0,setupUI
FNDA:0,updateStartBtn
FNDA:0,(anonymous_6)
FNDA:0,(anonymous_7)
FNDA:0,(anonymous_8)
FNDA:0,(anonymous_9)
FNDA:0,(anonymous_10)
FNDA:0,(anonymous_11)
FNDA:0,(anonymous_12)
FNDA:0,(anonymous_13)
FNDA:0,(anonymous_14)
FNDA:0,(anonymous_15)
FNDA:0,(anonymous_16)
FNDA:0,(anonymous_17)
FNDA:0,populateTopicDropdown
FNDA:0,(anonymous_19)
FNDA:0,(anonymous_20)
FNDA:0,(anonymous_21)
FNDA:0,(anonymous_22)
FNDA:0,(anonymous_23)
FNDA:0,startQuiz
FNDA:0,(anonymous_25)
FNDA:0,renderQuestion
FNDA:0,(anonymous_27)
FNDA:0,(anonymous_28)
FNDA:0,(anonymous_29)
FNDA:0,(anonymous_30)
FNDA:0,(anonymous_31)
FNDA:0,(anonymous_32)
FNDA:0,(anonymous_33)
FNDA:0,(anonymous_34)
FNDA:0,(anonymous_35)
FNDA:0,(anonymous_36)
FNDA:0,saveQuizResultToFirestore
FNDA:0,showSyncToast
FNDA:0,(anonymous_39)
FNDA:0,(anonymous_40)
FNDA:0,(anonymous_41)
FNDA:0,(anonymous_42)
FNDA:0,(anonymous_43)
FNDA:0,(anonymous_44)
FNDA:0,(anonymous_45)
FNDA:0,(anonymous_46)
FNDA:0,renderBookmarkedIndex
FNDA:0,(anonymous_48)
FNDA:0,saveBookmarksToFirestore
FNDA:0,syncBookmarksFromFirestore
FNDA:0,(anonymous_51)
FNDA:0,(anonymous_52)
FNDA:0,(anonymous_53)
FNDA:0,(anonymous_54)
FNDA:0,(anonymous_55)
FNDA:0,(anonymous_56)
FNDA:0,(anonymous_57)
FNDA:2,setBookmarks
FNDA:9,(anonymous_59)
FNDA:4,(anonymous_60)
FNDA:4,getBookmarks
FNDA:3,(anonymous_62)
FNDA:3,(anonymous_63)
FNDA:12,validateBookmarks
FNDA:0,downloadQuestionsForOffline
FNDA:0,getQuestions
DA:12,0
DA:13,0
DA:14,0
DA:15,0
DA:18,0
DA:19,0
DA:20,0
DA:21,0
DA:22,0
DA:23,0
DA:28,0
DA:29,0
DA:30,0
DA:31,0
DA:32,0
DA:33,0
DA:34,0
DA:35,0
DA:37,0
DA:38,0
DA:39,0
DA:40,0
DA:41,0
DA:42,0
DA:43,0
DA:44,0
DA:46,0
DA:47,0
DA:48,0
DA:56,0
DA:57,0
DA:58,0
DA:61,0
DA:62,0
DA:64,0
DA:65,0
DA:66,0
DA:69,0
DA:72,0
DA:74,0
DA:75,0
DA:76,0
DA:77,0
DA:80,0
DA:82,0
DA:83,0
DA:84,0
DA:85,0
DA:86,0
DA:89,0
DA:90,0
DA:91,0
DA:92,0
DA:93,0
DA:95,0
DA:98,0
DA:99,0
DA:100,0
DA:104,0
DA:105,0
DA:106,0
DA:107,0
DA:108,0
DA:111,0
DA:112,0
DA:113,0
DA:114,0
DA:115,0
DA:116,0
DA:117,0
DA:118,0
DA:119,0
DA:120,0
DA:121,0
DA:122,0
DA:123,0
DA:124,0
DA:125,0
DA:128,0
DA:129,0
DA:131,0
DA:132,0
DA:135,0
DA:136,0
DA:137,0
DA:140,0
DA:141,0
DA:143,0
DA:145,0
DA:147,0
DA:150,0
DA:151,0
DA:153,0
DA:154,0
DA:158,0
DA:159,0
DA:161,0
DA:162,0
DA:164,0
DA:166,0
DA:171,0
DA:172,0
DA:173,0
DA:174,0
DA:176,0
DA:177,0
DA:178,0
DA:179,0
DA:180,0
DA:181,0
DA:182,0
DA:184,0
DA:185,0
DA:186,0
DA:187,0
DA:190,0
DA:191,0
DA:192,0
DA:193,0
DA:194,0
DA:196,0
DA:197,0
DA:199,0
DA:200,0
DA:201,0
DA:202,0
DA:205,0
DA:206,0
DA:207,0
DA:208,0
DA:209,0
DA:210,0
DA:212,0
DA:213,0
DA:214,0
DA:215,0
DA:216,0
DA:217,0
DA:222,0
DA:223,0
DA:228,0
DA:230,0
DA:231,0
DA:232,0
DA:235,0
DA:236,0
DA:237,0
DA:238,0
DA:241,0
DA:242,0
DA:243,0
DA:245,0
DA:246,0
DA:247,0
DA:248,0
DA:249,0
DA:250,0
DA:251,0
DA:252,0
DA:253,0
DA:254,0
DA:258,0
DA:259,0
DA:260,0
DA:261,0
DA:263,0
DA:264,0
DA:265,0
DA:267,0
DA:268,0
DA:269,0
DA:270,0
DA:272,0
DA:274,0
DA:275,0
DA:276,0
DA:277,0
DA:278,0
DA:280,0
DA:293,0
DA:299,0
DA:300,0
DA:301,0
DA:302,0
DA:303,0
DA:304,0
DA:305,0
DA:306,0
DA:307,0
DA:308,0
DA:310,0
DA:311,0
DA:312,0
DA:314,0
DA:316,0
DA:318,0
DA:319,0
DA:321,0
DA:322,0
DA:323,0
DA:324,0
DA:325,0
DA:326,0
DA:329,0
DA:334,0
DA:335,0
DA:336,0
DA:337,0
DA:338,0
DA:339,0
DA:340,0
DA:341,0
DA:342,0
DA:343,0
DA:344,0
DA:345,0
DA:346,0
DA:347,0
DA:349,0
DA:350,0
DA:351,0
DA:352,0
DA:355,0
DA:356,0
DA:357,0
DA:358,0
DA:359,0
DA:361,0
DA:362,0
DA:364,0
DA:367,0
DA:368,0
DA:371,0
DA:372,0
DA:380,0
DA:381,0
DA:388,0
DA:389,0
DA:391,0
DA:392,0
DA:395,0
DA:396,0
DA:397,0
DA:398,0
DA:399,0
DA:401,0
DA:402,0
DA:404,0
DA:405,0
DA:406,0
DA:408,0
DA:409,0
DA:410,0
DA:411,0
DA:413,0
DA:415,0
DA:417,0
DA:418,0
DA:419,0
DA:420,0
DA:421,0
DA:422,0
DA:424,0
DA:425,0
DA:429,0
DA:430,0
DA:431,0
DA:432,0
DA:433,0
DA:435,0
DA:437,0
DA:438,0
DA:443,0
DA:445,0
DA:446,0
DA:452,0
DA:453,0
DA:454,0
DA:455,0
DA:456,0
DA:457,0
DA:458,0
DA:459,0
DA:462,0
DA:464,0
DA:465,0
DA:466,0
DA:467,0
DA:468,0
DA:469,0
DA:470,0
DA:476,0
DA:477,0
DA:478,0
DA:479,0
DA:480,0
DA:482,0
DA:484,0
DA:487,0
DA:488,0
DA:491,0
DA:498,1
DA:502,0
DA:503,0
DA:504,0
DA:505,0
DA:506,0
DA:507,0
DA:510,0
DA:511,0
DA:512,0
DA:513,0
DA:514,0
DA:515,0
DA:516,0
DA:518,0
DA:521,0
DA:525,0
DA:526,0
DA:527,0
DA:528,0
DA:529,0
DA:531,0
DA:532,0
DA:534,1
DA:539,0
DA:540,0
DA:542,0
DA:543,0
DA:546,0
DA:547,0
DA:548,0
DA:549,0
DA:550,0
DA:551,0
DA:552,0
DA:553,0
DA:555,0
DA:556,0
DA:557,0
DA:558,0
DA:559,0
DA:560,0
DA:561,0
DA:562,0
DA:563,0
DA:564,0
DA:565,0
DA:568,0
DA:569,0
DA:570,0
DA:575,0
DA:576,0
DA:577,0
DA:578,0
DA:579,0
DA:580,0
DA:581,0
DA:582,0
DA:584,0
DA:585,0
DA:586,0
DA:587,0
DA:588,0
DA:589,0
DA:590,0
DA:591,0
DA:593,0
DA:595,0
DA:597,0
DA:598,0
DA:599,0
DA:600,0
DA:601,0
DA:602,0
DA:603,0
DA:604,0
DA:605,0
DA:606,0
DA:608,0
DA:611,0
DA:614,0
DA:616,0
DA:619,0
DA:620,0
DA:622,0
DA:623,0
DA:624,0
DA:626,0
DA:628,0
DA:629,0
DA:630,0
DA:631,0
DA:635,0
DA:637,0
DA:640,0
DA:641,0
DA:646,0
DA:647,0
DA:648,0
DA:649,0
DA:650,0
DA:651,0
DA:652,0
DA:653,0
DA:654,0
DA:655,0
DA:656,0
DA:658,0
DA:661,0
DA:663,0
DA:665,0
DA:666,0
DA:668,0
DA:670,0
DA:671,0
DA:672,0
DA:673,0
DA:674,0
DA:679,0
DA:680,0
DA:681,0
DA:684,0
DA:685,0
DA:686,0
DA:693,2
DA:694,9
DA:697,2
DA:698,4
DA:699,4
DA:701,2
DA:702,2
DA:703,2
DA:707,4
DA:708,4
DA:709,4
DA:710,4
DA:711,4
DA:712,2
DA:713,3
DA:715,2
DA:716,3
DA:717,3
DA:722,4
DA:727,12
DA:733,0
DA:739,0
LF:447
LH:22
BRDA:14,0,0,0
BRDA:14,0,1,0
BRDA:14,1,0,0
BRDA:14,1,1,0
BRDA:21,2,0,0
BRDA:21,2,1,0
BRDA:23,3,0,0
BRDA:23,3,1,0
BRDA:29,4,0,0
BRDA:29,4,1,0
BRDA:31,5,0,0
BRDA:31,5,1,0
BRDA:37,6,0,0
BRDA:37,6,1,0
BRDA:41,7,0,0
BRDA:41,7,1,0
BRDA:56,8,0,0
BRDA:56,8,1,0
BRDA:57,9,0,0
BRDA:57,9,1,0
BRDA:58,10,0,0
BRDA:58,10,1,0
BRDA:61,11,0,0
BRDA:61,11,1,0
BRDA:69,12,0,0
BRDA:69,12,1,0
BRDA:72,13,0,0
BRDA:72,13,1,0
BRDA:72,14,0,0
BRDA:72,14,1,0
BRDA:72,14,2,0
BRDA:72,14,3,0
BRDA:74,15,0,0
BRDA:74,15,1,0
BRDA:80,16,0,0
BRDA:80,16,1,0
BRDA:83,17,0,0
BRDA:83,17,1,0
BRDA:86,18,0,0
BRDA:86,18,1,0
BRDA:89,19,0,0
BRDA:89,19,1,0
BRDA:89,20,0,0
BRDA:89,20,1,0
BRDA:90,21,0,0
BRDA:90,21,1,0
BRDA:98,22,0,0
BRDA:98,22,1,0
BRDA:104,23,0,0
BRDA:104,23,1,0
BRDA:105,24,0,0
BRDA:105,24,1,0
BRDA:111,25,0,0
BRDA:111,25,1,0
BRDA:114,26,0,0
BRDA:114,26,1,0
BRDA:115,27,0,0
BRDA:115,27,1,0
BRDA:116,28,0,0
BRDA:116,28,1,0
BRDA:117,29,0,0
BRDA:117,29,1,0
BRDA:118,30,0,0
BRDA:118,30,1,0
BRDA:119,31,0,0
BRDA:119,31,1,0
BRDA:120,32,0,0
BRDA:120,32,1,0
BRDA:120,33,0,0
BRDA:120,33,1,0
BRDA:122,34,0,0
BRDA:122,34,1,0
BRDA:123,35,0,0
BRDA:123,35,1,0
BRDA:125,36,0,0
BRDA:125,36,1,0
BRDA:125,36,2,0
BRDA:125,36,3,0
BRDA:129,37,0,0
BRDA:129,37,1,0
BRDA:131,38,0,0
BRDA:131,38,1,0
BRDA:135,39,0,0
BRDA:135,39,1,0
BRDA:136,40,0,0
BRDA:136,40,1,0
BRDA:140,41,0,0
BRDA:140,41,1,0
BRDA:140,42,0,0
BRDA:140,42,1,0
BRDA:147,43,0,0
BRDA:147,43,1,0
BRDA:162,44,0,0
BRDA:162,44,1,0
BRDA:172,45,0,0
BRDA:172,45,1,0
BRDA:193,46,0,0
BRDA:193,46,1,0
BRDA:194,47,0,0
BRDA:194,47,1,0
BRDA:201,48,0,0
BRDA:201,48,1,0
BRDA:202,49,0,0
BRDA:202,49,1,0
BRDA:228,50,0,0
BRDA:228,50,1,0
BRDA:228,51,0,0
BRDA:228,51,1,0
BRDA:230,52,0,0
BRDA:230,52,1,0
BRDA:235,53,0,0
BRDA:235,53,1,0
BRDA:241,54,0,0
BRDA:241,54,1,0
BRDA:242,55,0,0
BRDA:242,55,1,0
BRDA:243,56,0,0
BRDA:243,56,1,0
BRDA:251,57,0,0
BRDA:251,57,1,0
BRDA:253,58,0,0
BRDA:253,58,1,0
BRDA:253,59,0,0
BRDA:253,59,1,0
BRDA:259,60,0,0
BRDA:259,60,1,0
BRDA:263,61,0,0
BRDA:263,61,1,0
BRDA:263,62,0,0
BRDA:263,62,1,0
BRDA:267,63,0,0
BRDA:267,63,1,0
BRDA:268,64,0,0
BRDA:268,64,1,0
BRDA:274,65,0,0
BRDA:274,65,1,0
BRDA:275,66,0,0
BRDA:275,66,1,0
BRDA:277,67,0,0
BRDA:277,67,1,0
BRDA:277,68,0,0
BRDA:277,68,1,0
BRDA:278,69,0,0
BRDA:278,69,1,0
BRDA:290,70,0,0
BRDA:290,70,1,0
BRDA:300,71,0,0
BRDA:300,71,1,0
BRDA:302,72,0,0
BRDA:302,72,1,0
BRDA:305,73,0,0
BRDA:305,73,1,0
BRDA:318,74,0,0
BRDA:318,74,1,0
BRDA:329,75,0,0
BRDA:329,75,1,0
BRDA:339,76,0,0
BRDA:339,76,1,0
BRDA:342,77,0,0
BRDA:342,77,1,0
BRDA:343,78,0,0
BRDA:343,78,1,0
BRDA:344,79,0,0
BRDA:344,79,1,0
BRDA:345,80,0,0
BRDA:345,80,1,0
BRDA:355,81,0,0
BRDA:355,81,1,0
BRDA:355,82,0,0
BRDA:355,82,1,0
BRDA:358,83,0,0
BRDA:358,83,1,0
BRDA:361,84,0,0
BRDA:361,84,1,0
BRDA:367,85,0,0
BRDA:367,85,1,0
BRDA:368,86,0,0
BRDA:368,86,1,0
BRDA:371,87,0,0
BRDA:371,87,1,0
BRDA:377,88,0,0
BRDA:377,88,1,0
BRDA:385,89,0,0
BRDA:385,89,1,0
BRDA:391,90,0,0
BRDA:391,90,1,0
BRDA:395,91,0,0
BRDA:395,91,1,0
BRDA:404,92,0,0
BRDA:404,92,1,0
BRDA:405,93,0,0
BRDA:405,93,1,0
BRDA:406,94,0,0
BRDA:406,94,1,0
BRDA:409,95,0,0
BRDA:409,95,1,0
BRDA:410,96,0,0
BRDA:410,96,1,0
BRDA:418,97,0,0
BRDA:418,97,1,0
BRDA:433,98,0,0
BRDA:433,98,1,0
BRDA:433,98,2,0
BRDA:453,99,0,0
BRDA:453,99,1,0
BRDA:457,100,0,0
BRDA:457,100,1,0
BRDA:464,101,0,0
BRDA:464,101,1,0
BRDA:465,102,0,0
BRDA:465,102,1,0
BRDA:466,103,0,0
BRDA:466,103,1,0
BRDA:468,104,0,0
BRDA:468,104,1,0
BRDA:469,105,0,0
BRDA:469,105,1,0
BRDA:478,106,0,0
BRDA:478,106,1,0
BRDA:480,107,0,0
BRDA:480,107,1,0
BRDA:484,108,0,0
BRDA:484,108,1,0
BRDA:488,109,0,0
BRDA:488,109,1,0
BRDA:503,110,0,0
BRDA:503,110,1,0
BRDA:512,111,0,0
BRDA:512,111,1,0
BRDA:515,112,0,0
BRDA:515,112,1,0
BRDA:526,113,0,0
BRDA:526,113,1,0
BRDA:531,114,0,0
BRDA:531,114,1,0
BRDA:531,115,0,0
BRDA:531,115,1,0
BRDA:539,116,0,0
BRDA:539,116,1,0
BRDA:546,117,0,0
BRDA:546,117,1,0
BRDA:546,118,0,0
BRDA:546,118,1,0
BRDA:546,119,0,0
BRDA:546,119,1,0
BRDA:549,120,0,0
BRDA:549,120,1,0
BRDA:552,121,0,0
BRDA:552,121,1,0
BRDA:559,122,0,0
BRDA:559,122,1,0
BRDA:560,123,0,0
BRDA:560,123,1,0
BRDA:562,124,0,0
BRDA:562,124,1,0
BRDA:568,125,0,0
BRDA:568,125,1,0
BRDA:569,126,0,0
BRDA:569,126,1,0
BRDA:575,127,0,0
BRDA:575,127,1,0
BRDA:575,128,0,0
BRDA:575,128,1,0
BRDA:575,129,0,0
BRDA:575,129,1,0
BRDA:578,130,0,0
BRDA:578,130,1,0
BRDA:581,131,0,0
BRDA:581,131,1,0
BRDA:589,132,0,0
BRDA:589,132,1,0
BRDA:591,133,0,0
BRDA:591,133,1,0
BRDA:593,134,0,0
BRDA:593,134,1,0
BRDA:593,134,2,0
BRDA:593,134,3,0
BRDA:595,135,0,0
BRDA:595,135,1,0
BRDA:600,136,0,0
BRDA:600,136,1,0
BRDA:602,137,0,0
BRDA:602,137,1,0
BRDA:605,138,0,0
BRDA:605,138,1,0
BRDA:623,139,0,0
BRDA:623,139,1,0
BRDA:623,140,0,0
BRDA:623,140,1,0
BRDA:626,141,0,0
BRDA:626,141,1,0
BRDA:630,142,0,0
BRDA:630,142,1,0
BRDA:631,143,0,0
BRDA:631,143,1,0
BRDA:632,144,0,0
BRDA:632,144,1,0
BRDA:632,144,2,0
BRDA:632,144,3,0
BRDA:632,144,4,0
BRDA:632,144,5,0
BRDA:640,145,0,0
BRDA:640,145,1,0
BRDA:640,146,0,0
BRDA:640,146,1,0
BRDA:640,146,2,0
BRDA:640,146,3,0
BRDA:649,147,0,0
BRDA:649,147,1,0
BRDA:649,148,0,0
BRDA:649,148,1,0
BRDA:649,148,2,0
BRDA:650,149,0,0
BRDA:650,149,1,0
BRDA:653,150,0,0
BRDA:653,150,1,0
BRDA:654,151,0,0
BRDA:654,151,1,0
BRDA:661,152,0,0
BRDA:661,152,1,0
BRDA:661,152,2,0
BRDA:661,152,3,0
BRDA:665,153,0,0
BRDA:665,153,1,0
BRDA:665,153,2,0
BRDA:665,153,3,0
BRDA:666,154,0,0
BRDA:666,154,1,0
BRDA:670,155,0,0
BRDA:670,155,1,0
BRDA:674,156,0,0
BRDA:674,156,1,0
BRDA:680,157,0,0
BRDA:680,157,1,0
BRDA:685,158,0,0
BRDA:685,158,1,0
BRDA:685,159,0,0
BRDA:685,159,1,0
BRDA:686,160,0,0
BRDA:686,160,1,0
BRDA:686,161,0,0
BRDA:686,161,1,0
BRDA:693,162,0,2
BRDA:693,162,1,0
BRDA:694,163,0,9
BRDA:694,163,1,7
BRDA:694,163,2,6
BRDA:694,163,3,4
BRDA:694,163,4,4
BRDA:709,164,0,4
BRDA:709,164,1,0
BRDA:712,165,0,2
BRDA:712,165,1,0
BRDA:713,166,0,3
BRDA:713,166,1,3
BRDA:713,166,2,3
BRDA:713,166,3,3
BRDA:713,166,4,3
BRDA:727,167,0,12
BRDA:727,167,1,11
BRDA:727,167,2,11
BRDA:727,167,3,11
BRDA:727,167,4,11
BRF:363
BRH:18
end_of_record
TN:
SF:src/data/badges.js
FN:34,(anonymous_0)
FNF:1
FNH:0
FNDA:0,(anonymous_0)
DA:1,1
LF:1
LH:1
BRF:0
BRH:0
end_of_record
TN:
SF:src/data/firebaseConfig.js
FNF:0
FNH:0
DA:1,1
LF:1
LH:1
BRF:0
BRH:0
end_of_record
TN:
SF:src/data/generated_badge_conditions.js
FN:1,checkUnlock_SOAP_star_basic
FN:5,checkUnlock_accuracy_100
FN:9,checkUnlock_accuracy_90
FN:13,checkUnlock_accuracy_master
FN:17,checkUnlock_accuracy_pro
FN:21,checkUnlock_accuracy_pro_gold
FN:25,checkUnlock_accuracy_top_10_
FN:30,checkUnlock_anatomy_ace_arm
FN:34,checkUnlock_assessment_ace_1
FN:38,checkUnlock_badge_collector
FN:43,checkUnlock_badge_collector_2
FN:48,checkUnlock_badge_vault_complete
FN:53,checkUnlock_bone_baron_small
FN:57,checkUnlock_bookmarked
FN:62,checkUnlock_brain_boss_gold
FN:67,checkUnlock_breathe_easy_gold
FN:71,checkUnlock_chakra_alchemist
FN:76,checkUnlock_chakra_alchemist_2
FN:80,checkUnlock_chakra_alchemist_open
FN:85,checkUnlock_chakra_alchemist_pots
FN:89,checkUnlock_client_whisperer
FN:93,checkUnlock_comeback_kid
FN:97,checkUnlock_core_control
FN:101,checkUnlock_core_control_gold
FN:105,checkUnlock_crammer_hammer
FN:109,checkUnlock_cranial_champion
FN:113,checkUnlock_cranial_champion_2
FN:117,checkUnlock_deep_tissue_devotee
FN:121,checkUnlock_digestive_dynamo
FN:126,checkUnlock_fascial_flowmaster
FN:130,checkUnlock_fast_learner
FN:135,checkUnlock_first_quiz
FN:139,checkUnlock_first_steps
FN:143,checkUnlock_foot_focus
FN:147,checkUnlock_heart_throb_gold
FN:151,checkUnlock_heart_throb
FN:155,checkUnlock_lower_limb_legend_basic
FN:159,checkUnlock_lymphatic_legend
FN:163,checkUnlock_massage_maverick_chakras
FN:168,checkUnlock_meridian_mapper
FN:172,checkUnlock_modality_monarch_gold
FN:176,checkUnlock_muscle_monarch
FN:180,checkUnlock_myofascial_maestro_chest
FN:184,checkUnlock_myofascial_maestro_fascia
FN:188,checkUnlock_nerve_navigator
FN:192,checkUnlock_neuro_dominator
FN:196,checkUnlock_palpation_pro
FN:200,checkUnlock_palpation_pro_2
FN:205,checkUnlock_pathology_adept
FN:209,checkUnlock_pathology_adept_3
FN:213,checkUnlock_pathology_apprentice
FN:217,checkUnlock_pathology_pro
FN:221,checkUnlock_perfect_run
FN:226,checkUnlock_qi_flow_facilitator
FN:230,checkUnlock_quiz_thousand_club
FN:234,checkUnlock_reflexology_regent
FN:238,checkUnlock_sanitation_specialist
FN:242,checkUnlock_shiatsu_sensei
FN:246,checkUnlock_skeletal_scholar
FN:251,checkUnlock_spinal_elite
FN:255,checkUnlock_sports_recovery_ace_ice
FN:259,checkUnlock_streak_day_3
FN:263,checkUnlock_streak_day_7
FN:267,checkUnlock_streak_3
FN:271,checkUnlock_streak_5
FN:275,checkUnlock_streak_10
FN:279,checkUnlock_streak_20
FN:283,checkUnlock_streak_50
FN:287,checkUnlock_streak_100
FN:291,checkUnlock_streak_200
FN:295,checkUnlock_streak_500
FN:299,checkUnlock_streak_3x5
FN:303,checkUnlock_streak_10x3
FN:307,checkUnlock_streak_20x3
FN:311,checkUnlock_streak_50x2
FN:315,checkUnlock_stretch_specialist_2
FN:320,checkUnlock_stretch_specialist
FN:325,checkUnlock_summary
FN:330,checkUnlock_swedish_specialist
FN:335,checkUnlock_swedish_specialist_basic
FN:340,checkUnlock_swedish_specialist_pro
FN:345,checkUnlock_therapeutic_titan_1
FN:350,checkUnlock_therapeutic_titan_2
FN:355,checkUnlock_thorax_titan
FN:360,checkUnlock_thorax_titan_2
FN:365,checkUnlock_treatment_strategist_pink
FN:370,checkUnlock_treatment_strategist_purple
FN:375,checkUnlock_treatment_tactician
FN:380,checkUnlock_trigger_champ
FN:385,checkUnlock_ultimate_anatomy
FN:390,checkUnlock_vital_volume
FN:395,checkUnlock_welcome
FNF:92
FNH:0
FNDA:0,checkUnlock_SOAP_star_basic
FNDA:0,checkUnlock_accuracy_100
FNDA:0,checkUnlock_accuracy_90
FNDA:0,checkUnlock_accuracy_master
FNDA:0,checkUnlock_accuracy_pro
FNDA:0,checkUnlock_accuracy_pro_gold
FNDA:0,checkUnlock_accuracy_top_10_
FNDA:0,checkUnlock_anatomy_ace_arm
FNDA:0,checkUnlock_assessment_ace_1
FNDA:0,checkUnlock_badge_collector
FNDA:0,checkUnlock_badge_collector_2
FNDA:0,checkUnlock_badge_vault_complete
FNDA:0,checkUnlock_bone_baron_small
FNDA:0,checkUnlock_bookmarked
FNDA:0,checkUnlock_brain_boss_gold
FNDA:0,checkUnlock_breathe_easy_gold
FNDA:0,checkUnlock_chakra_alchemist
FNDA:0,checkUnlock_chakra_alchemist_2
FNDA:0,checkUnlock_chakra_alchemist_open
FNDA:0,checkUnlock_chakra_alchemist_pots
FNDA:0,checkUnlock_client_whisperer
FNDA:0,checkUnlock_comeback_kid
FNDA:0,checkUnlock_core_control
FNDA:0,checkUnlock_core_control_gold
FNDA:0,checkUnlock_crammer_hammer
FNDA:0,checkUnlock_cranial_champion
FNDA:0,checkUnlock_cranial_champion_2
FNDA:0,checkUnlock_deep_tissue_devotee
FNDA:0,checkUnlock_digestive_dynamo
FNDA:0,checkUnlock_fascial_flowmaster
FNDA:0,checkUnlock_fast_learner
FNDA:0,checkUnlock_first_quiz
FNDA:0,checkUnlock_first_steps
FNDA:0,checkUnlock_foot_focus
FNDA:0,checkUnlock_heart_throb_gold
FNDA:0,checkUnlock_heart_throb
FNDA:0,checkUnlock_lower_limb_legend_basic
FNDA:0,checkUnlock_lymphatic_legend
FNDA:0,checkUnlock_massage_maverick_chakras
FNDA:0,checkUnlock_meridian_mapper
FNDA:0,checkUnlock_modality_monarch_gold
FNDA:0,checkUnlock_muscle_monarch
FNDA:0,checkUnlock_myofascial_maestro_chest
FNDA:0,checkUnlock_myofascial_maestro_fascia
FNDA:0,checkUnlock_nerve_navigator
FNDA:0,checkUnlock_neuro_dominator
FNDA:0,checkUnlock_palpation_pro
FNDA:0,checkUnlock_palpation_pro_2
FNDA:0,checkUnlock_pathology_adept
FNDA:0,checkUnlock_pathology_adept_3
FNDA:0,checkUnlock_pathology_apprentice
FNDA:0,checkUnlock_pathology_pro
FNDA:0,checkUnlock_perfect_run
FNDA:0,checkUnlock_qi_flow_facilitator
FNDA:0,checkUnlock_quiz_thousand_club
FNDA:0,checkUnlock_reflexology_regent
FNDA:0,checkUnlock_sanitation_specialist
FNDA:0,checkUnlock_shiatsu_sensei
FNDA:0,checkUnlock_skeletal_scholar
FNDA:0,checkUnlock_spinal_elite
FNDA:0,checkUnlock_sports_recovery_ace_ice
FNDA:0,checkUnlock_streak_day_3
FNDA:0,checkUnlock_streak_day_7
FNDA:0,checkUnlock_streak_3
FNDA:0,checkUnlock_streak_5
FNDA:0,checkUnlock_streak_10
FNDA:0,checkUnlock_streak_20
FNDA:0,checkUnlock_streak_50
FNDA:0,checkUnlock_streak_100
FNDA:0,checkUnlock_streak_200
FNDA:0,checkUnlock_streak_500
FNDA:0,checkUnlock_streak_3x5
FNDA:0,checkUnlock_streak_10x3
FNDA:0,checkUnlock_streak_20x3
FNDA:0,checkUnlock_streak_50x2
FNDA:0,checkUnlock_stretch_specialist_2
FNDA:0,checkUnlock_stretch_specialist
FNDA:0,checkUnlock_summary
FNDA:0,checkUnlock_swedish_specialist
FNDA:0,checkUnlock_swedish_specialist_basic
FNDA:0,checkUnlock_swedish_specialist_pro
FNDA:0,checkUnlock_therapeutic_titan_1
FNDA:0,checkUnlock_therapeutic_titan_2
FNDA:0,checkUnlock_thorax_titan
FNDA:0,checkUnlock_thorax_titan_2
FNDA:0,checkUnlock_treatment_strategist_pink
FNDA:0,checkUnlock_treatment_strategist_purple
FNDA:0,checkUnlock_treatment_tactician
FNDA:0,checkUnlock_trigger_champ
FNDA:0,checkUnlock_ultimate_anatomy
FNDA:0,checkUnlock_vital_volume
FNDA:0,checkUnlock_welcome
DA:2,0
DA:6,0
DA:10,0
DA:14,0
DA:18,0
DA:22,0
DA:27,0
DA:31,0
DA:35,0
DA:40,0
DA:45,0
DA:50,0
DA:54,0
DA:59,0
DA:64,0
DA:68,0
DA:73,0
DA:77,0
DA:82,0
DA:86,0
DA:90,0
DA:94,0
DA:98,0
DA:102,0
DA:106,0
DA:110,0
DA:114,0
DA:118,0
DA:123,0
DA:127,0
DA:132,0
DA:136,0
DA:140,0
DA:144,0
DA:148,0
DA:152,0
DA:156,0
DA:160,0
DA:165,0
DA:169,0
DA:173,0
DA:177,0
DA:181,0
DA:185,0
DA:189,0
DA:193,0
DA:197,0
DA:202,0
DA:206,0
DA:210,0
DA:214,0
DA:218,0
DA:223,0
DA:227,0
DA:231,0
DA:235,0
DA:239,0
DA:243,0
DA:248,0
DA:252,0
DA:256,0
DA:260,0
DA:264,0
DA:268,0
DA:272,0
DA:276,0
DA:280,0
DA:284,0
DA:288,0
DA:292,0
DA:296,0
DA:300,0
DA:304,0
DA:308,0
DA:312,0
DA:317,0
DA:322,0
DA:327,0
DA:332,0
DA:337,0
DA:342,0
DA:347,0
DA:352,0
DA:357,0
DA:362,0
DA:367,0
DA:372,0
DA:377,0
DA:382,0
DA:387,0
DA:392,0
DA:397,0
LF:92
LH:0
BRDA:6,0,0,0
BRDA:6,0,1,0
BRDA:10,1,0,0
BRDA:10,1,1,0
BRDA:14,2,0,0
BRDA:14,2,1,0
BRDA:102,3,0,0
BRDA:102,3,1,0
BRF:8
BRH:0
end_of_record
TN:
SF:src/firebase/indexFirebase.js
FN:13,(anonymous_0)
FNF:1
FNH:1
FNDA:1,(anonymous_0)
DA:7,1
DA:8,1
DA:9,1
DA:11,1
DA:12,1
DA:13,1
DA:14,1
DA:15,0
DA:16,0
DA:18,1
LF:10
LH:8
BRDA:12,0,0,1
BRDA:12,0,1,0
BRDA:14,1,0,0
BRDA:14,1,1,1
BRF:4
BRH:2
end_of_record
TN:
SF:src/utils/badges.js
FN:4,getBadgeIconPath
FN:14,checkBadges
FNF:2
FNH:0
FNDA:0,getBadgeIconPath
FNDA:0,checkBadges
DA:6,0
DA:7,0
DA:8,0
DA:10,0
DA:11,0
DA:15,0
DA:16,0
DA:17,0
DA:18,0
DA:19,0
DA:20,0
DA:22,0
DA:26,0
LF:13
LH:0
BRDA:6,0,0,0
BRDA:6,0,1,0
BRDA:8,1,0,0
BRDA:8,1,1,0
BRDA:10,2,0,0
BRDA:10,2,1,0
BRDA:10,3,0,0
BRDA:10,3,1,0
BRDA:10,3,2,0
BRDA:18,4,0,0
BRDA:18,4,1,0
BRDA:20,5,0,0
BRDA:20,5,1,0
BRF:13
BRH:0
end_of_record
TN:
SF:src/utils/index.js
FN:5,shuffle
FN:16,prettifyName
FN:30,(anonymous_2)
FN:35,formatTopicName
FN:37,(anonymous_4)
FN:40,getSmartRecommendation
FNF:6
FNH:0
FNDA:0,shuffle
FNDA:0,prettifyName
FNDA:0,(anonymous_2)
FNDA:0,formatTopicName
FNDA:0,(anonymous_4)
FNDA:0,getSmartRecommendation
DA:3,1
DA:6,0
DA:7,0
DA:8,0
DA:9,0
DA:10,0
DA:11,0
DA:13,0
DA:17,0
DA:18,0
DA:24,0
DA:28,0
DA:29,0
DA:30,0
DA:31,0
DA:36,0
DA:37,0
DA:41,0
LF:18
LH:1
BRDA:17,0,0,0
BRDA:17,0,1,0
BRDA:29,1,0,0
BRDA:29,1,1,0
BRDA:31,2,0,0
BRDA:31,2,1,0
BRDA:36,3,0,0
BRDA:36,3,1,0
BRF:8
BRH:0
end_of_record
TN:
SF:src/utils/storage.js
FN:4,saveUserData
FN:7,loadUserData
FN:10,saveStats
FN:13,loadStats
FN:16,saveQuizResult
FN:19,updateQuestionMeta
FN:21,(anonymous_6)
FN:31,getMasteredQuestionIds
FN:32,(anonymous_8)
FN:32,(anonymous_9)
FN:35,saveQuestionsToLocalStorage
FN:40,loadQuestionsFromLocalStorage
FN:45,fetchQuestionsFromLocalStorage
FN:56,saveCompressedToLocalStorage
FN:61,loadCompressedFromLocalStorage
FN:69,saveProgressLocally
FN:78,setupOfflineProgressSync
FN:79,(anonymous_17)
FNF:18
FNH:0
FNDA:0,saveUserData
FNDA:0,loadUserData
FNDA:0,saveStats
FNDA:0,loadStats
FNDA:0,saveQuizResult
FNDA:0,updateQuestionMeta
FNDA:0,(anonymous_6)
FNDA:0,getMasteredQuestionIds
FNDA:0,(anonymous_8)
FNDA:0,(anonymous_9)
FNDA:0,saveQuestionsToLocalStorage
FNDA:0,loadQuestionsFromLocalStorage
FNDA:0,fetchQuestionsFromLocalStorage
FNDA:0,saveCompressedToLocalStorage
FNDA:0,loadCompressedFromLocalStorage
FNDA:0,saveProgressLocally
FNDA:0,setupOfflineProgressSync
FNDA:0,(anonymous_17)
DA:5,0
DA:8,0
DA:11,0
DA:14,0
DA:17,0
DA:20,0
DA:21,0
DA:22,0
DA:23,0
DA:24,0
DA:25,0
DA:26,0
DA:28,0
DA:32,0
DA:36,0
DA:37,0
DA:41,0
DA:42,0
DA:46,0
DA:47,0
DA:48,0
DA:49,0
DA:51,0
DA:52,0
DA:57,0
DA:58,0
DA:62,0
DA:63,0
DA:70,0
DA:71,0
DA:72,0
DA:79,0
DA:80,0
DA:81,0
DA:82,0
DA:84,0
LF:36
LH:0
BRDA:8,0,0,0
BRDA:8,0,1,0
BRDA:14,1,0,0
BRDA:14,1,1,0
BRDA:20,2,0,0
BRDA:20,2,1,0
BRDA:22,3,0,0
BRDA:22,3,1,0
BRDA:23,4,0,0
BRDA:23,4,1,0
BRDA:24,5,0,0
BRDA:24,5,1,0
BRDA:25,6,0,0
BRDA:25,6,1,0
BRDA:26,7,0,0
BRDA:26,7,1,0
BRDA:31,8,0,0
BRDA:42,9,0,0
BRDA:42,9,1,0
BRDA:63,10,0,0
BRDA:63,10,1,0
BRDA:70,11,0,0
BRDA:70,11,1,0
BRDA:80,12,0,0
BRDA:80,12,1,0
BRF:25
BRH:0
end_of_record
