TN:
SF:src/components/BadgeCard.jsx
FN:6,BadgeCard
FN:19,(anonymous_1)
FN:24,(anonymous_2)
FNF:3
FNH:3
FNDA:13,BadgeCard
FNDA:1,(anonymous_1)
FNDA:1,(anonymous_2)
DA:6,2
DA:7,13
DA:20,1
DA:21,1
DA:24,1
DA:41,2
LF:6
LH:6
BRDA:11,0,0,13
BRDA:11,0,1,0
BRDA:12,1,0,12
BRDA:12,1,1,1
BRDA:14,2,0,12
BRDA:14,2,1,1
BRDA:17,3,0,12
BRDA:17,3,1,1
BRDA:20,4,0,1
BRDA:20,4,1,0
BRDA:20,5,0,1
BRDA:20,5,1,0
BRDA:21,6,0,1
BRDA:21,6,1,1
BRDA:24,7,0,1
BRDA:24,7,1,1
BRDA:26,8,0,13
BRDA:26,8,1,0
BRDA:26,8,2,0
BRDA:29,9,0,13
BRDA:29,9,1,0
BRDA:29,9,2,0
BRDA:30,10,0,13
BRDA:30,10,1,0
BRDA:34,11,0,13
BRDA:34,11,1,0
BRDA:35,12,0,12
BRDA:35,12,1,1
BRDA:36,13,0,13
BRDA:36,13,1,0
BRF:30
BRH:20
end_of_record
TN:
SF:src/components/BadgeDetailsModal.jsx
FN:3,BadgeDetailsModal
FN:6,(anonymous_1)
FN:13,handleKey
FN:28,(anonymous_3)
FN:29,(anonymous_4)
FN:70,(anonymous_5)
FNF:6
FNH:6
FNDA:6,BadgeDetailsModal
FNDA:6,(anonymous_1)
FNDA:1,handleKey
FNDA:6,(anonymous_3)
FNDA:6,(anonymous_4)
FNDA:1,(anonymous_5)
DA:4,6
DA:6,6
DA:7,6
DA:8,6
DA:11,6
DA:12,6
DA:14,1
DA:15,1
DA:16,1
DA:17,0
DA:18,0
DA:19,0
DA:20,0
DA:21,0
DA:22,0
DA:23,0
DA:27,6
DA:28,6
DA:29,6
DA:33,6
DA:34,6
DA:35,1
DA:54,5
DA:70,1
LF:24
LH:17
BRDA:7,0,0,0
BRDA:7,0,1,6
BRDA:14,1,0,1
BRDA:14,1,1,0
BRDA:16,2,0,1
BRDA:16,2,1,1
BRDA:17,3,0,0
BRDA:17,3,1,0
BRDA:17,4,0,0
BRDA:17,4,1,0
BRDA:17,4,2,0
BRDA:18,5,0,0
BRDA:18,5,1,0
BRDA:18,6,0,0
BRDA:18,6,1,0
BRDA:21,7,0,0
BRDA:21,7,1,0
BRDA:21,8,0,0
BRDA:21,8,1,0
BRDA:33,9,0,0
BRDA:33,9,1,6
BRDA:34,10,0,1
BRDA:34,10,1,5
BRDA:34,11,0,6
BRDA:34,11,1,5
BRDA:80,12,0,5
BRDA:80,12,1,0
BRDA:82,13,0,5
BRDA:82,13,1,0
BRDA:82,13,2,0
BRDA:83,14,0,5
BRDA:83,14,1,0
BRDA:87,15,0,5
BRDA:87,15,1,0
BRDA:88,16,0,5
BRDA:88,16,1,0
BRDA:89,17,0,5
BRDA:89,17,1,0
BRF:38
BRH:15
end_of_record
TN:
SF:src/components/ErrorBoundary.jsx
FN:5,logErrorToFirebase
FN:24,(anonymous_1)
FN:32,(anonymous_2)
FN:36,(anonymous_3)
FN:45,(anonymous_4)
FN:50,(anonymous_5)
FN:58,(anonymous_6)
FN:62,(anonymous_7)
FN:81,(anonymous_8)
FN:85,(anonymous_9)
FN:112,(anonymous_10)
FNF:11
FNH:7
FNDA:1,logErrorToFirebase
FNDA:4,(anonymous_1)
FNDA:2,(anonymous_2)
FNDA:1,(anonymous_3)
FNDA:1,(anonymous_4)
FNDA:0,(anonymous_5)
FNDA:0,(anonymous_6)
FNDA:0,(anonymous_7)
FNDA:0,(anonymous_8)
FNDA:6,(anonymous_9)
FNDA:2,(anonymous_10)
DA:6,1
DA:7,1
DA:8,0
DA:17,1
DA:18,1
DA:25,4
DA:26,3
DA:27,3
DA:28,3
DA:29,3
DA:33,2
DA:37,1
DA:38,1
DA:39,1
DA:40,1
DA:42,1
DA:46,1
DA:48,0
DA:49,0
DA:50,0
DA:51,0
DA:54,0
DA:59,0
DA:63,0
DA:64,0
DA:66,0
DA:67,0
DA:68,0
DA:74,0
DA:77,0
DA:82,0
DA:86,6
DA:87,3
DA:88,0
DA:101,3
DA:102,0
DA:104,3
DA:111,3
DA:112,2
LF:39
LH:22
BRDA:17,0,0,1
BRDA:17,0,1,0
BRDA:18,1,0,1
BRDA:18,1,1,0
BRDA:18,1,2,0
BRDA:38,2,0,0
BRDA:38,2,1,1
BRDA:39,3,0,1
BRDA:39,3,1,0
BRDA:40,4,0,1
BRDA:40,4,1,0
BRDA:40,4,2,0
BRDA:46,5,0,0
BRDA:46,5,1,1
BRDA:46,6,0,1
BRDA:46,6,1,1
BRDA:48,7,0,0
BRDA:48,7,1,0
BRDA:51,8,0,0
BRDA:51,8,1,0
BRDA:86,9,0,3
BRDA:86,9,1,3
BRDA:87,10,0,0
BRDA:87,10,1,3
BRDA:101,11,0,0
BRDA:101,11,1,3
BRF:26
BRH:12
end_of_record
TN:
SF:src/data/firebaseConfig.js
FNF:0
FNH:0
DA:1,2
LF:1
LH:1
BRF:0
BRH:0
end_of_record
TN:
SF:src/firebase/indexFirebase.js
FN:13,(anonymous_0)
FNF:1
FNH:1
FNDA:2,(anonymous_0)
DA:7,2
DA:8,2
DA:9,2
DA:11,2
DA:12,2
DA:13,2
DA:14,2
DA:15,0
DA:16,0
DA:18,2
LF:10
LH:8
BRDA:12,0,0,2
BRDA:12,0,1,0
BRDA:14,1,0,0
BRDA:14,1,1,2
BRF:4
BRH:2
end_of_record
TN:
SF:src/utils/badgeHelpers.js
FN:5,getAllBadges
FN:11,getBadgeIconPath
FNF:2
FNH:1
FNDA:0,getAllBadges
FNDA:13,getBadgeIconPath
DA:7,0
DA:8,0
DA:12,13
DA:13,13
DA:14,13
DA:15,13
DA:16,13
DA:18,13
DA:19,0
DA:22,13
DA:23,13
LF:11
LH:8
BRDA:8,0,0,0
BRDA:8,0,1,0
BRDA:12,1,0,0
BRDA:12,1,1,13
BRDA:13,2,0,13
BRDA:13,2,1,13
BRDA:14,3,0,0
BRDA:14,3,1,13
BRDA:16,4,0,13
BRDA:16,4,1,0
BRDA:18,5,0,0
BRDA:18,5,1,13
BRDA:18,6,0,13
BRDA:18,6,1,13
BRDA:22,7,0,0
BRDA:22,7,1,13
BRDA:22,8,0,13
BRDA:22,8,1,13
BRDA:22,8,2,13
BRF:19
BRH:12
end_of_record
TN:
SF:src/utils/index.js
FN:5,shuffle
FN:16,prettifyName
FN:30,(anonymous_2)
FN:35,formatTopicName
FN:37,(anonymous_4)
FN:40,getSmartRecommendation
FN:45,getAccuracyPerTopic
FN:65,getMostErroredQuestions
FN:70,(anonymous_8)
FN:72,(anonymous_9)
FN:74,(anonymous_10)
FN:78,getTopicMastery
FN:80,(anonymous_12)
FNF:13
FNH:12
FNDA:0,shuffle
FNDA:2,prettifyName
FNDA:2,(anonymous_2)
FNDA:2,formatTopicName
FNDA:3,(anonymous_4)
FNDA:1,getSmartRecommendation
FNDA:1,getAccuracyPerTopic
FNDA:1,getMostErroredQuestions
FNDA:3,(anonymous_8)
FNDA:3,(anonymous_9)
FNDA:3,(anonymous_10)
FNDA:1,getTopicMastery
FNDA:3,(anonymous_12)
DA:3,2
DA:6,0
DA:7,0
DA:8,0
DA:9,0
DA:10,0
DA:11,0
DA:13,0
DA:17,2
DA:18,2
DA:24,2
DA:28,2
DA:29,2
DA:30,1
DA:31,2
DA:36,2
DA:37,3
DA:41,1
DA:46,1
DA:47,1
DA:48,3
DA:49,3
DA:50,3
DA:51,3
DA:52,3
DA:54,1
DA:55,2
DA:56,2
DA:57,2
DA:58,2
DA:59,2
DA:61,1
DA:66,1
DA:67,1
DA:68,1
DA:70,3
DA:72,3
DA:74,3
DA:79,1
DA:80,1
DA:81,3
DA:82,3
DA:83,2
DA:85,3
DA:86,3
DA:87,3
DA:89,1
LF:47
LH:40
BRDA:17,0,0,0
BRDA:17,0,1,2
BRDA:29,1,0,1
BRDA:29,1,1,1
BRDA:31,2,0,2
BRDA:31,2,1,2
BRDA:36,3,0,0
BRDA:36,3,1,2
BRDA:45,4,0,0
BRDA:49,5,0,0
BRDA:49,5,1,3
BRDA:50,6,0,2
BRDA:50,6,1,1
BRDA:51,7,0,3
BRDA:51,7,1,0
BRDA:52,8,0,3
BRDA:52,8,1,1
BRDA:58,9,0,2
BRDA:58,9,1,0
BRDA:65,10,0,0
BRDA:65,11,0,0
BRDA:68,12,0,1
BRDA:68,12,1,0
BRDA:68,13,0,1
BRDA:68,13,1,0
BRDA:72,14,0,3
BRDA:72,14,1,0
BRDA:78,15,0,0
BRDA:81,16,0,0
BRDA:81,16,1,3
BRDA:82,17,0,2
BRDA:82,17,1,1
BRDA:85,18,0,3
BRDA:85,18,1,0
BRDA:86,19,0,3
BRDA:86,19,1,1
BRDA:87,20,0,3
BRDA:87,20,1,0
BRDA:87,21,0,3
BRDA:87,21,1,1
BRF:40
BRH:25
end_of_record
TN:
SF:src/utils/mapUserBadgesToObjects.js
FN:10,mapUserBadgesToObjects
FN:12,(anonymous_1)
FNF:2
FNH:2
FNDA:4,mapUserBadgesToObjects
FNDA:6,(anonymous_1)
DA:11,4
DA:12,6
LF:2
LH:2
BRDA:11,0,0,2
BRDA:11,0,1,2
BRDA:11,1,0,4
BRDA:11,1,1,3
BRF:4
BRH:4
end_of_record
TN:
SF:src/utils/usePersistentState.js
FN:4,usePersistentState
FN:5,(anonymous_1)
FN:14,(anonymous_2)
FNF:3
FNH:3
FNDA:4,usePersistentState
FNDA:3,(anonymous_1)
FNDA:4,(anonymous_2)
DA:5,4
DA:6,3
DA:7,3
DA:8,3
DA:10,0
DA:14,4
DA:15,4
DA:16,4
DA:20,4
LF:9
LH:8
BRDA:8,0,0,1
BRDA:8,0,1,2
BRF:2
BRH:2
end_of_record
